[1.337s] Invoking command in '/home/hwan/ros2_learn_2/src/ridar': PYTHONPATH=/home/hwan/ros2_learn_2/build/ridar/prefix_override:/usr/lib/python3/dist-packages/colcon_core/task/python/colcon_distutils_commands:/home/hwan/ros2_learn_2/install/ridar/lib/python3.8/site-packages:${PYTHONPATH} /usr/bin/python3 -W ignore:setup.py install is deprecated -W ignore:easy_install command is deprecated setup.py egg_info --egg-base ../../build/ridar build --build-base /home/hwan/ros2_learn_2/build/ridar/build install --record /home/hwan/ros2_learn_2/build/ridar/install.log --install-scripts $base/lib/ridar --single-version-externally-managed install_data
[1.694s] running egg_info
[1.696s] writing ../../build/ridar/ridar.egg-info/PKG-INFO
[1.697s] writing dependency_links to ../../build/ridar/ridar.egg-info/dependency_links.txt
[1.698s] writing entry points to ../../build/ridar/ridar.egg-info/entry_points.txt
[1.698s] writing requirements to ../../build/ridar/ridar.egg-info/requires.txt
[1.699s] writing top-level names to ../../build/ridar/ridar.egg-info/top_level.txt
[1.757s] reading manifest file '../../build/ridar/ridar.egg-info/SOURCES.txt'
[1.760s] writing manifest file '../../build/ridar/ridar.egg-info/SOURCES.txt'
[1.761s] running build
[1.762s] running build_py
[1.763s] running install
[1.766s] running install_lib
[1.768s] running install_data
[1.770s] running install_egg_info
[1.773s] removing '/home/hwan/ros2_learn_2/install/ridar/lib/python3.8/site-packages/ridar-0.0.0-py3.8.egg-info' (and everything under it)
[1.777s] Copying ../../build/ridar/ridar.egg-info to /home/hwan/ros2_learn_2/install/ridar/lib/python3.8/site-packages/ridar-0.0.0-py3.8.egg-info
[1.778s] running install_scripts
[1.805s] writing list of installed files to '/home/hwan/ros2_learn_2/build/ridar/install.log'
[1.842s] Invoked command in '/home/hwan/ros2_learn_2/src/ridar' returned '0': PYTHONPATH=/home/hwan/ros2_learn_2/build/ridar/prefix_override:/usr/lib/python3/dist-packages/colcon_core/task/python/colcon_distutils_commands:/home/hwan/ros2_learn_2/install/ridar/lib/python3.8/site-packages:${PYTHONPATH} /usr/bin/python3 -W ignore:setup.py install is deprecated -W ignore:easy_install command is deprecated setup.py egg_info --egg-base ../../build/ridar build --build-base /home/hwan/ros2_learn_2/build/ridar/build install --record /home/hwan/ros2_learn_2/build/ridar/install.log --install-scripts $base/lib/ridar --single-version-externally-managed install_data
