[0.508s] Invoking command in '/home/hwan/ros2_learn_2/src/ridar': PYTHONPATH=/home/hwan/ros2_learn_2/build/ridar/prefix_override:/usr/lib/python3/dist-packages/colcon_core/task/python/colcon_distutils_commands:/home/hwan/ros2_learn_2/install/ridar/lib/python3.8/site-packages:${PYTHONPATH} /usr/bin/python3 -W ignore:setup.py install is deprecated -W ignore:easy_install command is deprecated setup.py egg_info --egg-base ../../build/ridar build --build-base /home/hwan/ros2_learn_2/build/ridar/build install --record /home/hwan/ros2_learn_2/build/ridar/install.log --install-scripts $base/lib/ridar --single-version-externally-managed install_data
[0.678s] running egg_info
[0.679s] writing ../../build/ridar/ridar.egg-info/PKG-INFO
[0.680s] writing dependency_links to ../../build/ridar/ridar.egg-info/dependency_links.txt
[0.680s] writing entry points to ../../build/ridar/ridar.egg-info/entry_points.txt
[0.680s] writing requirements to ../../build/ridar/ridar.egg-info/requires.txt
[0.681s] writing top-level names to ../../build/ridar/ridar.egg-info/top_level.txt
[0.706s] reading manifest file '../../build/ridar/ridar.egg-info/SOURCES.txt'
[0.707s] writing manifest file '../../build/ridar/ridar.egg-info/SOURCES.txt'
[0.707s] running build
[0.707s] running build_py
[0.708s] running install
[0.708s] running install_lib
[0.710s] running install_data
[0.711s] copying urdf/my_robot.xacro -> /home/hwan/ros2_learn_2/install/ridar/share/ridar/urdf
[0.711s] running install_egg_info
[0.714s] removing '/home/hwan/ros2_learn_2/install/ridar/lib/python3.8/site-packages/ridar-0.0.0-py3.8.egg-info' (and everything under it)
[0.714s] Copying ../../build/ridar/ridar.egg-info to /home/hwan/ros2_learn_2/install/ridar/lib/python3.8/site-packages/ridar-0.0.0-py3.8.egg-info
[0.714s] running install_scripts
[0.728s] writing list of installed files to '/home/hwan/ros2_learn_2/build/ridar/install.log'
[0.744s] Invoked command in '/home/hwan/ros2_learn_2/src/ridar' returned '0': PYTHONPATH=/home/hwan/ros2_learn_2/build/ridar/prefix_override:/usr/lib/python3/dist-packages/colcon_core/task/python/colcon_distutils_commands:/home/hwan/ros2_learn_2/install/ridar/lib/python3.8/site-packages:${PYTHONPATH} /usr/bin/python3 -W ignore:setup.py install is deprecated -W ignore:easy_install command is deprecated setup.py egg_info --egg-base ../../build/ridar build --build-base /home/hwan/ros2_learn_2/build/ridar/build install --record /home/hwan/ros2_learn_2/build/ridar/install.log --install-scripts $base/lib/ridar --single-version-externally-managed install_data
