[1.052s] DEBUG:colcon:Command line arguments: ['/usr/bin/colcon', 'build', '--packages-select', 'gazebo_tutorial']
[1.055s] DEBUG:colcon:Parsed command line arguments: Namespace(log_base=None, log_level=None, verb_name='build', build_base='build', install_base='install', merge_install=False, symlink_install=False, test_result_base=None, continue_on_error=False, executor='parallel', parallel_workers=2, event_handlers=None, ignore_user_meta=False, metas=['./colcon.meta'], base_paths=['.'], packages_ignore=None, packages_ignore_regex=None, paths=None, packages_up_to=None, packages_up_to_regex=None, packages_above=None, packages_above_and_dependencies=None, packages_above_depth=None, packages_select_by_dep=None, packages_skip_by_dep=None, packages_skip_up_to=None, packages_select_build_failed=False, packages_skip_build_finished=False, packages_select_test_failures=False, packages_skip_test_passed=False, packages_select=['gazebo_tutorial'], packages_skip=None, packages_select_regex=None, packages_skip_regex=None, packages_start=None, packages_end=None, allow_overriding=[], cmake_args=None, cmake_target=None, cmake_target_skip_unavailable=False, cmake_clean_cache=False, cmake_clean_first=False, cmake_force_configure=False, ament_cmake_args=None, catkin_cmake_args=None, catkin_skip_building_tests=False, mixin_files=None, mixin=None, verb_parser=<colcon_mixin.mixin.mixin_argument.MixinArgumentDecorator object at 0x7515e181a980>, verb_extension=<colcon_core.verb.build.BuildVerb object at 0x7515e17e0430>, main=<bound method BuildVerb.main of <colcon_core.verb.build.BuildVerb object at 0x7515e17e0430>>, mixin_verb=('build',))
[2.805s] Level 1:colcon.colcon_core.package_discovery:discover_packages(colcon_meta) check parameters
[2.806s] Level 1:colcon.colcon_core.package_discovery:discover_packages(recursive) check parameters
[2.806s] Level 1:colcon.colcon_core.package_discovery:discover_packages(ignore) check parameters
[2.806s] Level 1:colcon.colcon_core.package_discovery:discover_packages(path) check parameters
[2.806s] Level 1:colcon.colcon_core.package_discovery:discover_packages(colcon_meta) discover
[2.806s] Level 1:colcon.colcon_core.package_discovery:discover_packages(recursive) discover
[2.806s] INFO:colcon.colcon_core.package_discovery:Crawling recursively for packages in '/home/kisangpark/ros2_ws'
[2.808s] Level 1:colcon.colcon_core.package_identification:_identify(.) by extensions ['ignore', 'ignore_ament_install']
[2.809s] Level 1:colcon.colcon_core.package_identification:_identify(.) by extension 'ignore'
[2.809s] Level 1:colcon.colcon_core.package_identification:_identify(.) by extension 'ignore_ament_install'
[2.809s] Level 1:colcon.colcon_core.package_identification:_identify(.) by extensions ['colcon_pkg']
[2.810s] Level 1:colcon.colcon_core.package_identification:_identify(.) by extension 'colcon_pkg'
[2.810s] Level 1:colcon.colcon_core.package_identification:_identify(.) by extensions ['colcon_meta']
[2.810s] Level 1:colcon.colcon_core.package_identification:_identify(.) by extension 'colcon_meta'
[2.810s] Level 1:colcon.colcon_core.package_identification:_identify(.) by extensions ['ros']
[2.811s] Level 1:colcon.colcon_core.package_identification:_identify(.) by extension 'ros'
[2.868s] Level 1:colcon.colcon_core.package_identification:_identify(.) by extensions ['cmake', 'python']
[2.869s] Level 1:colcon.colcon_core.package_identification:_identify(.) by extension 'cmake'
[2.869s] Level 1:colcon.colcon_core.package_identification:_identify(.) by extension 'python'
[2.869s] Level 1:colcon.colcon_core.package_identification:_identify(.) by extensions ['python_setup_py']
[2.869s] Level 1:colcon.colcon_core.package_identification:_identify(.) by extension 'python_setup_py'
[2.871s] Level 1:colcon.colcon_core.package_identification:_identify(build) by extensions ['ignore', 'ignore_ament_install']
[2.871s] Level 1:colcon.colcon_core.package_identification:_identify(build) by extension 'ignore'
[2.871s] Level 1:colcon.colcon_core.package_identification:_identify(build) ignored
[2.873s] Level 1:colcon.colcon_core.package_identification:_identify(install) by extensions ['ignore', 'ignore_ament_install']
[2.873s] Level 1:colcon.colcon_core.package_identification:_identify(install) by extension 'ignore'
[2.874s] Level 1:colcon.colcon_core.package_identification:_identify(install) ignored
[2.874s] Level 1:colcon.colcon_core.package_identification:_identify(log) by extensions ['ignore', 'ignore_ament_install']
[2.875s] Level 1:colcon.colcon_core.package_identification:_identify(log) by extension 'ignore'
[2.876s] Level 1:colcon.colcon_core.package_identification:_identify(log) ignored
[2.878s] Level 1:colcon.colcon_core.package_identification:_identify(src) by extensions ['ignore', 'ignore_ament_install']
[2.879s] Level 1:colcon.colcon_core.package_identification:_identify(src) by extension 'ignore'
[2.879s] Level 1:colcon.colcon_core.package_identification:_identify(src) by extension 'ignore_ament_install'
[2.879s] Level 1:colcon.colcon_core.package_identification:_identify(src) by extensions ['colcon_pkg']
[2.879s] Level 1:colcon.colcon_core.package_identification:_identify(src) by extension 'colcon_pkg'
[2.880s] Level 1:colcon.colcon_core.package_identification:_identify(src) by extensions ['colcon_meta']
[2.880s] Level 1:colcon.colcon_core.package_identification:_identify(src) by extension 'colcon_meta'
[2.880s] Level 1:colcon.colcon_core.package_identification:_identify(src) by extensions ['ros']
[2.880s] Level 1:colcon.colcon_core.package_identification:_identify(src) by extension 'ros'
[2.881s] Level 1:colcon.colcon_core.package_identification:_identify(src) by extensions ['cmake', 'python']
[2.881s] Level 1:colcon.colcon_core.package_identification:_identify(src) by extension 'cmake'
[2.881s] Level 1:colcon.colcon_core.package_identification:_identify(src) by extension 'python'
[2.881s] Level 1:colcon.colcon_core.package_identification:_identify(src) by extensions ['python_setup_py']
[2.882s] Level 1:colcon.colcon_core.package_identification:_identify(src) by extension 'python_setup_py'
[2.883s] Level 1:colcon.colcon_core.package_identification:_identify(src/camera) by extensions ['ignore', 'ignore_ament_install']
[2.883s] Level 1:colcon.colcon_core.package_identification:_identify(src/camera) by extension 'ignore'
[2.884s] Level 1:colcon.colcon_core.package_identification:_identify(src/camera) by extension 'ignore_ament_install'
[2.884s] Level 1:colcon.colcon_core.package_identification:_identify(src/camera) by extensions ['colcon_pkg']
[2.884s] Level 1:colcon.colcon_core.package_identification:_identify(src/camera) by extension 'colcon_pkg'
[2.884s] Level 1:colcon.colcon_core.package_identification:_identify(src/camera) by extensions ['colcon_meta']
[2.884s] Level 1:colcon.colcon_core.package_identification:_identify(src/camera) by extension 'colcon_meta'
[2.884s] Level 1:colcon.colcon_core.package_identification:_identify(src/camera) by extensions ['ros']
[2.884s] Level 1:colcon.colcon_core.package_identification:_identify(src/camera) by extension 'ros'
[2.899s] DEBUG:colcon.colcon_core.package_identification:Package 'src/camera' with type 'ros.ament_python' and name 'camera'
[2.900s] Level 1:colcon.colcon_core.package_identification:_identify(src/gazebo_tutorial) by extensions ['ignore', 'ignore_ament_install']
[2.901s] Level 1:colcon.colcon_core.package_identification:_identify(src/gazebo_tutorial) by extension 'ignore'
[2.901s] Level 1:colcon.colcon_core.package_identification:_identify(src/gazebo_tutorial) by extension 'ignore_ament_install'
[2.902s] Level 1:colcon.colcon_core.package_identification:_identify(src/gazebo_tutorial) by extensions ['colcon_pkg']
[2.903s] Level 1:colcon.colcon_core.package_identification:_identify(src/gazebo_tutorial) by extension 'colcon_pkg'
[2.903s] Level 1:colcon.colcon_core.package_identification:_identify(src/gazebo_tutorial) by extensions ['colcon_meta']
[2.903s] Level 1:colcon.colcon_core.package_identification:_identify(src/gazebo_tutorial) by extension 'colcon_meta'
[2.903s] Level 1:colcon.colcon_core.package_identification:_identify(src/gazebo_tutorial) by extensions ['ros']
[2.903s] Level 1:colcon.colcon_core.package_identification:_identify(src/gazebo_tutorial) by extension 'ros'
[2.907s] DEBUG:colcon.colcon_core.package_identification:Package 'src/gazebo_tutorial' with type 'ros.ament_python' and name 'gazebo_tutorial'
[2.909s] Level 1:colcon.colcon_core.package_identification:_identify(src/lidar_car) by extensions ['ignore', 'ignore_ament_install']
[2.910s] Level 1:colcon.colcon_core.package_identification:_identify(src/lidar_car) by extension 'ignore'
[2.910s] Level 1:colcon.colcon_core.package_identification:_identify(src/lidar_car) by extension 'ignore_ament_install'
[2.911s] Level 1:colcon.colcon_core.package_identification:_identify(src/lidar_car) by extensions ['colcon_pkg']
[2.911s] Level 1:colcon.colcon_core.package_identification:_identify(src/lidar_car) by extension 'colcon_pkg'
[2.911s] Level 1:colcon.colcon_core.package_identification:_identify(src/lidar_car) by extensions ['colcon_meta']
[2.911s] Level 1:colcon.colcon_core.package_identification:_identify(src/lidar_car) by extension 'colcon_meta'
[2.911s] Level 1:colcon.colcon_core.package_identification:_identify(src/lidar_car) by extensions ['ros']
[2.911s] Level 1:colcon.colcon_core.package_identification:_identify(src/lidar_car) by extension 'ros'
[2.915s] DEBUG:colcon.colcon_core.package_identification:Package 'src/lidar_car' with type 'ros.ament_python' and name 'lidar_car'
[2.918s] Level 1:colcon.colcon_core.package_identification:_identify(src/my_robot) by extensions ['ignore', 'ignore_ament_install']
[2.918s] Level 1:colcon.colcon_core.package_identification:_identify(src/my_robot) by extension 'ignore'
[2.919s] Level 1:colcon.colcon_core.package_identification:_identify(src/my_robot) by extension 'ignore_ament_install'
[2.919s] Level 1:colcon.colcon_core.package_identification:_identify(src/my_robot) by extensions ['colcon_pkg']
[2.919s] Level 1:colcon.colcon_core.package_identification:_identify(src/my_robot) by extension 'colcon_pkg'
[2.919s] Level 1:colcon.colcon_core.package_identification:_identify(src/my_robot) by extensions ['colcon_meta']
[2.919s] Level 1:colcon.colcon_core.package_identification:_identify(src/my_robot) by extension 'colcon_meta'
[2.919s] Level 1:colcon.colcon_core.package_identification:_identify(src/my_robot) by extensions ['ros']
[2.919s] Level 1:colcon.colcon_core.package_identification:_identify(src/my_robot) by extension 'ros'
[2.923s] DEBUG:colcon.colcon_core.package_identification:Package 'src/my_robot' with type 'ros.ament_python' and name 'my_robot'
[2.923s] Level 1:colcon.colcon_core.package_discovery:discover_packages(recursive) using defaults
[2.923s] Level 1:colcon.colcon_core.package_discovery:discover_packages(ignore) discover
[2.924s] Level 1:colcon.colcon_core.package_discovery:discover_packages(ignore) using defaults
[2.924s] Level 1:colcon.colcon_core.package_discovery:discover_packages(path) discover
[2.924s] Level 1:colcon.colcon_core.package_discovery:discover_packages(path) using defaults
[3.066s] INFO:colcon.colcon_core.package_selection:Skipping not selected package 'camera' in 'src/camera'
[3.067s] INFO:colcon.colcon_core.package_selection:Skipping not selected package 'lidar_car' in 'src/lidar_car'
[3.067s] INFO:colcon.colcon_core.package_selection:Skipping not selected package 'my_robot' in 'src/my_robot'
[3.070s] Level 1:colcon.colcon_core.package_discovery:discover_packages(prefix_path) check parameters
[3.071s] Level 1:colcon.colcon_core.package_discovery:discover_packages(prefix_path) discover
[3.087s] DEBUG:colcon.colcon_installed_package_information.package_discovery:Found 5 installed packages in /home/kisangpark/ros2_ws/install
[3.094s] DEBUG:colcon.colcon_installed_package_information.package_discovery:Found 334 installed packages in /opt/ros/humble
[3.099s] Level 1:colcon.colcon_core.package_discovery:discover_packages(prefix_path) using defaults
[3.283s] Level 5:colcon.colcon_core.verb:set package 'gazebo_tutorial' build argument 'cmake_args' from command line to 'None'
[3.283s] Level 5:colcon.colcon_core.verb:set package 'gazebo_tutorial' build argument 'cmake_target' from command line to 'None'
[3.283s] Level 5:colcon.colcon_core.verb:set package 'gazebo_tutorial' build argument 'cmake_target_skip_unavailable' from command line to 'False'
[3.283s] Level 5:colcon.colcon_core.verb:set package 'gazebo_tutorial' build argument 'cmake_clean_cache' from command line to 'False'
[3.283s] Level 5:colcon.colcon_core.verb:set package 'gazebo_tutorial' build argument 'cmake_clean_first' from command line to 'False'
[3.284s] Level 5:colcon.colcon_core.verb:set package 'gazebo_tutorial' build argument 'cmake_force_configure' from command line to 'False'
[3.284s] Level 5:colcon.colcon_core.verb:set package 'gazebo_tutorial' build argument 'ament_cmake_args' from command line to 'None'
[3.284s] Level 5:colcon.colcon_core.verb:set package 'gazebo_tutorial' build argument 'catkin_cmake_args' from command line to 'None'
[3.284s] Level 5:colcon.colcon_core.verb:set package 'gazebo_tutorial' build argument 'catkin_skip_building_tests' from command line to 'False'
[3.284s] DEBUG:colcon.colcon_core.verb:Building package 'gazebo_tutorial' with the following arguments: {'ament_cmake_args': None, 'build_base': '/home/kisangpark/ros2_ws/build/gazebo_tutorial', 'catkin_cmake_args': None, 'catkin_skip_building_tests': False, 'cmake_args': None, 'cmake_clean_cache': False, 'cmake_clean_first': False, 'cmake_force_configure': False, 'cmake_target': None, 'cmake_target_skip_unavailable': False, 'install_base': '/home/kisangpark/ros2_ws/install/gazebo_tutorial', 'merge_install': False, 'path': '/home/kisangpark/ros2_ws/src/gazebo_tutorial', 'symlink_install': False, 'test_result_base': None}
[3.285s] INFO:colcon.colcon_core.executor:Executing jobs using 'parallel' executor
[3.289s] DEBUG:colcon.colcon_parallel_executor.executor.parallel:run_until_complete
[3.291s] INFO:colcon.colcon_ros.task.ament_python.build:Building ROS package in '/home/kisangpark/ros2_ws/src/gazebo_tutorial' with build type 'ament_python'
[3.291s] Level 1:colcon.colcon_core.shell:create_environment_hook('gazebo_tutorial', 'ament_prefix_path')
[3.317s] INFO:colcon.colcon_core.plugin_system:Skipping extension 'colcon_core.shell.bat': Not used on non-Windows systems
[3.317s] INFO:colcon.colcon_core.shell:Creating environment hook '/home/kisangpark/ros2_ws/install/gazebo_tutorial/share/gazebo_tutorial/hook/ament_prefix_path.ps1'
[3.322s] INFO:colcon.colcon_core.shell:Creating environment descriptor '/home/kisangpark/ros2_ws/install/gazebo_tutorial/share/gazebo_tutorial/hook/ament_prefix_path.dsv'
[3.325s] INFO:colcon.colcon_core.shell:Creating environment hook '/home/kisangpark/ros2_ws/install/gazebo_tutorial/share/gazebo_tutorial/hook/ament_prefix_path.sh'
[3.331s] INFO:colcon.colcon_core.shell:Skip shell extension 'powershell' for command environment: Not usable outside of PowerShell
[3.331s] DEBUG:colcon.colcon_core.shell:Skip shell extension 'dsv' for command environment
[4.521s] INFO:colcon.colcon_core.task.python.build:Building Python package in '/home/kisangpark/ros2_ws/src/gazebo_tutorial'
[4.522s] INFO:colcon.colcon_core.shell:Skip shell extension 'powershell' for command environment: Not usable outside of PowerShell
[4.523s] DEBUG:colcon.colcon_core.shell:Skip shell extension 'dsv' for command environment
[7.058s] DEBUG:colcon.colcon_core.event_handler.log_command:Invoking command in '/home/kisangpark/ros2_ws/src/gazebo_tutorial': PYTHONPATH=/home/kisangpark/ros2_ws/build/gazebo_tutorial/prefix_override:/usr/lib/python3/dist-packages/colcon_core/task/python/colcon_distutils_commands:/home/kisangpark/ros2_ws/install/gazebo_tutorial/lib/python3.10/site-packages:${PYTHONPATH} /usr/bin/python3 -W ignore:setup.py install is deprecated -W ignore:easy_install command is deprecated setup.py egg_info --egg-base ../../build/gazebo_tutorial build --build-base /home/kisangpark/ros2_ws/build/gazebo_tutorial/build install --record /home/kisangpark/ros2_ws/build/gazebo_tutorial/install.log --single-version-externally-managed install_data
[8.476s] DEBUG:colcon.colcon_core.event_handler.log_command:Invoked command in '/home/kisangpark/ros2_ws/src/gazebo_tutorial' returned '0': PYTHONPATH=/home/kisangpark/ros2_ws/build/gazebo_tutorial/prefix_override:/usr/lib/python3/dist-packages/colcon_core/task/python/colcon_distutils_commands:/home/kisangpark/ros2_ws/install/gazebo_tutorial/lib/python3.10/site-packages:${PYTHONPATH} /usr/bin/python3 -W ignore:setup.py install is deprecated -W ignore:easy_install command is deprecated setup.py egg_info --egg-base ../../build/gazebo_tutorial build --build-base /home/kisangpark/ros2_ws/build/gazebo_tutorial/build install --record /home/kisangpark/ros2_ws/build/gazebo_tutorial/install.log --single-version-externally-managed install_data
[8.505s] Level 1:colcon.colcon_core.environment:checking '/home/kisangpark/ros2_ws/install/gazebo_tutorial' for CMake module files
[8.510s] Level 1:colcon.colcon_core.environment:checking '/home/kisangpark/ros2_ws/install/gazebo_tutorial' for CMake config files
[8.528s] Level 1:colcon.colcon_core.environment:checking '/home/kisangpark/ros2_ws/install/gazebo_tutorial/lib'
[8.529s] Level 1:colcon.colcon_core.environment:checking '/home/kisangpark/ros2_ws/install/gazebo_tutorial/bin'
[8.529s] Level 1:colcon.colcon_core.environment:checking '/home/kisangpark/ros2_ws/install/gazebo_tutorial/lib/pkgconfig/gazebo_tutorial.pc'
[8.531s] Level 1:colcon.colcon_core.environment:checking '/home/kisangpark/ros2_ws/install/gazebo_tutorial/lib/python3.10/site-packages'
[8.531s] Level 1:colcon.colcon_core.shell:create_environment_hook('gazebo_tutorial', 'pythonpath')
[8.532s] INFO:colcon.colcon_core.shell:Creating environment hook '/home/kisangpark/ros2_ws/install/gazebo_tutorial/share/gazebo_tutorial/hook/pythonpath.ps1'
[8.536s] INFO:colcon.colcon_core.shell:Creating environment descriptor '/home/kisangpark/ros2_ws/install/gazebo_tutorial/share/gazebo_tutorial/hook/pythonpath.dsv'
[8.538s] INFO:colcon.colcon_core.shell:Creating environment hook '/home/kisangpark/ros2_ws/install/gazebo_tutorial/share/gazebo_tutorial/hook/pythonpath.sh'
[8.543s] Level 1:colcon.colcon_core.environment:checking '/home/kisangpark/ros2_ws/install/gazebo_tutorial/bin'
[8.544s] Level 1:colcon.colcon_core.environment:create_environment_scripts_only(gazebo_tutorial)
[8.545s] INFO:colcon.colcon_core.shell:Creating package script '/home/kisangpark/ros2_ws/install/gazebo_tutorial/share/gazebo_tutorial/package.ps1'
[8.551s] INFO:colcon.colcon_core.shell:Creating package descriptor '/home/kisangpark/ros2_ws/install/gazebo_tutorial/share/gazebo_tutorial/package.dsv'
[8.557s] INFO:colcon.colcon_core.shell:Creating package script '/home/kisangpark/ros2_ws/install/gazebo_tutorial/share/gazebo_tutorial/package.sh'
[8.562s] INFO:colcon.colcon_core.shell:Creating package script '/home/kisangpark/ros2_ws/install/gazebo_tutorial/share/gazebo_tutorial/package.bash'
[8.567s] INFO:colcon.colcon_core.shell:Creating package script '/home/kisangpark/ros2_ws/install/gazebo_tutorial/share/gazebo_tutorial/package.zsh'
[8.572s] Level 1:colcon.colcon_core.environment:create_file_with_runtime_dependencies(/home/kisangpark/ros2_ws/install/gazebo_tutorial/share/colcon-core/packages/gazebo_tutorial)
[8.575s] DEBUG:colcon.colcon_parallel_executor.executor.parallel:closing loop
[8.579s] DEBUG:colcon.colcon_parallel_executor.executor.parallel:loop closed
[8.580s] DEBUG:colcon.colcon_parallel_executor.executor.parallel:run_until_complete finished with '0'
[8.580s] DEBUG:colcon.colcon_core.event_reactor:joining thread
[8.627s] INFO:colcon.colcon_core.plugin_system:Skipping extension 'colcon_notification.desktop_notification.terminal_notifier': Not used on non-Darwin systems
[8.627s] INFO:colcon.colcon_core.plugin_system:Skipping extension 'colcon_notification.desktop_notification.win32': Not used on non-Windows systems
[8.628s] INFO:colcon.colcon_notification.desktop_notification:Sending desktop notification using 'notify2'
[8.702s] DEBUG:colcon.colcon_core.event_reactor:joined thread
[8.703s] INFO:colcon.colcon_core.shell:Creating prefix script '/home/kisangpark/ros2_ws/install/local_setup.ps1'
[8.711s] INFO:colcon.colcon_core.shell:Creating prefix util module '/home/kisangpark/ros2_ws/install/_local_setup_util_ps1.py'
[8.725s] INFO:colcon.colcon_core.shell:Creating prefix chain script '/home/kisangpark/ros2_ws/install/setup.ps1'
[8.736s] INFO:colcon.colcon_core.shell:Creating prefix script '/home/kisangpark/ros2_ws/install/local_setup.sh'
[8.742s] INFO:colcon.colcon_core.shell:Creating prefix util module '/home/kisangpark/ros2_ws/install/_local_setup_util_sh.py'
[8.746s] INFO:colcon.colcon_core.shell:Creating prefix chain script '/home/kisangpark/ros2_ws/install/setup.sh'
[8.756s] INFO:colcon.colcon_core.shell:Creating prefix script '/home/kisangpark/ros2_ws/install/local_setup.bash'
[8.761s] INFO:colcon.colcon_core.shell:Creating prefix chain script '/home/kisangpark/ros2_ws/install/setup.bash'
[8.769s] INFO:colcon.colcon_core.shell:Creating prefix script '/home/kisangpark/ros2_ws/install/local_setup.zsh'
[8.773s] INFO:colcon.colcon_core.shell:Creating prefix chain script '/home/kisangpark/ros2_ws/install/setup.zsh'
