[2.763s] Invoking command in '/home/kisangpark/ros2_ws/src/camera': PYTHONPATH=/home/kisangpark/ros2_ws/build/camera/prefix_override:/usr/lib/python3/dist-packages/colcon_core/task/python/colcon_distutils_commands:/home/kisangpark/ros2_ws/install/camera/lib/python3.10/site-packages:${PYTHONPATH} /usr/bin/python3 -W ignore:setup.py install is deprecated -W ignore:easy_install command is deprecated setup.py egg_info --egg-base ../../build/camera build --build-base /home/kisangpark/ros2_ws/build/camera/build install --record /home/kisangpark/ros2_ws/build/camera/install.log --single-version-externally-managed install_data
[3.783s] running egg_info
[3.786s] writing ../../build/camera/camera.egg-info/PKG-INFO
[3.788s] writing dependency_links to ../../build/camera/camera.egg-info/dependency_links.txt
[3.792s] writing entry points to ../../build/camera/camera.egg-info/entry_points.txt
[3.792s] writing requirements to ../../build/camera/camera.egg-info/requires.txt
[3.798s] writing top-level names to ../../build/camera/camera.egg-info/top_level.txt
[3.803s] reading manifest file '../../build/camera/camera.egg-info/SOURCES.txt'
[3.808s] writing manifest file '../../build/camera/camera.egg-info/SOURCES.txt'
[3.809s] running build
[3.809s] running build_py
[3.810s] running install
[3.811s] running install_lib
[3.815s] running install_data
[3.816s] running install_egg_info
[3.827s] removing '/home/kisangpark/ros2_ws/install/camera/lib/python3.10/site-packages/camera-0.0.0-py3.10.egg-info' (and everything under it)
[3.827s] Copying ../../build/camera/camera.egg-info to /home/kisangpark/ros2_ws/install/camera/lib/python3.10/site-packages/camera-0.0.0-py3.10.egg-info
[3.830s] running install_scripts
[3.917s] Installing image_processor script to /home/kisangpark/ros2_ws/install/camera/lib/camera
[3.919s] writing list of installed files to '/home/kisangpark/ros2_ws/build/camera/install.log'
[4.009s] Invoked command in '/home/kisangpark/ros2_ws/src/camera' returned '0': PYTHONPATH=/home/kisangpark/ros2_ws/build/camera/prefix_override:/usr/lib/python3/dist-packages/colcon_core/task/python/colcon_distutils_commands:/home/kisangpark/ros2_ws/install/camera/lib/python3.10/site-packages:${PYTHONPATH} /usr/bin/python3 -W ignore:setup.py install is deprecated -W ignore:easy_install command is deprecated setup.py egg_info --egg-base ../../build/camera build --build-base /home/kisangpark/ros2_ws/build/camera/build install --record /home/kisangpark/ros2_ws/build/camera/install.log --single-version-externally-managed install_data
