[1.144s] Invoking command in '/home/kisangpark/ros2_ws/src/camera': PYTHONPATH=/home/kisangpark/ros2_ws/build/camera/prefix_override:/usr/lib/python3/dist-packages/colcon_core/task/python/colcon_distutils_commands:/home/kisangpark/ros2_ws/install/camera/lib/python3.10/site-packages:${PYTHONPATH} /usr/bin/python3 -W ignore:setup.py install is deprecated -W ignore:easy_install command is deprecated setup.py egg_info --egg-base ../../build/camera build --build-base /home/kisangpark/ros2_ws/build/camera/build install --record /home/kisangpark/ros2_ws/build/camera/install.log --single-version-externally-managed install_data
[1.589s] running egg_info
[1.591s] writing ../../build/camera/camera.egg-info/PKG-INFO
[1.591s] writing dependency_links to ../../build/camera/camera.egg-info/dependency_links.txt
[1.591s] writing entry points to ../../build/camera/camera.egg-info/entry_points.txt
[1.591s] writing requirements to ../../build/camera/camera.egg-info/requires.txt
[1.592s] writing top-level names to ../../build/camera/camera.egg-info/top_level.txt
[1.594s] reading manifest file '../../build/camera/camera.egg-info/SOURCES.txt'
[1.596s] writing manifest file '../../build/camera/camera.egg-info/SOURCES.txt'
[1.596s] running build
[1.596s] running build_py
[1.596s] running install
[1.596s] running install_lib
[1.598s] running install_data
[1.599s] copying launch/base.launch.py -> /home/kisangpark/ros2_ws/install/camera/share/camera/launch
[1.599s] running install_egg_info
[1.603s] removing '/home/kisangpark/ros2_ws/install/camera/lib/python3.10/site-packages/camera-0.0.0-py3.10.egg-info' (and everything under it)
[1.604s] Copying ../../build/camera/camera.egg-info to /home/kisangpark/ros2_ws/install/camera/lib/python3.10/site-packages/camera-0.0.0-py3.10.egg-info
[1.604s] running install_scripts
[1.634s] writing list of installed files to '/home/kisangpark/ros2_ws/build/camera/install.log'
[1.672s] Invoked command in '/home/kisangpark/ros2_ws/src/camera' returned '0': PYTHONPATH=/home/kisangpark/ros2_ws/build/camera/prefix_override:/usr/lib/python3/dist-packages/colcon_core/task/python/colcon_distutils_commands:/home/kisangpark/ros2_ws/install/camera/lib/python3.10/site-packages:${PYTHONPATH} /usr/bin/python3 -W ignore:setup.py install is deprecated -W ignore:easy_install command is deprecated setup.py egg_info --egg-base ../../build/camera build --build-base /home/kisangpark/ros2_ws/build/camera/build install --record /home/kisangpark/ros2_ws/build/camera/install.log --single-version-externally-managed install_data
