[2.089s] Invoking command in '/home/kisangpark/ros2_ws/src/my_robot': PYTHONPATH=/home/kisangpark/ros2_ws/build/my_robot/prefix_override:/usr/lib/python3/dist-packages/colcon_core/task/python/colcon_distutils_commands:/home/kisangpark/ros2_ws/install/my_robot/lib/python3.10/site-packages:${PYTHONPATH} /usr/bin/python3 -W ignore:setup.py install is deprecated -W ignore:easy_install command is deprecated setup.py egg_info --egg-base ../../build/my_robot build --build-base /home/kisangpark/ros2_ws/build/my_robot/build install --record /home/kisangpark/ros2_ws/build/my_robot/install.log --install-scripts $base/lib/my_robot --single-version-externally-managed install_data
[2.446s] /usr/lib/python3/dist-packages/setuptools/dist.py:723: UserWarning: Usage of dash-separated 'script-dir' will not be supported in future versions. Please use the underscore name 'script_dir' instead
[2.446s]   warnings.warn(
[2.457s] running egg_info
[2.459s] writing ../../build/my_robot/my_robot.egg-info/PKG-INFO
[2.460s] writing dependency_links to ../../build/my_robot/my_robot.egg-info/dependency_links.txt
[2.461s] writing entry points to ../../build/my_robot/my_robot.egg-info/entry_points.txt
[2.462s] writing requirements to ../../build/my_robot/my_robot.egg-info/requires.txt
[2.462s] writing top-level names to ../../build/my_robot/my_robot.egg-info/top_level.txt
[2.473s] reading manifest file '../../build/my_robot/my_robot.egg-info/SOURCES.txt'
[2.475s] writing manifest file '../../build/my_robot/my_robot.egg-info/SOURCES.txt'
[2.475s] running build
[2.476s] running build_py
[2.479s] running install
[2.479s] running install_lib
[2.484s] running install_data
[2.488s] copying launch/kisang_test.launch.py -> /home/kisangpark/ros2_ws/install/my_robot/share/my_robot/launch
[2.493s] running install_egg_info
[2.497s] removing '/home/kisangpark/ros2_ws/install/my_robot/lib/python3.10/site-packages/my_robot-0.0.0-py3.10.egg-info' (and everything under it)
[2.497s] Copying ../../build/my_robot/my_robot.egg-info to /home/kisangpark/ros2_ws/install/my_robot/lib/python3.10/site-packages/my_robot-0.0.0-py3.10.egg-info
[2.500s] running install_scripts
[2.550s] Installing image_processor script to /home/kisangpark/ros2_ws/install/my_robot/lib/my_robot
[2.553s] writing list of installed files to '/home/kisangpark/ros2_ws/build/my_robot/install.log'
[2.612s] Invoked command in '/home/kisangpark/ros2_ws/src/my_robot' returned '0': PYTHONPATH=/home/kisangpark/ros2_ws/build/my_robot/prefix_override:/usr/lib/python3/dist-packages/colcon_core/task/python/colcon_distutils_commands:/home/kisangpark/ros2_ws/install/my_robot/lib/python3.10/site-packages:${PYTHONPATH} /usr/bin/python3 -W ignore:setup.py install is deprecated -W ignore:easy_install command is deprecated setup.py egg_info --egg-base ../../build/my_robot build --build-base /home/kisangpark/ros2_ws/build/my_robot/build install --record /home/kisangpark/ros2_ws/build/my_robot/install.log --install-scripts $base/lib/my_robot --single-version-externally-managed install_data
