[0.755s] Invoking command in '/home/inhwan/ros2_ws1/src/lidar_car': PYTHONPATH=/home/inhwan/ros2_ws1/build/lidar_car/prefix_override:/usr/lib/python3/dist-packages/colcon_core/task/python/colcon_distutils_commands:/home/inhwan/ros2_ws1/install/lidar_car/lib/python3.8/site-packages:${PYTHONPATH} /usr/bin/python3 -W ignore:setup.py install is deprecated -W ignore:easy_install command is deprecated setup.py egg_info --egg-base ../../build/lidar_car build --build-base /home/inhwan/ros2_ws1/build/lidar_car/build install --record /home/inhwan/ros2_ws1/build/lidar_car/install.log --install-scripts $base/lib/ridar --single-version-externally-managed install_data
[0.902s] running egg_info
[0.902s] writing ../../build/lidar_car/lidar_car.egg-info/PKG-INFO
[0.902s] writing dependency_links to ../../build/lidar_car/lidar_car.egg-info/dependency_links.txt
[0.903s] writing entry points to ../../build/lidar_car/lidar_car.egg-info/entry_points.txt
[0.903s] writing requirements to ../../build/lidar_car/lidar_car.egg-info/requires.txt
[0.903s] writing top-level names to ../../build/lidar_car/lidar_car.egg-info/top_level.txt
[0.927s] reading manifest file '../../build/lidar_car/lidar_car.egg-info/SOURCES.txt'
[0.927s] writing manifest file '../../build/lidar_car/lidar_car.egg-info/SOURCES.txt'
[0.927s] running build
[0.927s] running build_py
[0.928s] running install
[0.928s] running install_lib
[0.929s] creating /home/inhwan/ros2_ws1/install/lidar_car/lib/python3.8/site-packages/lidar_car
[0.929s] copying /home/inhwan/ros2_ws1/build/lidar_car/build/lib/lidar_car/__init__.py -> /home/inhwan/ros2_ws1/install/lidar_car/lib/python3.8/site-packages/lidar_car
[0.929s] byte-compiling /home/inhwan/ros2_ws1/install/lidar_car/lib/python3.8/site-packages/lidar_car/__init__.py to __init__.cpython-38.pyc
[0.930s] running install_data
[0.930s] running install_egg_info
[0.931s] Copying ../../build/lidar_car/lidar_car.egg-info to /home/inhwan/ros2_ws1/install/lidar_car/lib/python3.8/site-packages/lidar_car-0.0.0-py3.8.egg-info
[0.931s] running install_scripts
[0.943s] writing list of installed files to '/home/inhwan/ros2_ws1/build/lidar_car/install.log'
[0.971s] Invoked command in '/home/inhwan/ros2_ws1/src/lidar_car' returned '0': PYTHONPATH=/home/inhwan/ros2_ws1/build/lidar_car/prefix_override:/usr/lib/python3/dist-packages/colcon_core/task/python/colcon_distutils_commands:/home/inhwan/ros2_ws1/install/lidar_car/lib/python3.8/site-packages:${PYTHONPATH} /usr/bin/python3 -W ignore:setup.py install is deprecated -W ignore:easy_install command is deprecated setup.py egg_info --egg-base ../../build/lidar_car build --build-base /home/inhwan/ros2_ws1/build/lidar_car/build install --record /home/inhwan/ros2_ws1/build/lidar_car/install.log --install-scripts $base/lib/ridar --single-version-externally-managed install_data
