[1.089s] Invoking command in '/home/hwan/ros2_learn_2/src/ridar': PYTHONPATH=/home/hwan/ros2_learn_2/build/ridar/prefix_override:/usr/lib/python3/dist-packages/colcon_core/task/python/colcon_distutils_commands:/home/hwan/ros2_learn_2/install/ridar/lib/python3.8/site-packages:${PYTHONPATH} /usr/bin/python3 -W ignore:setup.py install is deprecated -W ignore:easy_install command is deprecated setup.py egg_info --egg-base ../../build/ridar build --build-base /home/hwan/ros2_learn_2/build/ridar/build install --record /home/hwan/ros2_learn_2/build/ridar/install.log --install-scripts $base/lib/ridar --single-version-externally-managed install_data
[1.455s] running egg_info
[1.456s] writing ../../build/ridar/ridar.egg-info/PKG-INFO
[1.457s] writing dependency_links to ../../build/ridar/ridar.egg-info/dependency_links.txt
[1.458s] writing entry points to ../../build/ridar/ridar.egg-info/entry_points.txt
[1.460s] writing requirements to ../../build/ridar/ridar.egg-info/requires.txt
[1.461s] writing top-level names to ../../build/ridar/ridar.egg-info/top_level.txt
[1.513s] reading manifest file '../../build/ridar/ridar.egg-info/SOURCES.txt'
[1.515s] writing manifest file '../../build/ridar/ridar.egg-info/SOURCES.txt'
[1.516s] running build
[1.516s] running build_py
[1.517s] running install
[1.519s] running install_lib
[1.521s] running install_data
[1.522s] copying urdf/my_robot_2.xacro -> /home/hwan/ros2_learn_2/install/ridar/share/ridar/urdf
[1.523s] running install_egg_info
[1.527s] removing '/home/hwan/ros2_learn_2/install/ridar/lib/python3.8/site-packages/ridar-0.0.0-py3.8.egg-info' (and everything under it)
[1.536s] Copying ../../build/ridar/ridar.egg-info to /home/hwan/ros2_learn_2/install/ridar/lib/python3.8/site-packages/ridar-0.0.0-py3.8.egg-info
[1.536s] running install_scripts
[1.563s] writing list of installed files to '/home/hwan/ros2_learn_2/build/ridar/install.log'
[1.594s] Invoked command in '/home/hwan/ros2_learn_2/src/ridar' returned '0': PYTHONPATH=/home/hwan/ros2_learn_2/build/ridar/prefix_override:/usr/lib/python3/dist-packages/colcon_core/task/python/colcon_distutils_commands:/home/hwan/ros2_learn_2/install/ridar/lib/python3.8/site-packages:${PYTHONPATH} /usr/bin/python3 -W ignore:setup.py install is deprecated -W ignore:easy_install command is deprecated setup.py egg_info --egg-base ../../build/ridar build --build-base /home/hwan/ros2_learn_2/build/ridar/build install --record /home/hwan/ros2_learn_2/build/ridar/install.log --install-scripts $base/lib/ridar --single-version-externally-managed install_data
