[3.227s] Invoking command in '/home/kisangpark/ros2_ws/src/camera': PYTHONPATH=/home/kisangpark/ros2_ws/build/camera/prefix_override:/usr/lib/python3/dist-packages/colcon_core/task/python/colcon_distutils_commands:/home/kisangpark/ros2_ws/install/camera/lib/python3.10/site-packages:${PYTHONPATH} /usr/bin/python3 -W ignore:setup.py install is deprecated -W ignore:easy_install command is deprecated setup.py egg_info --egg-base ../../build/camera build --build-base /home/kisangpark/ros2_ws/build/camera/build install --record /home/kisangpark/ros2_ws/build/camera/install.log --single-version-externally-managed install_data
[4.551s] running egg_info
[4.557s] writing ../../build/camera/camera.egg-info/PKG-INFO
[4.559s] writing dependency_links to ../../build/camera/camera.egg-info/dependency_links.txt
[4.561s] writing entry points to ../../build/camera/camera.egg-info/entry_points.txt
[4.562s] writing requirements to ../../build/camera/camera.egg-info/requires.txt
[4.568s] writing top-level names to ../../build/camera/camera.egg-info/top_level.txt
[4.579s] reading manifest file '../../build/camera/camera.egg-info/SOURCES.txt'
[4.584s] writing manifest file '../../build/camera/camera.egg-info/SOURCES.txt'
[4.584s] running build
[4.587s] running build_py
[4.587s] copying camera/cam_process.py -> /home/kisangpark/ros2_ws/build/camera/build/lib/camera
[4.588s] running install
[4.594s] running install_lib
[4.598s] copying /home/kisangpark/ros2_ws/build/camera/build/lib/camera/cam_process.py -> /home/kisangpark/ros2_ws/install/camera/lib/python3.10/site-packages/camera
[4.602s] byte-compiling /home/kisangpark/ros2_ws/install/camera/lib/python3.10/site-packages/camera/cam_process.py to cam_process.cpython-310.pyc
[4.612s] running install_data
[4.612s] running install_egg_info
[4.621s] removing '/home/kisangpark/ros2_ws/install/camera/lib/python3.10/site-packages/camera-0.0.0-py3.10.egg-info' (and everything under it)
[4.625s] Copying ../../build/camera/camera.egg-info to /home/kisangpark/ros2_ws/install/camera/lib/python3.10/site-packages/camera-0.0.0-py3.10.egg-info
[4.631s] running install_scripts
[4.727s] Installing image_processor script to /home/kisangpark/ros2_ws/install/camera/lib/camera
[4.731s] writing list of installed files to '/home/kisangpark/ros2_ws/build/camera/install.log'
[4.844s] Invoked command in '/home/kisangpark/ros2_ws/src/camera' returned '0': PYTHONPATH=/home/kisangpark/ros2_ws/build/camera/prefix_override:/usr/lib/python3/dist-packages/colcon_core/task/python/colcon_distutils_commands:/home/kisangpark/ros2_ws/install/camera/lib/python3.10/site-packages:${PYTHONPATH} /usr/bin/python3 -W ignore:setup.py install is deprecated -W ignore:easy_install command is deprecated setup.py egg_info --egg-base ../../build/camera build --build-base /home/kisangpark/ros2_ws/build/camera/build install --record /home/kisangpark/ros2_ws/build/camera/install.log --single-version-externally-managed install_data
