[1.478s] Invoking command in '/home/kisangpark/ros2_ws/src/camera': PYTHONPATH=/home/kisangpark/ros2_ws/build/camera/prefix_override:/usr/lib/python3/dist-packages/colcon_core/task/python/colcon_distutils_commands:/home/kisangpark/ros2_ws/install/camera/lib/python3.10/site-packages:${PYTHONPATH} /usr/bin/python3 -W ignore:setup.py install is deprecated -W ignore:easy_install command is deprecated setup.py egg_info --egg-base ../../build/camera build --build-base /home/kisangpark/ros2_ws/build/camera/build install --record /home/kisangpark/ros2_ws/build/camera/install.log --single-version-externally-managed install_data
[1.942s] running egg_info
[1.944s] writing ../../build/camera/camera.egg-info/PKG-INFO
[1.945s] writing dependency_links to ../../build/camera/camera.egg-info/dependency_links.txt
[1.946s] writing entry points to ../../build/camera/camera.egg-info/entry_points.txt
[1.946s] writing requirements to ../../build/camera/camera.egg-info/requires.txt
[1.946s] writing top-level names to ../../build/camera/camera.egg-info/top_level.txt
[1.948s] reading manifest file '../../build/camera/camera.egg-info/SOURCES.txt'
[1.953s] writing manifest file '../../build/camera/camera.egg-info/SOURCES.txt'
[1.953s] running build
[1.953s] running build_py
[1.953s] copying camera/cam_process.py -> /home/kisangpark/ros2_ws/build/camera/build/lib/camera
[1.954s] running install
[1.955s] running install_lib
[1.962s] copying /home/kisangpark/ros2_ws/build/camera/build/lib/camera/cam_process.py -> /home/kisangpark/ros2_ws/install/camera/lib/python3.10/site-packages/camera
[1.962s] byte-compiling /home/kisangpark/ros2_ws/install/camera/lib/python3.10/site-packages/camera/cam_process.py to cam_process.cpython-310.pyc
[1.963s] running install_data
[1.964s] running install_egg_info
[1.969s] removing '/home/kisangpark/ros2_ws/install/camera/lib/python3.10/site-packages/camera-0.0.0-py3.10.egg-info' (and everything under it)
[1.971s] Copying ../../build/camera/camera.egg-info to /home/kisangpark/ros2_ws/install/camera/lib/python3.10/site-packages/camera-0.0.0-py3.10.egg-info
[1.975s] running install_scripts
[2.024s] Installing image_processor script to /home/kisangpark/ros2_ws/install/camera/lib/camera
[2.026s] writing list of installed files to '/home/kisangpark/ros2_ws/build/camera/install.log'
[2.093s] Invoked command in '/home/kisangpark/ros2_ws/src/camera' returned '0': PYTHONPATH=/home/kisangpark/ros2_ws/build/camera/prefix_override:/usr/lib/python3/dist-packages/colcon_core/task/python/colcon_distutils_commands:/home/kisangpark/ros2_ws/install/camera/lib/python3.10/site-packages:${PYTHONPATH} /usr/bin/python3 -W ignore:setup.py install is deprecated -W ignore:easy_install command is deprecated setup.py egg_info --egg-base ../../build/camera build --build-base /home/kisangpark/ros2_ws/build/camera/build install --record /home/kisangpark/ros2_ws/build/camera/install.log --single-version-externally-managed install_data
