[0.592s] Invoking command in '/home/inhwan/ros2_ws1/src/ridar': PYTHONPATH=/home/inhwan/ros2_ws1/build/ridar/prefix_override:/usr/lib/python3/dist-packages/colcon_core/task/python/colcon_distutils_commands:/home/inhwan/ros2_ws1/install/ridar/lib/python3.8/site-packages:${PYTHONPATH} /usr/bin/python3 -W ignore:setup.py install is deprecated -W ignore:easy_install command is deprecated setup.py egg_info --egg-base ../../build/ridar build --build-base /home/inhwan/ros2_ws1/build/ridar/build install --record /home/inhwan/ros2_ws1/build/ridar/install.log --install-scripts $base/lib/ridar --single-version-externally-managed install_data
[0.738s] running egg_info
[0.738s] writing ../../build/ridar/ridar.egg-info/PKG-INFO
[0.739s] writing dependency_links to ../../build/ridar/ridar.egg-info/dependency_links.txt
[0.739s] writing entry points to ../../build/ridar/ridar.egg-info/entry_points.txt
[0.739s] writing requirements to ../../build/ridar/ridar.egg-info/requires.txt
[0.739s] writing top-level names to ../../build/ridar/ridar.egg-info/top_level.txt
[0.762s] reading manifest file '../../build/ridar/ridar.egg-info/SOURCES.txt'
[0.763s] writing manifest file '../../build/ridar/ridar.egg-info/SOURCES.txt'
[0.763s] running build
[0.763s] running build_py
[0.763s] running install
[0.764s] running install_lib
[0.765s] running install_data
[0.765s] running install_egg_info
[0.766s] removing '/home/inhwan/ros2_ws1/install/ridar/lib/python3.8/site-packages/ridar-0.0.0-py3.8.egg-info' (and everything under it)
[0.766s] Copying ../../build/ridar/ridar.egg-info to /home/inhwan/ros2_ws1/install/ridar/lib/python3.8/site-packages/ridar-0.0.0-py3.8.egg-info
[0.767s] running install_scripts
[0.778s] writing list of installed files to '/home/inhwan/ros2_ws1/build/ridar/install.log'
[0.791s] Invoked command in '/home/inhwan/ros2_ws1/src/ridar' returned '0': PYTHONPATH=/home/inhwan/ros2_ws1/build/ridar/prefix_override:/usr/lib/python3/dist-packages/colcon_core/task/python/colcon_distutils_commands:/home/inhwan/ros2_ws1/install/ridar/lib/python3.8/site-packages:${PYTHONPATH} /usr/bin/python3 -W ignore:setup.py install is deprecated -W ignore:easy_install command is deprecated setup.py egg_info --egg-base ../../build/ridar build --build-base /home/inhwan/ros2_ws1/build/ridar/build install --record /home/inhwan/ros2_ws1/build/ridar/install.log --install-scripts $base/lib/ridar --single-version-externally-managed install_data
