[0.450s] Invoking command in '/home/inhwan/ros2_ws1/src/my_robot': PYTHONPATH=/home/inhwan/ros2_ws1/build/my_robot/prefix_override:/usr/lib/python3/dist-packages/colcon_core/task/python/colcon_distutils_commands:/home/inhwan/ros2_ws1/install/my_robot/lib/python3.8/site-packages:${PYTHONPATH} /usr/bin/python3 -W ignore:setup.py install is deprecated -W ignore:easy_install command is deprecated setup.py egg_info --egg-base ../../build/my_robot build --build-base /home/inhwan/ros2_ws1/build/my_robot/build install --record /home/inhwan/ros2_ws1/build/my_robot/install.log --install-scripts $base/lib/my_robot --single-version-externally-managed install_data
[0.603s] running egg_info
[0.603s] writing ../../build/my_robot/my_robot.egg-info/PKG-INFO
[0.603s] writing dependency_links to ../../build/my_robot/my_robot.egg-info/dependency_links.txt
[0.603s] writing entry points to ../../build/my_robot/my_robot.egg-info/entry_points.txt
[0.604s] writing requirements to ../../build/my_robot/my_robot.egg-info/requires.txt
[0.604s] writing top-level names to ../../build/my_robot/my_robot.egg-info/top_level.txt
[0.627s] reading manifest file '../../build/my_robot/my_robot.egg-info/SOURCES.txt'
[0.628s] writing manifest file '../../build/my_robot/my_robot.egg-info/SOURCES.txt'
[0.628s] running build
[0.628s] running build_py
[0.628s] running install
[0.629s] running install_lib
[0.630s] running install_data
[0.630s] copying launch/operating.launch.py -> /home/inhwan/ros2_ws1/install/my_robot/share/my_robot/launch
[0.630s] running install_egg_info
[0.631s] removing '/home/inhwan/ros2_ws1/install/my_robot/lib/python3.8/site-packages/my_robot-0.0.0-py3.8.egg-info' (and everything under it)
[0.631s] Copying ../../build/my_robot/my_robot.egg-info to /home/inhwan/ros2_ws1/install/my_robot/lib/python3.8/site-packages/my_robot-0.0.0-py3.8.egg-info
[0.632s] running install_scripts
[0.643s] writing list of installed files to '/home/inhwan/ros2_ws1/build/my_robot/install.log'
[0.655s] Invoked command in '/home/inhwan/ros2_ws1/src/my_robot' returned '0': PYTHONPATH=/home/inhwan/ros2_ws1/build/my_robot/prefix_override:/usr/lib/python3/dist-packages/colcon_core/task/python/colcon_distutils_commands:/home/inhwan/ros2_ws1/install/my_robot/lib/python3.8/site-packages:${PYTHONPATH} /usr/bin/python3 -W ignore:setup.py install is deprecated -W ignore:easy_install command is deprecated setup.py egg_info --egg-base ../../build/my_robot build --build-base /home/inhwan/ros2_ws1/build/my_robot/build install --record /home/inhwan/ros2_ws1/build/my_robot/install.log --install-scripts $base/lib/my_robot --single-version-externally-managed install_data
