[3.087s] Invoking command in '/home/kisangpark/ros2_ws/src/camera': PYTHONPATH=/home/kisangpark/ros2_ws/build/camera/prefix_override:/usr/lib/python3/dist-packages/colcon_core/task/python/colcon_distutils_commands:/home/kisangpark/ros2_ws/install/camera/lib/python3.10/site-packages:${PYTHONPATH} /usr/bin/python3 -W ignore:setup.py install is deprecated -W ignore:easy_install command is deprecated setup.py egg_info --egg-base ../../build/camera build --build-base /home/kisangpark/ros2_ws/build/camera/build install --record /home/kisangpark/ros2_ws/build/camera/install.log --single-version-externally-managed install_data
[4.045s] running egg_info
[4.047s] writing ../../build/camera/camera.egg-info/PKG-INFO
[4.057s] writing dependency_links to ../../build/camera/camera.egg-info/dependency_links.txt
[4.059s] writing entry points to ../../build/camera/camera.egg-info/entry_points.txt
[4.059s] writing requirements to ../../build/camera/camera.egg-info/requires.txt
[4.060s] writing top-level names to ../../build/camera/camera.egg-info/top_level.txt
[4.068s] reading manifest file '../../build/camera/camera.egg-info/SOURCES.txt'
[4.072s] writing manifest file '../../build/camera/camera.egg-info/SOURCES.txt'
[4.072s] running build
[4.072s] running build_py
[4.080s] running install
[4.080s] running install_lib
[4.087s] running install_data
[4.094s] running install_egg_info
[4.103s] removing '/home/kisangpark/ros2_ws/install/camera/lib/python3.10/site-packages/camera-0.0.0-py3.10.egg-info' (and everything under it)
[4.104s] Copying ../../build/camera/camera.egg-info to /home/kisangpark/ros2_ws/install/camera/lib/python3.10/site-packages/camera-0.0.0-py3.10.egg-info
[4.109s] running install_scripts
[4.190s] writing list of installed files to '/home/kisangpark/ros2_ws/build/camera/install.log'
[4.283s] Invoked command in '/home/kisangpark/ros2_ws/src/camera' returned '0': PYTHONPATH=/home/kisangpark/ros2_ws/build/camera/prefix_override:/usr/lib/python3/dist-packages/colcon_core/task/python/colcon_distutils_commands:/home/kisangpark/ros2_ws/install/camera/lib/python3.10/site-packages:${PYTHONPATH} /usr/bin/python3 -W ignore:setup.py install is deprecated -W ignore:easy_install command is deprecated setup.py egg_info --egg-base ../../build/camera build --build-base /home/kisangpark/ros2_ws/build/camera/build install --record /home/kisangpark/ros2_ws/build/camera/install.log --single-version-externally-managed install_data
