[1.644s] Invoking command in '/home/kisangpark/ros2_ws/src/gazebo_tutorial': PYTHONPATH=/home/kisangpark/ros2_ws/build/gazebo_tutorial/prefix_override:/usr/lib/python3/dist-packages/colcon_core/task/python/colcon_distutils_commands:/home/kisangpark/ros2_ws/install/gazebo_tutorial/lib/python3.10/site-packages:${PYTHONPATH} /usr/bin/python3 -W ignore:setup.py install is deprecated -W ignore:easy_install command is deprecated setup.py egg_info --egg-base ../../build/gazebo_tutorial build --build-base /home/kisangpark/ros2_ws/build/gazebo_tutorial/build install --record /home/kisangpark/ros2_ws/build/gazebo_tutorial/install.log --single-version-externally-managed install_data
[2.170s] running egg_info
[2.173s] writing ../../build/gazebo_tutorial/gazebo_tutorial.egg-info/PKG-INFO
[2.175s] writing dependency_links to ../../build/gazebo_tutorial/gazebo_tutorial.egg-info/dependency_links.txt
[2.175s] writing entry points to ../../build/gazebo_tutorial/gazebo_tutorial.egg-info/entry_points.txt
[2.175s] writing requirements to ../../build/gazebo_tutorial/gazebo_tutorial.egg-info/requires.txt
[2.176s] writing top-level names to ../../build/gazebo_tutorial/gazebo_tutorial.egg-info/top_level.txt
[2.180s] reading manifest file '../../build/gazebo_tutorial/gazebo_tutorial.egg-info/SOURCES.txt'
[2.185s] writing manifest file '../../build/gazebo_tutorial/gazebo_tutorial.egg-info/SOURCES.txt'
[2.185s] running build
[2.185s] running build_py
[2.188s] copying gazebo_tutorial/controller.py -> /home/kisangpark/ros2_ws/build/gazebo_tutorial/build/lib/gazebo_tutorial
[2.192s] running install
[2.193s] running install_lib
[2.196s] copying /home/kisangpark/ros2_ws/build/gazebo_tutorial/build/lib/gazebo_tutorial/controller.py -> /home/kisangpark/ros2_ws/install/gazebo_tutorial/lib/python3.10/site-packages/gazebo_tutorial
[2.199s] byte-compiling /home/kisangpark/ros2_ws/install/gazebo_tutorial/lib/python3.10/site-packages/gazebo_tutorial/controller.py to controller.cpython-310.pyc
[2.202s] running install_data
[2.206s] running install_egg_info
[2.211s] removing '/home/kisangpark/ros2_ws/install/gazebo_tutorial/lib/python3.10/site-packages/gazebo_tutorial-0.0.0-py3.10.egg-info' (and everything under it)
[2.213s] Copying ../../build/gazebo_tutorial/gazebo_tutorial.egg-info to /home/kisangpark/ros2_ws/install/gazebo_tutorial/lib/python3.10/site-packages/gazebo_tutorial-0.0.0-py3.10.egg-info
[2.217s] running install_scripts
[2.253s] Installing controller script to /home/kisangpark/ros2_ws/install/gazebo_tutorial/lib/gazebo_tutorial
[2.255s] writing list of installed files to '/home/kisangpark/ros2_ws/build/gazebo_tutorial/install.log'
[2.325s] Invoked command in '/home/kisangpark/ros2_ws/src/gazebo_tutorial' returned '0': PYTHONPATH=/home/kisangpark/ros2_ws/build/gazebo_tutorial/prefix_override:/usr/lib/python3/dist-packages/colcon_core/task/python/colcon_distutils_commands:/home/kisangpark/ros2_ws/install/gazebo_tutorial/lib/python3.10/site-packages:${PYTHONPATH} /usr/bin/python3 -W ignore:setup.py install is deprecated -W ignore:easy_install command is deprecated setup.py egg_info --egg-base ../../build/gazebo_tutorial build --build-base /home/kisangpark/ros2_ws/build/gazebo_tutorial/build install --record /home/kisangpark/ros2_ws/build/gazebo_tutorial/install.log --single-version-externally-managed install_data
