[0.789s] Invoking command in '/home/inhwan/ros2_ws1/src/lidar_car': PYTHONPATH=/home/inhwan/ros2_ws1/build/lidar_car/prefix_override:/usr/lib/python3/dist-packages/colcon_core/task/python/colcon_distutils_commands:/home/inhwan/ros2_ws1/install/lidar_car/lib/python3.8/site-packages:${PYTHONPATH} /usr/bin/python3 -W ignore:setup.py install is deprecated -W ignore:easy_install command is deprecated setup.py egg_info --egg-base ../../build/lidar_car build --build-base /home/inhwan/ros2_ws1/build/lidar_car/build install --record /home/inhwan/ros2_ws1/build/lidar_car/install.log --install-scripts $base/lib/ridar --single-version-externally-managed install_data
[0.941s] running egg_info
[0.941s] writing ../../build/lidar_car/lidar_car.egg-info/PKG-INFO
[0.942s] writing dependency_links to ../../build/lidar_car/lidar_car.egg-info/dependency_links.txt
[0.942s] writing entry points to ../../build/lidar_car/lidar_car.egg-info/entry_points.txt
[0.942s] writing requirements to ../../build/lidar_car/lidar_car.egg-info/requires.txt
[0.942s] writing top-level names to ../../build/lidar_car/lidar_car.egg-info/top_level.txt
[0.966s] reading manifest file '../../build/lidar_car/lidar_car.egg-info/SOURCES.txt'
[0.966s] writing manifest file '../../build/lidar_car/lidar_car.egg-info/SOURCES.txt'
[0.966s] running build
[0.967s] running build_py
[0.967s] running install
[0.967s] running install_lib
[0.968s] running install_data
[0.968s] running install_egg_info
[0.969s] removing '/home/inhwan/ros2_ws1/install/lidar_car/lib/python3.8/site-packages/lidar_car-0.0.0-py3.8.egg-info' (and everything under it)
[0.969s] Copying ../../build/lidar_car/lidar_car.egg-info to /home/inhwan/ros2_ws1/install/lidar_car/lib/python3.8/site-packages/lidar_car-0.0.0-py3.8.egg-info
[0.970s] running install_scripts
[0.982s] writing list of installed files to '/home/inhwan/ros2_ws1/build/lidar_car/install.log'
[1.002s] Invoked command in '/home/inhwan/ros2_ws1/src/lidar_car' returned '0': PYTHONPATH=/home/inhwan/ros2_ws1/build/lidar_car/prefix_override:/usr/lib/python3/dist-packages/colcon_core/task/python/colcon_distutils_commands:/home/inhwan/ros2_ws1/install/lidar_car/lib/python3.8/site-packages:${PYTHONPATH} /usr/bin/python3 -W ignore:setup.py install is deprecated -W ignore:easy_install command is deprecated setup.py egg_info --egg-base ../../build/lidar_car build --build-base /home/inhwan/ros2_ws1/build/lidar_car/build install --record /home/inhwan/ros2_ws1/build/lidar_car/install.log --install-scripts $base/lib/ridar --single-version-externally-managed install_data
