[1.435s] Invoking command in '/home/kisangpark/ros2_ws/src/camera': PYTHONPATH=/home/kisangpark/ros2_ws/build/camera/prefix_override:/usr/lib/python3/dist-packages/colcon_core/task/python/colcon_distutils_commands:/home/kisangpark/ros2_ws/install/camera/lib/python3.10/site-packages:${PYTHONPATH} /usr/bin/python3 -W ignore:setup.py install is deprecated -W ignore:easy_install command is deprecated setup.py egg_info --egg-base ../../build/camera build --build-base /home/kisangpark/ros2_ws/build/camera/build install --record /home/kisangpark/ros2_ws/build/camera/install.log --single-version-externally-managed install_data
[2.044s] running egg_info
[2.045s] writing ../../build/camera/camera.egg-info/PKG-INFO
[2.046s] writing dependency_links to ../../build/camera/camera.egg-info/dependency_links.txt
[2.046s] writing entry points to ../../build/camera/camera.egg-info/entry_points.txt
[2.052s] writing requirements to ../../build/camera/camera.egg-info/requires.txt
[2.052s] writing top-level names to ../../build/camera/camera.egg-info/top_level.txt
[2.054s] reading manifest file '../../build/camera/camera.egg-info/SOURCES.txt'
[2.058s] writing manifest file '../../build/camera/camera.egg-info/SOURCES.txt'
[2.058s] running build
[2.058s] running build_py
[2.060s] running install
[2.060s] running install_lib
[2.065s] running install_data
[2.066s] copying xacro/gazebo.xacro -> /home/kisangpark/ros2_ws/install/camera/share/camera/xacro
[2.067s] running install_egg_info
[2.072s] removing '/home/kisangpark/ros2_ws/install/camera/lib/python3.10/site-packages/camera-0.0.0-py3.10.egg-info' (and everything under it)
[2.073s] Copying ../../build/camera/camera.egg-info to /home/kisangpark/ros2_ws/install/camera/lib/python3.10/site-packages/camera-0.0.0-py3.10.egg-info
[2.077s] running install_scripts
[2.151s] writing list of installed files to '/home/kisangpark/ros2_ws/build/camera/install.log'
[2.222s] Invoked command in '/home/kisangpark/ros2_ws/src/camera' returned '0': PYTHONPATH=/home/kisangpark/ros2_ws/build/camera/prefix_override:/usr/lib/python3/dist-packages/colcon_core/task/python/colcon_distutils_commands:/home/kisangpark/ros2_ws/install/camera/lib/python3.10/site-packages:${PYTHONPATH} /usr/bin/python3 -W ignore:setup.py install is deprecated -W ignore:easy_install command is deprecated setup.py egg_info --egg-base ../../build/camera build --build-base /home/kisangpark/ros2_ws/build/camera/build install --record /home/kisangpark/ros2_ws/build/camera/install.log --single-version-externally-managed install_data
