[0.215s] DEBUG:colcon:Command line arguments: ['/usr/bin/colcon', 'build', '--packages-select', 'gazebo_tutorial']
[0.216s] DEBUG:colcon:Parsed command line arguments: Namespace(log_base=None, log_level=None, verb_name='build', build_base='build', install_base='install', merge_install=False, symlink_install=False, test_result_base=None, continue_on_error=False, executor='parallel', parallel_workers=2, event_handlers=None, ignore_user_meta=False, metas=['./colcon.meta'], base_paths=['.'], packages_ignore=None, packages_ignore_regex=None, paths=None, packages_up_to=None, packages_up_to_regex=None, packages_above=None, packages_above_and_dependencies=None, packages_above_depth=None, packages_select_by_dep=None, packages_skip_by_dep=None, packages_skip_up_to=None, packages_select_build_failed=False, packages_skip_build_finished=False, packages_select_test_failures=False, packages_skip_test_passed=False, packages_select=['gazebo_tutorial'], packages_skip=None, packages_select_regex=None, packages_skip_regex=None, packages_start=None, packages_end=None, allow_overriding=[], cmake_args=None, cmake_target=None, cmake_target_skip_unavailable=False, cmake_clean_cache=False, cmake_clean_first=False, cmake_force_configure=False, ament_cmake_args=None, catkin_cmake_args=None, catkin_skip_building_tests=False, mixin_files=None, mixin=None, verb_parser=<colcon_mixin.mixin.mixin_argument.MixinArgumentDecorator object at 0x73898184dc00>, verb_extension=<colcon_core.verb.build.BuildVerb object at 0x7389819c7370>, main=<bound method BuildVerb.main of <colcon_core.verb.build.BuildVerb object at 0x7389819c7370>>, mixin_verb=('build',))
[0.500s] Level 1:colcon.colcon_core.package_discovery:discover_packages(colcon_meta) check parameters
[0.500s] Level 1:colcon.colcon_core.package_discovery:discover_packages(recursive) check parameters
[0.500s] Level 1:colcon.colcon_core.package_discovery:discover_packages(ignore) check parameters
[0.500s] Level 1:colcon.colcon_core.package_discovery:discover_packages(path) check parameters
[0.500s] Level 1:colcon.colcon_core.package_discovery:discover_packages(colcon_meta) discover
[0.500s] Level 1:colcon.colcon_core.package_discovery:discover_packages(recursive) discover
[0.501s] INFO:colcon.colcon_core.package_discovery:Crawling recursively for packages in '/home/kisangpark/ros2_ws'
[0.501s] Level 1:colcon.colcon_core.package_identification:_identify(.) by extensions ['ignore', 'ignore_ament_install']
[0.501s] Level 1:colcon.colcon_core.package_identification:_identify(.) by extension 'ignore'
[0.502s] Level 1:colcon.colcon_core.package_identification:_identify(.) by extension 'ignore_ament_install'
[0.502s] Level 1:colcon.colcon_core.package_identification:_identify(.) by extensions ['colcon_pkg']
[0.502s] Level 1:colcon.colcon_core.package_identification:_identify(.) by extension 'colcon_pkg'
[0.502s] Level 1:colcon.colcon_core.package_identification:_identify(.) by extensions ['colcon_meta']
[0.502s] Level 1:colcon.colcon_core.package_identification:_identify(.) by extension 'colcon_meta'
[0.502s] Level 1:colcon.colcon_core.package_identification:_identify(.) by extensions ['ros']
[0.503s] Level 1:colcon.colcon_core.package_identification:_identify(.) by extension 'ros'
[0.549s] Level 1:colcon.colcon_core.package_identification:_identify(.) by extensions ['cmake', 'python']
[0.550s] Level 1:colcon.colcon_core.package_identification:_identify(.) by extension 'cmake'
[0.550s] Level 1:colcon.colcon_core.package_identification:_identify(.) by extension 'python'
[0.550s] Level 1:colcon.colcon_core.package_identification:_identify(.) by extensions ['python_setup_py']
[0.550s] Level 1:colcon.colcon_core.package_identification:_identify(.) by extension 'python_setup_py'
[0.551s] Level 1:colcon.colcon_core.package_identification:_identify(build) by extensions ['ignore', 'ignore_ament_install']
[0.551s] Level 1:colcon.colcon_core.package_identification:_identify(build) by extension 'ignore'
[0.551s] Level 1:colcon.colcon_core.package_identification:_identify(build) ignored
[0.552s] Level 1:colcon.colcon_core.package_identification:_identify(install) by extensions ['ignore', 'ignore_ament_install']
[0.552s] Level 1:colcon.colcon_core.package_identification:_identify(install) by extension 'ignore'
[0.552s] Level 1:colcon.colcon_core.package_identification:_identify(install) ignored
[0.552s] Level 1:colcon.colcon_core.package_identification:_identify(log) by extensions ['ignore', 'ignore_ament_install']
[0.552s] Level 1:colcon.colcon_core.package_identification:_identify(log) by extension 'ignore'
[0.552s] Level 1:colcon.colcon_core.package_identification:_identify(log) ignored
[0.553s] Level 1:colcon.colcon_core.package_identification:_identify(src) by extensions ['ignore', 'ignore_ament_install']
[0.553s] Level 1:colcon.colcon_core.package_identification:_identify(src) by extension 'ignore'
[0.553s] Level 1:colcon.colcon_core.package_identification:_identify(src) by extension 'ignore_ament_install'
[0.553s] Level 1:colcon.colcon_core.package_identification:_identify(src) by extensions ['colcon_pkg']
[0.553s] Level 1:colcon.colcon_core.package_identification:_identify(src) by extension 'colcon_pkg'
[0.553s] Level 1:colcon.colcon_core.package_identification:_identify(src) by extensions ['colcon_meta']
[0.553s] Level 1:colcon.colcon_core.package_identification:_identify(src) by extension 'colcon_meta'
[0.553s] Level 1:colcon.colcon_core.package_identification:_identify(src) by extensions ['ros']
[0.553s] Level 1:colcon.colcon_core.package_identification:_identify(src) by extension 'ros'
[0.553s] Level 1:colcon.colcon_core.package_identification:_identify(src) by extensions ['cmake', 'python']
[0.554s] Level 1:colcon.colcon_core.package_identification:_identify(src) by extension 'cmake'
[0.554s] Level 1:colcon.colcon_core.package_identification:_identify(src) by extension 'python'
[0.554s] Level 1:colcon.colcon_core.package_identification:_identify(src) by extensions ['python_setup_py']
[0.554s] Level 1:colcon.colcon_core.package_identification:_identify(src) by extension 'python_setup_py'
[0.554s] Level 1:colcon.colcon_core.package_identification:_identify(src/gazebo_tutorial) by extensions ['ignore', 'ignore_ament_install']
[0.554s] Level 1:colcon.colcon_core.package_identification:_identify(src/gazebo_tutorial) by extension 'ignore'
[0.554s] Level 1:colcon.colcon_core.package_identification:_identify(src/gazebo_tutorial) by extension 'ignore_ament_install'
[0.554s] Level 1:colcon.colcon_core.package_identification:_identify(src/gazebo_tutorial) by extensions ['colcon_pkg']
[0.554s] Level 1:colcon.colcon_core.package_identification:_identify(src/gazebo_tutorial) by extension 'colcon_pkg'
[0.554s] Level 1:colcon.colcon_core.package_identification:_identify(src/gazebo_tutorial) by extensions ['colcon_meta']
[0.554s] Level 1:colcon.colcon_core.package_identification:_identify(src/gazebo_tutorial) by extension 'colcon_meta'
[0.555s] Level 1:colcon.colcon_core.package_identification:_identify(src/gazebo_tutorial) by extensions ['ros']
[0.555s] Level 1:colcon.colcon_core.package_identification:_identify(src/gazebo_tutorial) by extension 'ros'
[0.562s] DEBUG:colcon.colcon_core.package_identification:Package 'src/gazebo_tutorial' with type 'ros.ament_python' and name 'gazebo_tutorial'
[0.562s] Level 1:colcon.colcon_core.package_identification:_identify(src/nani) by extensions ['ignore', 'ignore_ament_install']
[0.562s] Level 1:colcon.colcon_core.package_identification:_identify(src/nani) by extension 'ignore'
[0.562s] Level 1:colcon.colcon_core.package_identification:_identify(src/nani) by extension 'ignore_ament_install'
[0.562s] Level 1:colcon.colcon_core.package_identification:_identify(src/nani) by extensions ['colcon_pkg']
[0.562s] Level 1:colcon.colcon_core.package_identification:_identify(src/nani) by extension 'colcon_pkg'
[0.562s] Level 1:colcon.colcon_core.package_identification:_identify(src/nani) by extensions ['colcon_meta']
[0.562s] Level 1:colcon.colcon_core.package_identification:_identify(src/nani) by extension 'colcon_meta'
[0.562s] Level 1:colcon.colcon_core.package_identification:_identify(src/nani) by extensions ['ros']
[0.563s] Level 1:colcon.colcon_core.package_identification:_identify(src/nani) by extension 'ros'
[0.563s] Level 1:colcon.colcon_core.package_identification:_identify(src/nani) by extensions ['cmake', 'python']
[0.563s] Level 1:colcon.colcon_core.package_identification:_identify(src/nani) by extension 'cmake'
[0.563s] Level 1:colcon.colcon_core.package_identification:_identify(src/nani) by extension 'python'
[0.563s] Level 1:colcon.colcon_core.package_identification:_identify(src/nani) by extensions ['python_setup_py']
[0.563s] Level 1:colcon.colcon_core.package_identification:_identify(src/nani) by extension 'python_setup_py'
[0.563s] Level 1:colcon.colcon_core.package_identification:_identify(src/ridar) by extensions ['ignore', 'ignore_ament_install']
[0.563s] Level 1:colcon.colcon_core.package_identification:_identify(src/ridar) by extension 'ignore'
[0.563s] Level 1:colcon.colcon_core.package_identification:_identify(src/ridar) by extension 'ignore_ament_install'
[0.563s] Level 1:colcon.colcon_core.package_identification:_identify(src/ridar) by extensions ['colcon_pkg']
[0.563s] Level 1:colcon.colcon_core.package_identification:_identify(src/ridar) by extension 'colcon_pkg'
[0.563s] Level 1:colcon.colcon_core.package_identification:_identify(src/ridar) by extensions ['colcon_meta']
[0.563s] Level 1:colcon.colcon_core.package_identification:_identify(src/ridar) by extension 'colcon_meta'
[0.564s] Level 1:colcon.colcon_core.package_identification:_identify(src/ridar) by extensions ['ros']
[0.564s] Level 1:colcon.colcon_core.package_identification:_identify(src/ridar) by extension 'ros'
[0.564s] DEBUG:colcon.colcon_core.package_identification:Package 'src/ridar' with type 'ros.ament_python' and name 'ridar'
[0.564s] Level 1:colcon.colcon_core.package_discovery:discover_packages(recursive) using defaults
[0.564s] Level 1:colcon.colcon_core.package_discovery:discover_packages(ignore) discover
[0.564s] Level 1:colcon.colcon_core.package_discovery:discover_packages(ignore) using defaults
[0.565s] Level 1:colcon.colcon_core.package_discovery:discover_packages(path) discover
[0.565s] Level 1:colcon.colcon_core.package_discovery:discover_packages(path) using defaults
[0.624s] INFO:colcon.colcon_core.package_selection:Skipping not selected package 'ridar' in 'src/ridar'
[0.624s] Level 1:colcon.colcon_core.package_discovery:discover_packages(prefix_path) check parameters
[0.624s] Level 1:colcon.colcon_core.package_discovery:discover_packages(prefix_path) discover
[0.629s] DEBUG:colcon.colcon_installed_package_information.package_discovery:Found 2 installed packages in /home/kisangpark/ros2_ws/install
[0.632s] DEBUG:colcon.colcon_installed_package_information.package_discovery:Found 334 installed packages in /opt/ros/humble
[0.636s] Level 1:colcon.colcon_core.package_discovery:discover_packages(prefix_path) using defaults
[0.777s] Level 5:colcon.colcon_core.verb:set package 'gazebo_tutorial' build argument 'cmake_args' from command line to 'None'
[0.777s] Level 5:colcon.colcon_core.verb:set package 'gazebo_tutorial' build argument 'cmake_target' from command line to 'None'
[0.777s] Level 5:colcon.colcon_core.verb:set package 'gazebo_tutorial' build argument 'cmake_target_skip_unavailable' from command line to 'False'
[0.778s] Level 5:colcon.colcon_core.verb:set package 'gazebo_tutorial' build argument 'cmake_clean_cache' from command line to 'False'
[0.778s] Level 5:colcon.colcon_core.verb:set package 'gazebo_tutorial' build argument 'cmake_clean_first' from command line to 'False'
[0.778s] Level 5:colcon.colcon_core.verb:set package 'gazebo_tutorial' build argument 'cmake_force_configure' from command line to 'False'
[0.778s] Level 5:colcon.colcon_core.verb:set package 'gazebo_tutorial' build argument 'ament_cmake_args' from command line to 'None'
[0.778s] Level 5:colcon.colcon_core.verb:set package 'gazebo_tutorial' build argument 'catkin_cmake_args' from command line to 'None'
[0.778s] Level 5:colcon.colcon_core.verb:set package 'gazebo_tutorial' build argument 'catkin_skip_building_tests' from command line to 'False'
[0.778s] DEBUG:colcon.colcon_core.verb:Building package 'gazebo_tutorial' with the following arguments: {'ament_cmake_args': None, 'build_base': '/home/kisangpark/ros2_ws/build/gazebo_tutorial', 'catkin_cmake_args': None, 'catkin_skip_building_tests': False, 'cmake_args': None, 'cmake_clean_cache': False, 'cmake_clean_first': False, 'cmake_force_configure': False, 'cmake_target': None, 'cmake_target_skip_unavailable': False, 'install_base': '/home/kisangpark/ros2_ws/install/gazebo_tutorial', 'merge_install': False, 'path': '/home/kisangpark/ros2_ws/src/gazebo_tutorial', 'symlink_install': False, 'test_result_base': None}
[0.778s] INFO:colcon.colcon_core.executor:Executing jobs using 'parallel' executor
[0.779s] DEBUG:colcon.colcon_parallel_executor.executor.parallel:run_until_complete
[0.780s] INFO:colcon.colcon_ros.task.ament_python.build:Building ROS package in '/home/kisangpark/ros2_ws/src/gazebo_tutorial' with build type 'ament_python'
[0.780s] Level 1:colcon.colcon_core.shell:create_environment_hook('gazebo_tutorial', 'ament_prefix_path')
[0.784s] INFO:colcon.colcon_core.plugin_system:Skipping extension 'colcon_core.shell.bat': Not used on non-Windows systems
[0.784s] INFO:colcon.colcon_core.shell:Creating environment hook '/home/kisangpark/ros2_ws/install/gazebo_tutorial/share/gazebo_tutorial/hook/ament_prefix_path.ps1'
[0.785s] INFO:colcon.colcon_core.shell:Creating environment descriptor '/home/kisangpark/ros2_ws/install/gazebo_tutorial/share/gazebo_tutorial/hook/ament_prefix_path.dsv'
[0.786s] INFO:colcon.colcon_core.shell:Creating environment hook '/home/kisangpark/ros2_ws/install/gazebo_tutorial/share/gazebo_tutorial/hook/ament_prefix_path.sh'
[0.787s] INFO:colcon.colcon_core.shell:Skip shell extension 'powershell' for command environment: Not usable outside of PowerShell
[0.787s] DEBUG:colcon.colcon_core.shell:Skip shell extension 'dsv' for command environment
[1.280s] INFO:colcon.colcon_core.task.python.build:Building Python package in '/home/kisangpark/ros2_ws/src/gazebo_tutorial'
[1.280s] INFO:colcon.colcon_core.shell:Skip shell extension 'powershell' for command environment: Not usable outside of PowerShell
[1.281s] DEBUG:colcon.colcon_core.shell:Skip shell extension 'dsv' for command environment
[1.891s] DEBUG:colcon.colcon_core.event_handler.log_command:Invoking command in '/home/kisangpark/ros2_ws/src/gazebo_tutorial': PYTHONPATH=/home/kisangpark/ros2_ws/build/gazebo_tutorial/prefix_override:/usr/lib/python3/dist-packages/colcon_core/task/python/colcon_distutils_commands:/home/kisangpark/ros2_ws/install/gazebo_tutorial/lib/python3.10/site-packages:${PYTHONPATH} /usr/bin/python3 -W ignore:setup.py install is deprecated -W ignore:easy_install command is deprecated setup.py egg_info --egg-base ../../build/gazebo_tutorial build --build-base /home/kisangpark/ros2_ws/build/gazebo_tutorial/build install --record /home/kisangpark/ros2_ws/build/gazebo_tutorial/install.log --single-version-externally-managed install_data
[2.440s] DEBUG:colcon.colcon_core.event_handler.log_command:Invoked command in '/home/kisangpark/ros2_ws/src/gazebo_tutorial' returned '0': PYTHONPATH=/home/kisangpark/ros2_ws/build/gazebo_tutorial/prefix_override:/usr/lib/python3/dist-packages/colcon_core/task/python/colcon_distutils_commands:/home/kisangpark/ros2_ws/install/gazebo_tutorial/lib/python3.10/site-packages:${PYTHONPATH} /usr/bin/python3 -W ignore:setup.py install is deprecated -W ignore:easy_install command is deprecated setup.py egg_info --egg-base ../../build/gazebo_tutorial build --build-base /home/kisangpark/ros2_ws/build/gazebo_tutorial/build install --record /home/kisangpark/ros2_ws/build/gazebo_tutorial/install.log --single-version-externally-managed install_data
[2.446s] Level 1:colcon.colcon_core.environment:checking '/home/kisangpark/ros2_ws/install/gazebo_tutorial' for CMake module files
[2.447s] Level 1:colcon.colcon_core.environment:checking '/home/kisangpark/ros2_ws/install/gazebo_tutorial' for CMake config files
[2.449s] Level 1:colcon.colcon_core.environment:checking '/home/kisangpark/ros2_ws/install/gazebo_tutorial/lib'
[2.450s] Level 1:colcon.colcon_core.environment:checking '/home/kisangpark/ros2_ws/install/gazebo_tutorial/bin'
[2.450s] Level 1:colcon.colcon_core.environment:checking '/home/kisangpark/ros2_ws/install/gazebo_tutorial/lib/pkgconfig/gazebo_tutorial.pc'
[2.451s] Level 1:colcon.colcon_core.environment:checking '/home/kisangpark/ros2_ws/install/gazebo_tutorial/lib/python3.10/site-packages'
[2.451s] Level 1:colcon.colcon_core.shell:create_environment_hook('gazebo_tutorial', 'pythonpath')
[2.451s] INFO:colcon.colcon_core.shell:Creating environment hook '/home/kisangpark/ros2_ws/install/gazebo_tutorial/share/gazebo_tutorial/hook/pythonpath.ps1'
[2.453s] INFO:colcon.colcon_core.shell:Creating environment descriptor '/home/kisangpark/ros2_ws/install/gazebo_tutorial/share/gazebo_tutorial/hook/pythonpath.dsv'
[2.454s] INFO:colcon.colcon_core.shell:Creating environment hook '/home/kisangpark/ros2_ws/install/gazebo_tutorial/share/gazebo_tutorial/hook/pythonpath.sh'
[2.457s] Level 1:colcon.colcon_core.environment:checking '/home/kisangpark/ros2_ws/install/gazebo_tutorial/bin'
[2.457s] Level 1:colcon.colcon_core.environment:create_environment_scripts_only(gazebo_tutorial)
[2.458s] INFO:colcon.colcon_core.shell:Creating package script '/home/kisangpark/ros2_ws/install/gazebo_tutorial/share/gazebo_tutorial/package.ps1'
[2.461s] INFO:colcon.colcon_core.shell:Creating package descriptor '/home/kisangpark/ros2_ws/install/gazebo_tutorial/share/gazebo_tutorial/package.dsv'
[2.463s] INFO:colcon.colcon_core.shell:Creating package script '/home/kisangpark/ros2_ws/install/gazebo_tutorial/share/gazebo_tutorial/package.sh'
[2.466s] INFO:colcon.colcon_core.shell:Creating package script '/home/kisangpark/ros2_ws/install/gazebo_tutorial/share/gazebo_tutorial/package.bash'
[2.468s] INFO:colcon.colcon_core.shell:Creating package script '/home/kisangpark/ros2_ws/install/gazebo_tutorial/share/gazebo_tutorial/package.zsh'
[2.471s] Level 1:colcon.colcon_core.environment:create_file_with_runtime_dependencies(/home/kisangpark/ros2_ws/install/gazebo_tutorial/share/colcon-core/packages/gazebo_tutorial)
[2.472s] DEBUG:colcon.colcon_parallel_executor.executor.parallel:closing loop
[2.473s] DEBUG:colcon.colcon_parallel_executor.executor.parallel:loop closed
[2.473s] DEBUG:colcon.colcon_parallel_executor.executor.parallel:run_until_complete finished with '0'
[2.474s] DEBUG:colcon.colcon_core.event_reactor:joining thread
[2.494s] INFO:colcon.colcon_core.plugin_system:Skipping extension 'colcon_notification.desktop_notification.terminal_notifier': Not used on non-Darwin systems
[2.494s] INFO:colcon.colcon_core.plugin_system:Skipping extension 'colcon_notification.desktop_notification.win32': Not used on non-Windows systems
[2.494s] INFO:colcon.colcon_notification.desktop_notification:Sending desktop notification using 'notify2'
[2.532s] DEBUG:colcon.colcon_core.event_reactor:joined thread
[2.532s] INFO:colcon.colcon_core.shell:Creating prefix script '/home/kisangpark/ros2_ws/install/local_setup.ps1'
[2.534s] INFO:colcon.colcon_core.shell:Creating prefix util module '/home/kisangpark/ros2_ws/install/_local_setup_util_ps1.py'
[2.536s] INFO:colcon.colcon_core.shell:Creating prefix chain script '/home/kisangpark/ros2_ws/install/setup.ps1'
[2.539s] INFO:colcon.colcon_core.shell:Creating prefix script '/home/kisangpark/ros2_ws/install/local_setup.sh'
[2.540s] INFO:colcon.colcon_core.shell:Creating prefix util module '/home/kisangpark/ros2_ws/install/_local_setup_util_sh.py'
[2.541s] INFO:colcon.colcon_core.shell:Creating prefix chain script '/home/kisangpark/ros2_ws/install/setup.sh'
[2.545s] INFO:colcon.colcon_core.shell:Creating prefix script '/home/kisangpark/ros2_ws/install/local_setup.bash'
[2.546s] INFO:colcon.colcon_core.shell:Creating prefix chain script '/home/kisangpark/ros2_ws/install/setup.bash'
[2.548s] INFO:colcon.colcon_core.shell:Creating prefix script '/home/kisangpark/ros2_ws/install/local_setup.zsh'
[2.550s] INFO:colcon.colcon_core.shell:Creating prefix chain script '/home/kisangpark/ros2_ws/install/setup.zsh'
