[0.457s] Invoking command in '/home/inhwan/ros2_ws1/src/my_robot': PYTHONPATH=/home/inhwan/ros2_ws1/build/my_robot/prefix_override:/usr/lib/python3/dist-packages/colcon_core/task/python/colcon_distutils_commands:/home/inhwan/ros2_ws1/install/my_robot/lib/python3.8/site-packages:${PYTHONPATH} /usr/bin/python3 -W ignore:setup.py install is deprecated -W ignore:easy_install command is deprecated setup.py egg_info --egg-base ../../build/my_robot build --build-base /home/inhwan/ros2_ws1/build/my_robot/build install --record /home/inhwan/ros2_ws1/build/my_robot/install.log --install-scripts $base/lib/my_robot --single-version-externally-managed install_data
[0.607s] running egg_info
[0.608s] writing ../../build/my_robot/my_robot.egg-info/PKG-INFO
[0.608s] writing dependency_links to ../../build/my_robot/my_robot.egg-info/dependency_links.txt
[0.608s] writing entry points to ../../build/my_robot/my_robot.egg-info/entry_points.txt
[0.608s] writing requirements to ../../build/my_robot/my_robot.egg-info/requires.txt
[0.608s] writing top-level names to ../../build/my_robot/my_robot.egg-info/top_level.txt
[0.632s] reading manifest file '../../build/my_robot/my_robot.egg-info/SOURCES.txt'
[0.633s] writing manifest file '../../build/my_robot/my_robot.egg-info/SOURCES.txt'
[0.633s] running build
[0.633s] running build_py
[0.633s] running install
[0.633s] running install_lib
[0.634s] running install_data
[0.634s] running install_egg_info
[0.636s] removing '/home/inhwan/ros2_ws1/install/my_robot/lib/python3.8/site-packages/my_robot-0.0.0-py3.8.egg-info' (and everything under it)
[0.636s] Copying ../../build/my_robot/my_robot.egg-info to /home/inhwan/ros2_ws1/install/my_robot/lib/python3.8/site-packages/my_robot-0.0.0-py3.8.egg-info
[0.636s] running install_scripts
[0.648s] writing list of installed files to '/home/inhwan/ros2_ws1/build/my_robot/install.log'
[0.659s] Invoked command in '/home/inhwan/ros2_ws1/src/my_robot' returned '0': PYTHONPATH=/home/inhwan/ros2_ws1/build/my_robot/prefix_override:/usr/lib/python3/dist-packages/colcon_core/task/python/colcon_distutils_commands:/home/inhwan/ros2_ws1/install/my_robot/lib/python3.8/site-packages:${PYTHONPATH} /usr/bin/python3 -W ignore:setup.py install is deprecated -W ignore:easy_install command is deprecated setup.py egg_info --egg-base ../../build/my_robot build --build-base /home/inhwan/ros2_ws1/build/my_robot/build install --record /home/inhwan/ros2_ws1/build/my_robot/install.log --install-scripts $base/lib/my_robot --single-version-externally-managed install_data
