[1.213s] DEBUG:colcon:Command line arguments: ['/usr/bin/colcon', 'build', '--packages-select', 'camera']
[1.213s] DEBUG:colcon:Parsed command line arguments: Namespace(log_base=None, log_level=None, verb_name='build', build_base='build', install_base='install', merge_install=False, symlink_install=False, test_result_base=None, continue_on_error=False, executor='parallel', parallel_workers=2, event_handlers=None, ignore_user_meta=False, metas=['./colcon.meta'], base_paths=['.'], packages_ignore=None, packages_ignore_regex=None, paths=None, packages_up_to=None, packages_up_to_regex=None, packages_above=None, packages_above_and_dependencies=None, packages_above_depth=None, packages_select_by_dep=None, packages_skip_by_dep=None, packages_skip_up_to=None, packages_select_build_failed=False, packages_skip_build_finished=False, packages_select_test_failures=False, packages_skip_test_passed=False, packages_select=['camera'], packages_skip=None, packages_select_regex=None, packages_skip_regex=None, packages_start=None, packages_end=None, allow_overriding=[], cmake_args=None, cmake_target=None, cmake_target_skip_unavailable=False, cmake_clean_cache=False, cmake_clean_first=False, cmake_force_configure=False, ament_cmake_args=None, catkin_cmake_args=None, catkin_skip_building_tests=False, mixin_files=None, mixin=None, verb_parser=<colcon_mixin.mixin.mixin_argument.MixinArgumentDecorator object at 0x78e03fc4d630>, verb_extension=<colcon_core.verb.build.BuildVerb object at 0x78e03fdcada0>, main=<bound method BuildVerb.main of <colcon_core.verb.build.BuildVerb object at 0x78e03fdcada0>>, mixin_verb=('build',))
[2.302s] Level 1:colcon.colcon_core.package_discovery:discover_packages(colcon_meta) check parameters
[2.303s] Level 1:colcon.colcon_core.package_discovery:discover_packages(recursive) check parameters
[2.303s] Level 1:colcon.colcon_core.package_discovery:discover_packages(ignore) check parameters
[2.303s] Level 1:colcon.colcon_core.package_discovery:discover_packages(path) check parameters
[2.303s] Level 1:colcon.colcon_core.package_discovery:discover_packages(colcon_meta) discover
[2.304s] Level 1:colcon.colcon_core.package_discovery:discover_packages(recursive) discover
[2.304s] INFO:colcon.colcon_core.package_discovery:Crawling recursively for packages in '/home/kisangpark/ros2_ws'
[2.304s] Level 1:colcon.colcon_core.package_identification:_identify(.) by extensions ['ignore', 'ignore_ament_install']
[2.304s] Level 1:colcon.colcon_core.package_identification:_identify(.) by extension 'ignore'
[2.305s] Level 1:colcon.colcon_core.package_identification:_identify(.) by extension 'ignore_ament_install'
[2.305s] Level 1:colcon.colcon_core.package_identification:_identify(.) by extensions ['colcon_pkg']
[2.305s] Level 1:colcon.colcon_core.package_identification:_identify(.) by extension 'colcon_pkg'
[2.305s] Level 1:colcon.colcon_core.package_identification:_identify(.) by extensions ['colcon_meta']
[2.305s] Level 1:colcon.colcon_core.package_identification:_identify(.) by extension 'colcon_meta'
[2.305s] Level 1:colcon.colcon_core.package_identification:_identify(.) by extensions ['ros']
[2.305s] Level 1:colcon.colcon_core.package_identification:_identify(.) by extension 'ros'
[2.351s] Level 1:colcon.colcon_core.package_identification:_identify(.) by extensions ['cmake', 'python']
[2.351s] Level 1:colcon.colcon_core.package_identification:_identify(.) by extension 'cmake'
[2.352s] Level 1:colcon.colcon_core.package_identification:_identify(.) by extension 'python'
[2.352s] Level 1:colcon.colcon_core.package_identification:_identify(.) by extensions ['python_setup_py']
[2.352s] Level 1:colcon.colcon_core.package_identification:_identify(.) by extension 'python_setup_py'
[2.352s] Level 1:colcon.colcon_core.package_identification:_identify(build) by extensions ['ignore', 'ignore_ament_install']
[2.353s] Level 1:colcon.colcon_core.package_identification:_identify(build) by extension 'ignore'
[2.353s] Level 1:colcon.colcon_core.package_identification:_identify(build) ignored
[2.353s] Level 1:colcon.colcon_core.package_identification:_identify(install) by extensions ['ignore', 'ignore_ament_install']
[2.354s] Level 1:colcon.colcon_core.package_identification:_identify(install) by extension 'ignore'
[2.354s] Level 1:colcon.colcon_core.package_identification:_identify(install) ignored
[2.354s] Level 1:colcon.colcon_core.package_identification:_identify(log) by extensions ['ignore', 'ignore_ament_install']
[2.355s] Level 1:colcon.colcon_core.package_identification:_identify(log) by extension 'ignore'
[2.355s] Level 1:colcon.colcon_core.package_identification:_identify(log) ignored
[2.355s] Level 1:colcon.colcon_core.package_identification:_identify(src) by extensions ['ignore', 'ignore_ament_install']
[2.355s] Level 1:colcon.colcon_core.package_identification:_identify(src) by extension 'ignore'
[2.355s] Level 1:colcon.colcon_core.package_identification:_identify(src) by extension 'ignore_ament_install'
[2.356s] Level 1:colcon.colcon_core.package_identification:_identify(src) by extensions ['colcon_pkg']
[2.356s] Level 1:colcon.colcon_core.package_identification:_identify(src) by extension 'colcon_pkg'
[2.356s] Level 1:colcon.colcon_core.package_identification:_identify(src) by extensions ['colcon_meta']
[2.356s] Level 1:colcon.colcon_core.package_identification:_identify(src) by extension 'colcon_meta'
[2.356s] Level 1:colcon.colcon_core.package_identification:_identify(src) by extensions ['ros']
[2.356s] Level 1:colcon.colcon_core.package_identification:_identify(src) by extension 'ros'
[2.357s] Level 1:colcon.colcon_core.package_identification:_identify(src) by extensions ['cmake', 'python']
[2.357s] Level 1:colcon.colcon_core.package_identification:_identify(src) by extension 'cmake'
[2.357s] Level 1:colcon.colcon_core.package_identification:_identify(src) by extension 'python'
[2.357s] Level 1:colcon.colcon_core.package_identification:_identify(src) by extensions ['python_setup_py']
[2.357s] Level 1:colcon.colcon_core.package_identification:_identify(src) by extension 'python_setup_py'
[2.357s] Level 1:colcon.colcon_core.package_identification:_identify(src/camera) by extensions ['ignore', 'ignore_ament_install']
[2.358s] Level 1:colcon.colcon_core.package_identification:_identify(src/camera) by extension 'ignore'
[2.358s] Level 1:colcon.colcon_core.package_identification:_identify(src/camera) by extension 'ignore_ament_install'
[2.358s] Level 1:colcon.colcon_core.package_identification:_identify(src/camera) by extensions ['colcon_pkg']
[2.358s] Level 1:colcon.colcon_core.package_identification:_identify(src/camera) by extension 'colcon_pkg'
[2.358s] Level 1:colcon.colcon_core.package_identification:_identify(src/camera) by extensions ['colcon_meta']
[2.358s] Level 1:colcon.colcon_core.package_identification:_identify(src/camera) by extension 'colcon_meta'
[2.359s] Level 1:colcon.colcon_core.package_identification:_identify(src/camera) by extensions ['ros']
[2.359s] Level 1:colcon.colcon_core.package_identification:_identify(src/camera) by extension 'ros'
[2.372s] DEBUG:colcon.colcon_core.package_identification:Package 'src/camera' with type 'ros.ament_python' and name 'camera'
[2.373s] Level 1:colcon.colcon_core.package_identification:_identify(src/gazebo_tutorial) by extensions ['ignore', 'ignore_ament_install']
[2.373s] Level 1:colcon.colcon_core.package_identification:_identify(src/gazebo_tutorial) by extension 'ignore'
[2.374s] Level 1:colcon.colcon_core.package_identification:_identify(src/gazebo_tutorial) by extension 'ignore_ament_install'
[2.374s] Level 1:colcon.colcon_core.package_identification:_identify(src/gazebo_tutorial) by extensions ['colcon_pkg']
[2.374s] Level 1:colcon.colcon_core.package_identification:_identify(src/gazebo_tutorial) by extension 'colcon_pkg'
[2.374s] Level 1:colcon.colcon_core.package_identification:_identify(src/gazebo_tutorial) by extensions ['colcon_meta']
[2.375s] Level 1:colcon.colcon_core.package_identification:_identify(src/gazebo_tutorial) by extension 'colcon_meta'
[2.375s] Level 1:colcon.colcon_core.package_identification:_identify(src/gazebo_tutorial) by extensions ['ros']
[2.375s] Level 1:colcon.colcon_core.package_identification:_identify(src/gazebo_tutorial) by extension 'ros'
[2.378s] DEBUG:colcon.colcon_core.package_identification:Package 'src/gazebo_tutorial' with type 'ros.ament_python' and name 'gazebo_tutorial'
[2.379s] Level 1:colcon.colcon_core.package_identification:_identify(src/lidar_car) by extensions ['ignore', 'ignore_ament_install']
[2.379s] Level 1:colcon.colcon_core.package_identification:_identify(src/lidar_car) by extension 'ignore'
[2.379s] Level 1:colcon.colcon_core.package_identification:_identify(src/lidar_car) by extension 'ignore_ament_install'
[2.380s] Level 1:colcon.colcon_core.package_identification:_identify(src/lidar_car) by extensions ['colcon_pkg']
[2.380s] Level 1:colcon.colcon_core.package_identification:_identify(src/lidar_car) by extension 'colcon_pkg'
[2.380s] Level 1:colcon.colcon_core.package_identification:_identify(src/lidar_car) by extensions ['colcon_meta']
[2.380s] Level 1:colcon.colcon_core.package_identification:_identify(src/lidar_car) by extension 'colcon_meta'
[2.380s] Level 1:colcon.colcon_core.package_identification:_identify(src/lidar_car) by extensions ['ros']
[2.380s] Level 1:colcon.colcon_core.package_identification:_identify(src/lidar_car) by extension 'ros'
[2.383s] DEBUG:colcon.colcon_core.package_identification:Package 'src/lidar_car' with type 'ros.ament_python' and name 'lidar_car'
[2.383s] Level 1:colcon.colcon_core.package_discovery:discover_packages(recursive) using defaults
[2.383s] Level 1:colcon.colcon_core.package_discovery:discover_packages(ignore) discover
[2.383s] Level 1:colcon.colcon_core.package_discovery:discover_packages(ignore) using defaults
[2.384s] Level 1:colcon.colcon_core.package_discovery:discover_packages(path) discover
[2.384s] Level 1:colcon.colcon_core.package_discovery:discover_packages(path) using defaults
[2.539s] INFO:colcon.colcon_core.package_selection:Skipping not selected package 'gazebo_tutorial' in 'src/gazebo_tutorial'
[2.539s] INFO:colcon.colcon_core.package_selection:Skipping not selected package 'lidar_car' in 'src/lidar_car'
[2.542s] Level 1:colcon.colcon_core.package_discovery:discover_packages(prefix_path) check parameters
[2.542s] Level 1:colcon.colcon_core.package_discovery:discover_packages(prefix_path) discover
[2.560s] DEBUG:colcon.colcon_installed_package_information.package_discovery:Found 334 installed packages in /opt/ros/humble
[2.565s] Level 1:colcon.colcon_core.package_discovery:discover_packages(prefix_path) using defaults
[2.729s] Level 5:colcon.colcon_core.verb:set package 'camera' build argument 'cmake_args' from command line to 'None'
[2.729s] Level 5:colcon.colcon_core.verb:set package 'camera' build argument 'cmake_target' from command line to 'None'
[2.729s] Level 5:colcon.colcon_core.verb:set package 'camera' build argument 'cmake_target_skip_unavailable' from command line to 'False'
[2.729s] Level 5:colcon.colcon_core.verb:set package 'camera' build argument 'cmake_clean_cache' from command line to 'False'
[2.729s] Level 5:colcon.colcon_core.verb:set package 'camera' build argument 'cmake_clean_first' from command line to 'False'
[2.729s] Level 5:colcon.colcon_core.verb:set package 'camera' build argument 'cmake_force_configure' from command line to 'False'
[2.730s] Level 5:colcon.colcon_core.verb:set package 'camera' build argument 'ament_cmake_args' from command line to 'None'
[2.730s] Level 5:colcon.colcon_core.verb:set package 'camera' build argument 'catkin_cmake_args' from command line to 'None'
[2.730s] Level 5:colcon.colcon_core.verb:set package 'camera' build argument 'catkin_skip_building_tests' from command line to 'False'
[2.730s] DEBUG:colcon.colcon_core.verb:Building package 'camera' with the following arguments: {'ament_cmake_args': None, 'build_base': '/home/kisangpark/ros2_ws/build/camera', 'catkin_cmake_args': None, 'catkin_skip_building_tests': False, 'cmake_args': None, 'cmake_clean_cache': False, 'cmake_clean_first': False, 'cmake_force_configure': False, 'cmake_target': None, 'cmake_target_skip_unavailable': False, 'install_base': '/home/kisangpark/ros2_ws/install/camera', 'merge_install': False, 'path': '/home/kisangpark/ros2_ws/src/camera', 'symlink_install': False, 'test_result_base': None}
[2.731s] INFO:colcon.colcon_core.executor:Executing jobs using 'parallel' executor
[2.737s] DEBUG:colcon.colcon_parallel_executor.executor.parallel:run_until_complete
[2.738s] INFO:colcon.colcon_ros.task.ament_python.build:Building ROS package in '/home/kisangpark/ros2_ws/src/camera' with build type 'ament_python'
[2.739s] Level 1:colcon.colcon_core.shell:create_environment_hook('camera', 'ament_prefix_path')
[2.765s] INFO:colcon.colcon_core.plugin_system:Skipping extension 'colcon_core.shell.bat': Not used on non-Windows systems
[2.765s] INFO:colcon.colcon_core.shell:Creating environment hook '/home/kisangpark/ros2_ws/install/camera/share/camera/hook/ament_prefix_path.ps1'
[2.776s] INFO:colcon.colcon_core.shell:Creating environment descriptor '/home/kisangpark/ros2_ws/install/camera/share/camera/hook/ament_prefix_path.dsv'
[2.780s] INFO:colcon.colcon_core.shell:Creating environment hook '/home/kisangpark/ros2_ws/install/camera/share/camera/hook/ament_prefix_path.sh'
[2.786s] INFO:colcon.colcon_core.shell:Skip shell extension 'powershell' for command environment: Not usable outside of PowerShell
[2.787s] DEBUG:colcon.colcon_core.shell:Skip shell extension 'dsv' for command environment
[3.867s] INFO:colcon.colcon_core.task.python.build:Building Python package in '/home/kisangpark/ros2_ws/src/camera'
[3.868s] INFO:colcon.colcon_core.shell:Skip shell extension 'powershell' for command environment: Not usable outside of PowerShell
[3.868s] DEBUG:colcon.colcon_core.shell:Skip shell extension 'dsv' for command environment
[5.828s] DEBUG:colcon.colcon_core.event_handler.log_command:Invoking command in '/home/kisangpark/ros2_ws/src/camera': PYTHONPATH=/home/kisangpark/ros2_ws/build/camera/prefix_override:/usr/lib/python3/dist-packages/colcon_core/task/python/colcon_distutils_commands:/home/kisangpark/ros2_ws/install/camera/lib/python3.10/site-packages:${PYTHONPATH} /usr/bin/python3 -W ignore:setup.py install is deprecated -W ignore:easy_install command is deprecated setup.py egg_info --egg-base ../../build/camera build --build-base /home/kisangpark/ros2_ws/build/camera/build install --record /home/kisangpark/ros2_ws/build/camera/install.log --single-version-externally-managed install_data
[7.024s] DEBUG:colcon.colcon_core.event_handler.log_command:Invoked command in '/home/kisangpark/ros2_ws/src/camera' returned '0': PYTHONPATH=/home/kisangpark/ros2_ws/build/camera/prefix_override:/usr/lib/python3/dist-packages/colcon_core/task/python/colcon_distutils_commands:/home/kisangpark/ros2_ws/install/camera/lib/python3.10/site-packages:${PYTHONPATH} /usr/bin/python3 -W ignore:setup.py install is deprecated -W ignore:easy_install command is deprecated setup.py egg_info --egg-base ../../build/camera build --build-base /home/kisangpark/ros2_ws/build/camera/build install --record /home/kisangpark/ros2_ws/build/camera/install.log --single-version-externally-managed install_data
[7.058s] Level 1:colcon.colcon_core.environment:checking '/home/kisangpark/ros2_ws/install/camera' for CMake module files
[7.060s] Level 1:colcon.colcon_core.environment:checking '/home/kisangpark/ros2_ws/install/camera' for CMake config files
[7.064s] Level 1:colcon.colcon_core.environment:checking '/home/kisangpark/ros2_ws/install/camera/lib'
[7.065s] Level 1:colcon.colcon_core.environment:checking '/home/kisangpark/ros2_ws/install/camera/bin'
[7.065s] Level 1:colcon.colcon_core.environment:checking '/home/kisangpark/ros2_ws/install/camera/lib/pkgconfig/camera.pc'
[7.066s] Level 1:colcon.colcon_core.environment:checking '/home/kisangpark/ros2_ws/install/camera/lib/python3.10/site-packages'
[7.066s] Level 1:colcon.colcon_core.shell:create_environment_hook('camera', 'pythonpath')
[7.067s] INFO:colcon.colcon_core.shell:Creating environment hook '/home/kisangpark/ros2_ws/install/camera/share/camera/hook/pythonpath.ps1'
[7.069s] INFO:colcon.colcon_core.shell:Creating environment descriptor '/home/kisangpark/ros2_ws/install/camera/share/camera/hook/pythonpath.dsv'
[7.070s] INFO:colcon.colcon_core.shell:Creating environment hook '/home/kisangpark/ros2_ws/install/camera/share/camera/hook/pythonpath.sh'
[7.073s] Level 1:colcon.colcon_core.environment:checking '/home/kisangpark/ros2_ws/install/camera/bin'
[7.073s] Level 1:colcon.colcon_core.environment:create_environment_scripts_only(camera)
[7.074s] INFO:colcon.colcon_core.shell:Creating package script '/home/kisangpark/ros2_ws/install/camera/share/camera/package.ps1'
[7.079s] INFO:colcon.colcon_core.shell:Creating package descriptor '/home/kisangpark/ros2_ws/install/camera/share/camera/package.dsv'
[7.081s] INFO:colcon.colcon_core.shell:Creating package script '/home/kisangpark/ros2_ws/install/camera/share/camera/package.sh'
[7.086s] INFO:colcon.colcon_core.shell:Creating package script '/home/kisangpark/ros2_ws/install/camera/share/camera/package.bash'
[7.091s] INFO:colcon.colcon_core.shell:Creating package script '/home/kisangpark/ros2_ws/install/camera/share/camera/package.zsh'
[7.093s] Level 1:colcon.colcon_core.environment:create_file_with_runtime_dependencies(/home/kisangpark/ros2_ws/install/camera/share/colcon-core/packages/camera)
[7.096s] DEBUG:colcon.colcon_parallel_executor.executor.parallel:closing loop
[7.097s] DEBUG:colcon.colcon_parallel_executor.executor.parallel:loop closed
[7.097s] DEBUG:colcon.colcon_parallel_executor.executor.parallel:run_until_complete finished with '0'
[7.097s] DEBUG:colcon.colcon_core.event_reactor:joining thread
[7.128s] INFO:colcon.colcon_core.plugin_system:Skipping extension 'colcon_notification.desktop_notification.terminal_notifier': Not used on non-Darwin systems
[7.129s] INFO:colcon.colcon_core.plugin_system:Skipping extension 'colcon_notification.desktop_notification.win32': Not used on non-Windows systems
[7.129s] INFO:colcon.colcon_notification.desktop_notification:Sending desktop notification using 'notify2'
[7.236s] DEBUG:colcon.colcon_core.event_reactor:joined thread
[7.237s] INFO:colcon.colcon_core.shell:Creating prefix script '/home/kisangpark/ros2_ws/install/local_setup.ps1'
[7.247s] INFO:colcon.colcon_core.shell:Creating prefix util module '/home/kisangpark/ros2_ws/install/_local_setup_util_ps1.py'
[7.257s] INFO:colcon.colcon_core.shell:Creating prefix chain script '/home/kisangpark/ros2_ws/install/setup.ps1'
[7.262s] INFO:colcon.colcon_core.shell:Creating prefix script '/home/kisangpark/ros2_ws/install/local_setup.sh'
[7.268s] INFO:colcon.colcon_core.shell:Creating prefix util module '/home/kisangpark/ros2_ws/install/_local_setup_util_sh.py'
[7.272s] INFO:colcon.colcon_core.shell:Creating prefix chain script '/home/kisangpark/ros2_ws/install/setup.sh'
[7.278s] INFO:colcon.colcon_core.shell:Creating prefix script '/home/kisangpark/ros2_ws/install/local_setup.bash'
[7.283s] INFO:colcon.colcon_core.shell:Creating prefix chain script '/home/kisangpark/ros2_ws/install/setup.bash'
[7.289s] INFO:colcon.colcon_core.shell:Creating prefix script '/home/kisangpark/ros2_ws/install/local_setup.zsh'
[7.293s] INFO:colcon.colcon_core.shell:Creating prefix chain script '/home/kisangpark/ros2_ws/install/setup.zsh'
