running egg_info
writing ../../build/camera/camera.egg-info/PKG-INFO
writing dependency_links to ../../build/camera/camera.egg-info/dependency_links.txt
writing entry points to ../../build/camera/camera.egg-info/entry_points.txt
writing requirements to ../../build/camera/camera.egg-info/requires.txt
writing top-level names to ../../build/camera/camera.egg-info/top_level.txt
reading manifest file '../../build/camera/camera.egg-info/SOURCES.txt'
writing manifest file '../../build/camera/camera.egg-info/SOURCES.txt'
running build
running build_py
running install
running install_lib
creating /home/inhwan/ros2_ws1/install/camera/lib/python3.8/site-packages/camera
copying /home/inhwan/ros2_ws1/build/camera/build/lib/camera/__init__.py -> /home/inhwan/ros2_ws1/install/camera/lib/python3.8/site-packages/camera
copying /home/inhwan/ros2_ws1/build/camera/build/lib/camera/cam_process.py -> /home/inhwan/ros2_ws1/install/camera/lib/python3.8/site-packages/camera
byte-compiling /home/inhwan/ros2_ws1/install/camera/lib/python3.8/site-packages/camera/__init__.py to __init__.cpython-38.pyc
byte-compiling /home/inhwan/ros2_ws1/install/camera/lib/python3.8/site-packages/camera/cam_process.py to cam_process.cpython-38.pyc
running install_data
running install_egg_info
Copying ../../build/camera/camera.egg-info to /home/inhwan/ros2_ws1/install/camera/lib/python3.8/site-packages/camera-0.0.0-py3.8.egg-info
running install_scripts
Installing image_processor script to /home/inhwan/ros2_ws1/install/camera/lib/camera
writing list of installed files to '/home/inhwan/ros2_ws1/build/camera/install.log'
