[3.140s] Invoking command in '/home/kisangpark/ros2_ws/src/my_robot': PYTHONPATH=/home/kisangpark/ros2_ws/build/my_robot/prefix_override:/usr/lib/python3/dist-packages/colcon_core/task/python/colcon_distutils_commands:/home/kisangpark/ros2_ws/install/my_robot/lib/python3.10/site-packages:${PYTHONPATH} /usr/bin/python3 -W ignore:setup.py install is deprecated -W ignore:easy_install command is deprecated setup.py egg_info --egg-base ../../build/my_robot build --build-base /home/kisangpark/ros2_ws/build/my_robot/build install --record /home/kisangpark/ros2_ws/build/my_robot/install.log --install-scripts $base/lib/my_robot --single-version-externally-managed install_data
[3.680s] /usr/lib/python3/dist-packages/setuptools/dist.py:723: UserWarning: Usage of dash-separated 'script-dir' will not be supported in future versions. Please use the underscore name 'script_dir' instead
[3.681s]   warnings.warn(
[3.691s] running egg_info
[3.694s] writing ../../build/my_robot/my_robot.egg-info/PKG-INFO
[3.695s] writing dependency_links to ../../build/my_robot/my_robot.egg-info/dependency_links.txt
[3.695s] writing entry points to ../../build/my_robot/my_robot.egg-info/entry_points.txt
[3.695s] writing requirements to ../../build/my_robot/my_robot.egg-info/requires.txt
[3.698s] writing top-level names to ../../build/my_robot/my_robot.egg-info/top_level.txt
[3.705s] reading manifest file '../../build/my_robot/my_robot.egg-info/SOURCES.txt'
[3.709s] writing manifest file '../../build/my_robot/my_robot.egg-info/SOURCES.txt'
[3.709s] running build
[3.709s] running build_py
[3.710s] running install
[3.710s] running install_lib
[3.714s] running install_data
[3.714s] copying launch/kisang_test.launch.py -> /home/kisangpark/ros2_ws/install/my_robot/share/my_robot/launch
[3.715s] running install_egg_info
[3.719s] removing '/home/kisangpark/ros2_ws/install/my_robot/lib/python3.10/site-packages/my_robot-0.0.0-py3.10.egg-info' (and everything under it)
[3.720s] Copying ../../build/my_robot/my_robot.egg-info to /home/kisangpark/ros2_ws/install/my_robot/lib/python3.10/site-packages/my_robot-0.0.0-py3.10.egg-info
[3.723s] running install_scripts
[3.785s] Installing image_processor script to /home/kisangpark/ros2_ws/install/my_robot/lib/my_robot
[3.785s] writing list of installed files to '/home/kisangpark/ros2_ws/build/my_robot/install.log'
[3.844s] Invoked command in '/home/kisangpark/ros2_ws/src/my_robot' returned '0': PYTHONPATH=/home/kisangpark/ros2_ws/build/my_robot/prefix_override:/usr/lib/python3/dist-packages/colcon_core/task/python/colcon_distutils_commands:/home/kisangpark/ros2_ws/install/my_robot/lib/python3.10/site-packages:${PYTHONPATH} /usr/bin/python3 -W ignore:setup.py install is deprecated -W ignore:easy_install command is deprecated setup.py egg_info --egg-base ../../build/my_robot build --build-base /home/kisangpark/ros2_ws/build/my_robot/build install --record /home/kisangpark/ros2_ws/build/my_robot/install.log --install-scripts $base/lib/my_robot --single-version-externally-managed install_data
