[1.005s] Invoking command in '/home/kisangpark/ros2_ws/src/gazebo_tutorial': PYTHONPATH=/home/kisangpark/ros2_ws/build/gazebo_tutorial/prefix_override:/usr/lib/python3/dist-packages/colcon_core/task/python/colcon_distutils_commands:/home/kisangpark/ros2_ws/install/gazebo_tutorial/lib/python3.10/site-packages:${PYTHONPATH} /usr/bin/python3 -W ignore:setup.py install is deprecated -W ignore:easy_install command is deprecated setup.py egg_info --egg-base ../../build/gazebo_tutorial build --build-base /home/kisangpark/ros2_ws/build/gazebo_tutorial/build install --record /home/kisangpark/ros2_ws/build/gazebo_tutorial/install.log --single-version-externally-managed install_data
[1.406s] running egg_info
[1.406s] writing ../../build/gazebo_tutorial/gazebo_tutorial.egg-info/PKG-INFO
[1.407s] writing dependency_links to ../../build/gazebo_tutorial/gazebo_tutorial.egg-info/dependency_links.txt
[1.407s] writing entry points to ../../build/gazebo_tutorial/gazebo_tutorial.egg-info/entry_points.txt
[1.408s] writing requirements to ../../build/gazebo_tutorial/gazebo_tutorial.egg-info/requires.txt
[1.409s] writing top-level names to ../../build/gazebo_tutorial/gazebo_tutorial.egg-info/top_level.txt
[1.415s] reading manifest file '../../build/gazebo_tutorial/gazebo_tutorial.egg-info/SOURCES.txt'
[1.417s] writing manifest file '../../build/gazebo_tutorial/gazebo_tutorial.egg-info/SOURCES.txt'
[1.417s] running build
[1.418s] running build_py
[1.419s] running install
[1.420s] running install_lib
[1.424s] running install_data
[1.425s] copying launch/gazebo_spawn.launch.py -> /home/kisangpark/ros2_ws/install/gazebo_tutorial/share/gazebo_tutorial/launch
[1.426s] running install_egg_info
[1.434s] removing '/home/kisangpark/ros2_ws/install/gazebo_tutorial/lib/python3.10/site-packages/gazebo_tutorial-0.0.0-py3.10.egg-info' (and everything under it)
[1.434s] Copying ../../build/gazebo_tutorial/gazebo_tutorial.egg-info to /home/kisangpark/ros2_ws/install/gazebo_tutorial/lib/python3.10/site-packages/gazebo_tutorial-0.0.0-py3.10.egg-info
[1.435s] running install_scripts
[1.469s] Installing controller script to /home/kisangpark/ros2_ws/install/gazebo_tutorial/lib/gazebo_tutorial
[1.470s] writing list of installed files to '/home/kisangpark/ros2_ws/build/gazebo_tutorial/install.log'
[1.502s] Invoked command in '/home/kisangpark/ros2_ws/src/gazebo_tutorial' returned '0': PYTHONPATH=/home/kisangpark/ros2_ws/build/gazebo_tutorial/prefix_override:/usr/lib/python3/dist-packages/colcon_core/task/python/colcon_distutils_commands:/home/kisangpark/ros2_ws/install/gazebo_tutorial/lib/python3.10/site-packages:${PYTHONPATH} /usr/bin/python3 -W ignore:setup.py install is deprecated -W ignore:easy_install command is deprecated setup.py egg_info --egg-base ../../build/gazebo_tutorial build --build-base /home/kisangpark/ros2_ws/build/gazebo_tutorial/build install --record /home/kisangpark/ros2_ws/build/gazebo_tutorial/install.log --single-version-externally-managed install_data
