[0.305s] DEBUG:colcon:Command line arguments: ['/usr/bin/colcon', 'build', '--packages-select', 'gazebo_tutorial']
[0.306s] DEBUG:colcon:Parsed command line arguments: Namespace(log_base=None, log_level=None, verb_name='build', build_base='build', install_base='install', merge_install=False, symlink_install=False, test_result_base=None, continue_on_error=False, executor='parallel', parallel_workers=2, event_handlers=None, ignore_user_meta=False, metas=['./colcon.meta'], base_paths=['.'], packages_ignore=None, packages_ignore_regex=None, paths=None, packages_up_to=None, packages_up_to_regex=None, packages_above=None, packages_above_and_dependencies=None, packages_above_depth=None, packages_select_by_dep=None, packages_skip_by_dep=None, packages_skip_up_to=None, packages_select_build_failed=False, packages_skip_build_finished=False, packages_select_test_failures=False, packages_skip_test_passed=False, packages_select=['gazebo_tutorial'], packages_skip=None, packages_select_regex=None, packages_skip_regex=None, packages_start=None, packages_end=None, allow_overriding=[], cmake_args=None, cmake_target=None, cmake_target_skip_unavailable=False, cmake_clean_cache=False, cmake_clean_first=False, cmake_force_configure=False, ament_cmake_args=None, catkin_cmake_args=None, catkin_skip_building_tests=False, mixin_files=None, mixin=None, verb_parser=<colcon_mixin.mixin.mixin_argument.MixinArgumentDecorator object at 0x7a4cee751c00>, verb_extension=<colcon_core.verb.build.BuildVerb object at 0x7a4cee8cb370>, main=<bound method BuildVerb.main of <colcon_core.verb.build.BuildVerb object at 0x7a4cee8cb370>>, mixin_verb=('build',))
[0.761s] Level 1:colcon.colcon_core.package_discovery:discover_packages(colcon_meta) check parameters
[0.761s] Level 1:colcon.colcon_core.package_discovery:discover_packages(recursive) check parameters
[0.761s] Level 1:colcon.colcon_core.package_discovery:discover_packages(ignore) check parameters
[0.761s] Level 1:colcon.colcon_core.package_discovery:discover_packages(path) check parameters
[0.761s] Level 1:colcon.colcon_core.package_discovery:discover_packages(colcon_meta) discover
[0.761s] Level 1:colcon.colcon_core.package_discovery:discover_packages(recursive) discover
[0.761s] INFO:colcon.colcon_core.package_discovery:Crawling recursively for packages in '/home/kisangpark/ros2_ws'
[0.761s] Level 1:colcon.colcon_core.package_identification:_identify(.) by extensions ['ignore', 'ignore_ament_install']
[0.761s] Level 1:colcon.colcon_core.package_identification:_identify(.) by extension 'ignore'
[0.761s] Level 1:colcon.colcon_core.package_identification:_identify(.) by extension 'ignore_ament_install'
[0.761s] Level 1:colcon.colcon_core.package_identification:_identify(.) by extensions ['colcon_pkg']
[0.762s] Level 1:colcon.colcon_core.package_identification:_identify(.) by extension 'colcon_pkg'
[0.762s] Level 1:colcon.colcon_core.package_identification:_identify(.) by extensions ['colcon_meta']
[0.762s] Level 1:colcon.colcon_core.package_identification:_identify(.) by extension 'colcon_meta'
[0.762s] Level 1:colcon.colcon_core.package_identification:_identify(.) by extensions ['ros']
[0.762s] Level 1:colcon.colcon_core.package_identification:_identify(.) by extension 'ros'
[0.790s] Level 1:colcon.colcon_core.package_identification:_identify(.) by extensions ['cmake', 'python']
[0.790s] Level 1:colcon.colcon_core.package_identification:_identify(.) by extension 'cmake'
[0.790s] Level 1:colcon.colcon_core.package_identification:_identify(.) by extension 'python'
[0.790s] Level 1:colcon.colcon_core.package_identification:_identify(.) by extensions ['python_setup_py']
[0.791s] Level 1:colcon.colcon_core.package_identification:_identify(.) by extension 'python_setup_py'
[0.791s] Level 1:colcon.colcon_core.package_identification:_identify(build) by extensions ['ignore', 'ignore_ament_install']
[0.791s] Level 1:colcon.colcon_core.package_identification:_identify(build) by extension 'ignore'
[0.792s] Level 1:colcon.colcon_core.package_identification:_identify(build) ignored
[0.792s] Level 1:colcon.colcon_core.package_identification:_identify(install) by extensions ['ignore', 'ignore_ament_install']
[0.792s] Level 1:colcon.colcon_core.package_identification:_identify(install) by extension 'ignore'
[0.793s] Level 1:colcon.colcon_core.package_identification:_identify(install) ignored
[0.793s] Level 1:colcon.colcon_core.package_identification:_identify(log) by extensions ['ignore', 'ignore_ament_install']
[0.793s] Level 1:colcon.colcon_core.package_identification:_identify(log) by extension 'ignore'
[0.793s] Level 1:colcon.colcon_core.package_identification:_identify(log) ignored
[0.793s] Level 1:colcon.colcon_core.package_identification:_identify(src) by extensions ['ignore', 'ignore_ament_install']
[0.794s] Level 1:colcon.colcon_core.package_identification:_identify(src) by extension 'ignore'
[0.794s] Level 1:colcon.colcon_core.package_identification:_identify(src) by extension 'ignore_ament_install'
[0.794s] Level 1:colcon.colcon_core.package_identification:_identify(src) by extensions ['colcon_pkg']
[0.794s] Level 1:colcon.colcon_core.package_identification:_identify(src) by extension 'colcon_pkg'
[0.794s] Level 1:colcon.colcon_core.package_identification:_identify(src) by extensions ['colcon_meta']
[0.794s] Level 1:colcon.colcon_core.package_identification:_identify(src) by extension 'colcon_meta'
[0.794s] Level 1:colcon.colcon_core.package_identification:_identify(src) by extensions ['ros']
[0.794s] Level 1:colcon.colcon_core.package_identification:_identify(src) by extension 'ros'
[0.795s] Level 1:colcon.colcon_core.package_identification:_identify(src) by extensions ['cmake', 'python']
[0.795s] Level 1:colcon.colcon_core.package_identification:_identify(src) by extension 'cmake'
[0.795s] Level 1:colcon.colcon_core.package_identification:_identify(src) by extension 'python'
[0.795s] Level 1:colcon.colcon_core.package_identification:_identify(src) by extensions ['python_setup_py']
[0.795s] Level 1:colcon.colcon_core.package_identification:_identify(src) by extension 'python_setup_py'
[0.795s] Level 1:colcon.colcon_core.package_identification:_identify(src/gazebo_tutorial) by extensions ['ignore', 'ignore_ament_install']
[0.795s] Level 1:colcon.colcon_core.package_identification:_identify(src/gazebo_tutorial) by extension 'ignore'
[0.796s] Level 1:colcon.colcon_core.package_identification:_identify(src/gazebo_tutorial) by extension 'ignore_ament_install'
[0.796s] Level 1:colcon.colcon_core.package_identification:_identify(src/gazebo_tutorial) by extensions ['colcon_pkg']
[0.796s] Level 1:colcon.colcon_core.package_identification:_identify(src/gazebo_tutorial) by extension 'colcon_pkg'
[0.796s] Level 1:colcon.colcon_core.package_identification:_identify(src/gazebo_tutorial) by extensions ['colcon_meta']
[0.796s] Level 1:colcon.colcon_core.package_identification:_identify(src/gazebo_tutorial) by extension 'colcon_meta'
[0.796s] Level 1:colcon.colcon_core.package_identification:_identify(src/gazebo_tutorial) by extensions ['ros']
[0.797s] Level 1:colcon.colcon_core.package_identification:_identify(src/gazebo_tutorial) by extension 'ros'
[0.807s] DEBUG:colcon.colcon_core.package_identification:Package 'src/gazebo_tutorial' with type 'ros.ament_python' and name 'gazebo_tutorial'
[0.808s] Level 1:colcon.colcon_core.package_identification:_identify(src/lidar_car) by extensions ['ignore', 'ignore_ament_install']
[0.809s] Level 1:colcon.colcon_core.package_identification:_identify(src/lidar_car) by extension 'ignore'
[0.809s] Level 1:colcon.colcon_core.package_identification:_identify(src/lidar_car) by extension 'ignore_ament_install'
[0.809s] Level 1:colcon.colcon_core.package_identification:_identify(src/lidar_car) by extensions ['colcon_pkg']
[0.809s] Level 1:colcon.colcon_core.package_identification:_identify(src/lidar_car) by extension 'colcon_pkg'
[0.809s] Level 1:colcon.colcon_core.package_identification:_identify(src/lidar_car) by extensions ['colcon_meta']
[0.809s] Level 1:colcon.colcon_core.package_identification:_identify(src/lidar_car) by extension 'colcon_meta'
[0.809s] Level 1:colcon.colcon_core.package_identification:_identify(src/lidar_car) by extensions ['ros']
[0.809s] Level 1:colcon.colcon_core.package_identification:_identify(src/lidar_car) by extension 'ros'
[0.811s] DEBUG:colcon.colcon_core.package_identification:Package 'src/lidar_car' with type 'ros.ament_python' and name 'lidar_car'
[0.811s] Level 1:colcon.colcon_core.package_discovery:discover_packages(recursive) using defaults
[0.811s] Level 1:colcon.colcon_core.package_discovery:discover_packages(ignore) discover
[0.811s] Level 1:colcon.colcon_core.package_discovery:discover_packages(ignore) using defaults
[0.812s] Level 1:colcon.colcon_core.package_discovery:discover_packages(path) discover
[0.812s] Level 1:colcon.colcon_core.package_discovery:discover_packages(path) using defaults
[0.886s] INFO:colcon.colcon_core.package_selection:Skipping not selected package 'lidar_car' in 'src/lidar_car'
[0.887s] Level 1:colcon.colcon_core.package_discovery:discover_packages(prefix_path) check parameters
[0.887s] Level 1:colcon.colcon_core.package_discovery:discover_packages(prefix_path) discover
[0.890s] DEBUG:colcon.colcon_installed_package_information.package_discovery:Found 2 installed packages in /home/kisangpark/ros2_ws/install
[0.894s] DEBUG:colcon.colcon_installed_package_information.package_discovery:Found 334 installed packages in /opt/ros/humble
[0.899s] Level 1:colcon.colcon_core.package_discovery:discover_packages(prefix_path) using defaults
[1.062s] Level 5:colcon.colcon_core.verb:set package 'gazebo_tutorial' build argument 'cmake_args' from command line to 'None'
[1.062s] Level 5:colcon.colcon_core.verb:set package 'gazebo_tutorial' build argument 'cmake_target' from command line to 'None'
[1.062s] Level 5:colcon.colcon_core.verb:set package 'gazebo_tutorial' build argument 'cmake_target_skip_unavailable' from command line to 'False'
[1.062s] Level 5:colcon.colcon_core.verb:set package 'gazebo_tutorial' build argument 'cmake_clean_cache' from command line to 'False'
[1.062s] Level 5:colcon.colcon_core.verb:set package 'gazebo_tutorial' build argument 'cmake_clean_first' from command line to 'False'
[1.062s] Level 5:colcon.colcon_core.verb:set package 'gazebo_tutorial' build argument 'cmake_force_configure' from command line to 'False'
[1.062s] Level 5:colcon.colcon_core.verb:set package 'gazebo_tutorial' build argument 'ament_cmake_args' from command line to 'None'
[1.062s] Level 5:colcon.colcon_core.verb:set package 'gazebo_tutorial' build argument 'catkin_cmake_args' from command line to 'None'
[1.062s] Level 5:colcon.colcon_core.verb:set package 'gazebo_tutorial' build argument 'catkin_skip_building_tests' from command line to 'False'
[1.062s] DEBUG:colcon.colcon_core.verb:Building package 'gazebo_tutorial' with the following arguments: {'ament_cmake_args': None, 'build_base': '/home/kisangpark/ros2_ws/build/gazebo_tutorial', 'catkin_cmake_args': None, 'catkin_skip_building_tests': False, 'cmake_args': None, 'cmake_clean_cache': False, 'cmake_clean_first': False, 'cmake_force_configure': False, 'cmake_target': None, 'cmake_target_skip_unavailable': False, 'install_base': '/home/kisangpark/ros2_ws/install/gazebo_tutorial', 'merge_install': False, 'path': '/home/kisangpark/ros2_ws/src/gazebo_tutorial', 'symlink_install': False, 'test_result_base': None}
[1.063s] INFO:colcon.colcon_core.executor:Executing jobs using 'parallel' executor
[1.066s] DEBUG:colcon.colcon_parallel_executor.executor.parallel:run_until_complete
[1.067s] INFO:colcon.colcon_ros.task.ament_python.build:Building ROS package in '/home/kisangpark/ros2_ws/src/gazebo_tutorial' with build type 'ament_python'
[1.067s] Level 1:colcon.colcon_core.shell:create_environment_hook('gazebo_tutorial', 'ament_prefix_path')
[1.076s] INFO:colcon.colcon_core.plugin_system:Skipping extension 'colcon_core.shell.bat': Not used on non-Windows systems
[1.077s] INFO:colcon.colcon_core.shell:Creating environment hook '/home/kisangpark/ros2_ws/install/gazebo_tutorial/share/gazebo_tutorial/hook/ament_prefix_path.ps1'
[1.079s] INFO:colcon.colcon_core.shell:Creating environment descriptor '/home/kisangpark/ros2_ws/install/gazebo_tutorial/share/gazebo_tutorial/hook/ament_prefix_path.dsv'
[1.081s] INFO:colcon.colcon_core.shell:Creating environment hook '/home/kisangpark/ros2_ws/install/gazebo_tutorial/share/gazebo_tutorial/hook/ament_prefix_path.sh'
[1.084s] INFO:colcon.colcon_core.shell:Skip shell extension 'powershell' for command environment: Not usable outside of PowerShell
[1.084s] DEBUG:colcon.colcon_core.shell:Skip shell extension 'dsv' for command environment
[1.846s] INFO:colcon.colcon_core.task.python.build:Building Python package in '/home/kisangpark/ros2_ws/src/gazebo_tutorial'
[1.847s] INFO:colcon.colcon_core.shell:Skip shell extension 'powershell' for command environment: Not usable outside of PowerShell
[1.847s] DEBUG:colcon.colcon_core.shell:Skip shell extension 'dsv' for command environment
[2.772s] DEBUG:colcon.colcon_core.event_handler.log_command:Invoking command in '/home/kisangpark/ros2_ws/src/gazebo_tutorial': PYTHONPATH=/home/kisangpark/ros2_ws/build/gazebo_tutorial/prefix_override:/usr/lib/python3/dist-packages/colcon_core/task/python/colcon_distutils_commands:/home/kisangpark/ros2_ws/install/gazebo_tutorial/lib/python3.10/site-packages:${PYTHONPATH} /usr/bin/python3 -W ignore:setup.py install is deprecated -W ignore:easy_install command is deprecated setup.py egg_info --egg-base ../../build/gazebo_tutorial build --build-base /home/kisangpark/ros2_ws/build/gazebo_tutorial/build install --record /home/kisangpark/ros2_ws/build/gazebo_tutorial/install.log --single-version-externally-managed install_data
[3.293s] DEBUG:colcon.colcon_core.event_handler.log_command:Invoked command in '/home/kisangpark/ros2_ws/src/gazebo_tutorial' returned '0': PYTHONPATH=/home/kisangpark/ros2_ws/build/gazebo_tutorial/prefix_override:/usr/lib/python3/dist-packages/colcon_core/task/python/colcon_distutils_commands:/home/kisangpark/ros2_ws/install/gazebo_tutorial/lib/python3.10/site-packages:${PYTHONPATH} /usr/bin/python3 -W ignore:setup.py install is deprecated -W ignore:easy_install command is deprecated setup.py egg_info --egg-base ../../build/gazebo_tutorial build --build-base /home/kisangpark/ros2_ws/build/gazebo_tutorial/build install --record /home/kisangpark/ros2_ws/build/gazebo_tutorial/install.log --single-version-externally-managed install_data
[3.298s] Level 1:colcon.colcon_core.environment:checking '/home/kisangpark/ros2_ws/install/gazebo_tutorial' for CMake module files
[3.299s] Level 1:colcon.colcon_core.environment:checking '/home/kisangpark/ros2_ws/install/gazebo_tutorial' for CMake config files
[3.300s] Level 1:colcon.colcon_core.environment:checking '/home/kisangpark/ros2_ws/install/gazebo_tutorial/lib'
[3.300s] Level 1:colcon.colcon_core.environment:checking '/home/kisangpark/ros2_ws/install/gazebo_tutorial/bin'
[3.301s] Level 1:colcon.colcon_core.environment:checking '/home/kisangpark/ros2_ws/install/gazebo_tutorial/lib/pkgconfig/gazebo_tutorial.pc'
[3.301s] Level 1:colcon.colcon_core.environment:checking '/home/kisangpark/ros2_ws/install/gazebo_tutorial/lib/python3.10/site-packages'
[3.301s] Level 1:colcon.colcon_core.shell:create_environment_hook('gazebo_tutorial', 'pythonpath')
[3.301s] INFO:colcon.colcon_core.shell:Creating environment hook '/home/kisangpark/ros2_ws/install/gazebo_tutorial/share/gazebo_tutorial/hook/pythonpath.ps1'
[3.302s] INFO:colcon.colcon_core.shell:Creating environment descriptor '/home/kisangpark/ros2_ws/install/gazebo_tutorial/share/gazebo_tutorial/hook/pythonpath.dsv'
[3.303s] INFO:colcon.colcon_core.shell:Creating environment hook '/home/kisangpark/ros2_ws/install/gazebo_tutorial/share/gazebo_tutorial/hook/pythonpath.sh'
[3.304s] Level 1:colcon.colcon_core.environment:checking '/home/kisangpark/ros2_ws/install/gazebo_tutorial/bin'
[3.304s] Level 1:colcon.colcon_core.environment:create_environment_scripts_only(gazebo_tutorial)
[3.305s] INFO:colcon.colcon_core.shell:Creating package script '/home/kisangpark/ros2_ws/install/gazebo_tutorial/share/gazebo_tutorial/package.ps1'
[3.306s] INFO:colcon.colcon_core.shell:Creating package descriptor '/home/kisangpark/ros2_ws/install/gazebo_tutorial/share/gazebo_tutorial/package.dsv'
[3.307s] INFO:colcon.colcon_core.shell:Creating package script '/home/kisangpark/ros2_ws/install/gazebo_tutorial/share/gazebo_tutorial/package.sh'
[3.308s] INFO:colcon.colcon_core.shell:Creating package script '/home/kisangpark/ros2_ws/install/gazebo_tutorial/share/gazebo_tutorial/package.bash'
[3.310s] INFO:colcon.colcon_core.shell:Creating package script '/home/kisangpark/ros2_ws/install/gazebo_tutorial/share/gazebo_tutorial/package.zsh'
[3.311s] Level 1:colcon.colcon_core.environment:create_file_with_runtime_dependencies(/home/kisangpark/ros2_ws/install/gazebo_tutorial/share/colcon-core/packages/gazebo_tutorial)
[3.312s] DEBUG:colcon.colcon_parallel_executor.executor.parallel:closing loop
[3.313s] DEBUG:colcon.colcon_parallel_executor.executor.parallel:loop closed
[3.314s] DEBUG:colcon.colcon_parallel_executor.executor.parallel:run_until_complete finished with '0'
[3.315s] DEBUG:colcon.colcon_core.event_reactor:joining thread
[3.341s] INFO:colcon.colcon_core.plugin_system:Skipping extension 'colcon_notification.desktop_notification.terminal_notifier': Not used on non-Darwin systems
[3.342s] INFO:colcon.colcon_core.plugin_system:Skipping extension 'colcon_notification.desktop_notification.win32': Not used on non-Windows systems
[3.342s] INFO:colcon.colcon_notification.desktop_notification:Sending desktop notification using 'notify2'
[3.400s] DEBUG:colcon.colcon_core.event_reactor:joined thread
[3.401s] INFO:colcon.colcon_core.shell:Creating prefix script '/home/kisangpark/ros2_ws/install/local_setup.ps1'
[3.406s] INFO:colcon.colcon_core.shell:Creating prefix util module '/home/kisangpark/ros2_ws/install/_local_setup_util_ps1.py'
[3.415s] INFO:colcon.colcon_core.shell:Creating prefix chain script '/home/kisangpark/ros2_ws/install/setup.ps1'
[3.420s] INFO:colcon.colcon_core.shell:Creating prefix script '/home/kisangpark/ros2_ws/install/local_setup.sh'
[3.424s] INFO:colcon.colcon_core.shell:Creating prefix util module '/home/kisangpark/ros2_ws/install/_local_setup_util_sh.py'
[3.427s] INFO:colcon.colcon_core.shell:Creating prefix chain script '/home/kisangpark/ros2_ws/install/setup.sh'
[3.431s] INFO:colcon.colcon_core.shell:Creating prefix script '/home/kisangpark/ros2_ws/install/local_setup.bash'
[3.434s] INFO:colcon.colcon_core.shell:Creating prefix chain script '/home/kisangpark/ros2_ws/install/setup.bash'
[3.437s] INFO:colcon.colcon_core.shell:Creating prefix script '/home/kisangpark/ros2_ws/install/local_setup.zsh'
[3.438s] INFO:colcon.colcon_core.shell:Creating prefix chain script '/home/kisangpark/ros2_ws/install/setup.zsh'
