[2.967s] Invoking command in '/home/kisangpark/ros2_ws/src/camera': PYTHONPATH=/home/kisangpark/ros2_ws/build/camera/prefix_override:/usr/lib/python3/dist-packages/colcon_core/task/python/colcon_distutils_commands:/home/kisangpark/ros2_ws/install/camera/lib/python3.10/site-packages:${PYTHONPATH} /usr/bin/python3 -W ignore:setup.py install is deprecated -W ignore:easy_install command is deprecated setup.py egg_info --egg-base ../../build/camera build --build-base /home/kisangpark/ros2_ws/build/camera/build install --record /home/kisangpark/ros2_ws/build/camera/install.log --single-version-externally-managed install_data
[4.091s] running egg_info
[4.097s] writing ../../build/camera/camera.egg-info/PKG-INFO
[4.101s] writing dependency_links to ../../build/camera/camera.egg-info/dependency_links.txt
[4.103s] writing entry points to ../../build/camera/camera.egg-info/entry_points.txt
[4.103s] writing requirements to ../../build/camera/camera.egg-info/requires.txt
[4.104s] writing top-level names to ../../build/camera/camera.egg-info/top_level.txt
[4.113s] reading manifest file '../../build/camera/camera.egg-info/SOURCES.txt'
[4.118s] writing manifest file '../../build/camera/camera.egg-info/SOURCES.txt'
[4.120s] running build
[4.121s] running build_py
[4.121s] copying camera/cam_process.py -> /home/kisangpark/ros2_ws/build/camera/build/lib/camera
[4.122s] running install
[4.123s] running install_lib
[4.126s] copying /home/kisangpark/ros2_ws/build/camera/build/lib/camera/cam_process.py -> /home/kisangpark/ros2_ws/install/camera/lib/python3.10/site-packages/camera
[4.129s] byte-compiling /home/kisangpark/ros2_ws/install/camera/lib/python3.10/site-packages/camera/cam_process.py to cam_process.cpython-310.pyc
[4.131s]   File "/home/kisangpark/ros2_ws/install/camera/lib/python3.10/site-packages/camera/cam_process.py", line 40
[4.131s]     except Exception:
[4.131s]     ^^^^^^
[4.132s] SyntaxError: invalid syntax
[4.132s] 
[4.132s] running install_data
[4.132s] running install_egg_info
[4.141s] removing '/home/kisangpark/ros2_ws/install/camera/lib/python3.10/site-packages/camera-0.0.0-py3.10.egg-info' (and everything under it)
[4.142s] Copying ../../build/camera/camera.egg-info to /home/kisangpark/ros2_ws/install/camera/lib/python3.10/site-packages/camera-0.0.0-py3.10.egg-info
[4.146s] running install_scripts
[4.243s] Installing image_processor script to /home/kisangpark/ros2_ws/install/camera/lib/camera
[4.244s] writing list of installed files to '/home/kisangpark/ros2_ws/build/camera/install.log'
[4.338s] Invoked command in '/home/kisangpark/ros2_ws/src/camera' returned '0': PYTHONPATH=/home/kisangpark/ros2_ws/build/camera/prefix_override:/usr/lib/python3/dist-packages/colcon_core/task/python/colcon_distutils_commands:/home/kisangpark/ros2_ws/install/camera/lib/python3.10/site-packages:${PYTHONPATH} /usr/bin/python3 -W ignore:setup.py install is deprecated -W ignore:easy_install command is deprecated setup.py egg_info --egg-base ../../build/camera build --build-base /home/kisangpark/ros2_ws/build/camera/build install --record /home/kisangpark/ros2_ws/build/camera/install.log --single-version-externally-managed install_data
