[2.930s] Invoking command in '/home/kisangpark/ros2_ws/src/camera': PYTHONPATH=/home/kisangpark/ros2_ws/build/camera/prefix_override:/usr/lib/python3/dist-packages/colcon_core/task/python/colcon_distutils_commands:/home/kisangpark/ros2_ws/install/camera/lib/python3.10/site-packages:${PYTHONPATH} /usr/bin/python3 -W ignore:setup.py install is deprecated -W ignore:easy_install command is deprecated setup.py egg_info --egg-base ../../build/camera build --build-base /home/kisangpark/ros2_ws/build/camera/build install --record /home/kisangpark/ros2_ws/build/camera/install.log --single-version-externally-managed install_data
[3.704s] running egg_info
[3.713s] writing ../../build/camera/camera.egg-info/PKG-INFO
[3.714s] writing dependency_links to ../../build/camera/camera.egg-info/dependency_links.txt
[3.719s] writing entry points to ../../build/camera/camera.egg-info/entry_points.txt
[3.724s] writing requirements to ../../build/camera/camera.egg-info/requires.txt
[3.724s] writing top-level names to ../../build/camera/camera.egg-info/top_level.txt
[3.737s] reading manifest file '../../build/camera/camera.egg-info/SOURCES.txt'
[3.742s] writing manifest file '../../build/camera/camera.egg-info/SOURCES.txt'
[3.747s] running build
[3.747s] running build_py
[3.758s] running install
[3.758s] running install_lib
[3.762s] running install_data
[3.771s] running install_egg_info
[3.780s] removing '/home/kisangpark/ros2_ws/install/camera/lib/python3.10/site-packages/camera-0.0.0-py3.10.egg-info' (and everything under it)
[3.780s] Copying ../../build/camera/camera.egg-info to /home/kisangpark/ros2_ws/install/camera/lib/python3.10/site-packages/camera-0.0.0-py3.10.egg-info
[3.781s] running install_scripts
[3.876s] writing list of installed files to '/home/kisangpark/ros2_ws/build/camera/install.log'
[3.967s] Invoked command in '/home/kisangpark/ros2_ws/src/camera' returned '0': PYTHONPATH=/home/kisangpark/ros2_ws/build/camera/prefix_override:/usr/lib/python3/dist-packages/colcon_core/task/python/colcon_distutils_commands:/home/kisangpark/ros2_ws/install/camera/lib/python3.10/site-packages:${PYTHONPATH} /usr/bin/python3 -W ignore:setup.py install is deprecated -W ignore:easy_install command is deprecated setup.py egg_info --egg-base ../../build/camera build --build-base /home/kisangpark/ros2_ws/build/camera/build install --record /home/kisangpark/ros2_ws/build/camera/install.log --single-version-externally-managed install_data
