[0.938s] DEBUG:colcon:Command line arguments: ['/usr/bin/colcon', 'build', '--packages-select', 'gazebo_tutorial']
[0.938s] DEBUG:colcon:Parsed command line arguments: Namespace(log_base=None, log_level=None, verb_name='build', build_base='build', install_base='install', merge_install=False, symlink_install=False, test_result_base=None, continue_on_error=False, executor='parallel', parallel_workers=2, event_handlers=None, ignore_user_meta=False, metas=['./colcon.meta'], base_paths=['.'], packages_ignore=None, packages_ignore_regex=None, paths=None, packages_up_to=None, packages_up_to_regex=None, packages_above=None, packages_above_and_dependencies=None, packages_above_depth=None, packages_select_by_dep=None, packages_skip_by_dep=None, packages_skip_up_to=None, packages_select_build_failed=False, packages_skip_build_finished=False, packages_select_test_failures=False, packages_skip_test_passed=False, packages_select=['gazebo_tutorial'], packages_skip=None, packages_select_regex=None, packages_skip_regex=None, packages_start=None, packages_end=None, allow_overriding=[], cmake_args=None, cmake_target=None, cmake_target_skip_unavailable=False, cmake_clean_cache=False, cmake_clean_first=False, cmake_force_configure=False, ament_cmake_args=None, catkin_cmake_args=None, catkin_skip_building_tests=False, mixin_files=None, mixin=None, verb_parser=<colcon_mixin.mixin.mixin_argument.MixinArgumentDecorator object at 0x729b13b4a680>, verb_extension=<colcon_core.verb.build.BuildVerb object at 0x729b13cc3df0>, main=<bound method BuildVerb.main of <colcon_core.verb.build.BuildVerb object at 0x729b13cc3df0>>, mixin_verb=('build',))
[1.745s] Level 1:colcon.colcon_core.package_discovery:discover_packages(colcon_meta) check parameters
[1.745s] Level 1:colcon.colcon_core.package_discovery:discover_packages(recursive) check parameters
[1.746s] Level 1:colcon.colcon_core.package_discovery:discover_packages(ignore) check parameters
[1.746s] Level 1:colcon.colcon_core.package_discovery:discover_packages(path) check parameters
[1.746s] Level 1:colcon.colcon_core.package_discovery:discover_packages(colcon_meta) discover
[1.746s] Level 1:colcon.colcon_core.package_discovery:discover_packages(recursive) discover
[1.746s] INFO:colcon.colcon_core.package_discovery:Crawling recursively for packages in '/home/kisangpark/ros2_ws'
[1.748s] Level 1:colcon.colcon_core.package_identification:_identify(.) by extensions ['ignore', 'ignore_ament_install']
[1.748s] Level 1:colcon.colcon_core.package_identification:_identify(.) by extension 'ignore'
[1.749s] Level 1:colcon.colcon_core.package_identification:_identify(.) by extension 'ignore_ament_install'
[1.749s] Level 1:colcon.colcon_core.package_identification:_identify(.) by extensions ['colcon_pkg']
[1.749s] Level 1:colcon.colcon_core.package_identification:_identify(.) by extension 'colcon_pkg'
[1.749s] Level 1:colcon.colcon_core.package_identification:_identify(.) by extensions ['colcon_meta']
[1.749s] Level 1:colcon.colcon_core.package_identification:_identify(.) by extension 'colcon_meta'
[1.749s] Level 1:colcon.colcon_core.package_identification:_identify(.) by extensions ['ros']
[1.749s] Level 1:colcon.colcon_core.package_identification:_identify(.) by extension 'ros'
[1.794s] Level 1:colcon.colcon_core.package_identification:_identify(.) by extensions ['cmake', 'python']
[1.794s] Level 1:colcon.colcon_core.package_identification:_identify(.) by extension 'cmake'
[1.794s] Level 1:colcon.colcon_core.package_identification:_identify(.) by extension 'python'
[1.794s] Level 1:colcon.colcon_core.package_identification:_identify(.) by extensions ['python_setup_py']
[1.794s] Level 1:colcon.colcon_core.package_identification:_identify(.) by extension 'python_setup_py'
[1.796s] Level 1:colcon.colcon_core.package_identification:_identify(build) by extensions ['ignore', 'ignore_ament_install']
[1.796s] Level 1:colcon.colcon_core.package_identification:_identify(build) by extension 'ignore'
[1.796s] Level 1:colcon.colcon_core.package_identification:_identify(build) ignored
[1.797s] Level 1:colcon.colcon_core.package_identification:_identify(install) by extensions ['ignore', 'ignore_ament_install']
[1.798s] Level 1:colcon.colcon_core.package_identification:_identify(install) by extension 'ignore'
[1.798s] Level 1:colcon.colcon_core.package_identification:_identify(install) ignored
[1.800s] Level 1:colcon.colcon_core.package_identification:_identify(log) by extensions ['ignore', 'ignore_ament_install']
[1.800s] Level 1:colcon.colcon_core.package_identification:_identify(log) by extension 'ignore'
[1.800s] Level 1:colcon.colcon_core.package_identification:_identify(log) ignored
[1.801s] Level 1:colcon.colcon_core.package_identification:_identify(src) by extensions ['ignore', 'ignore_ament_install']
[1.801s] Level 1:colcon.colcon_core.package_identification:_identify(src) by extension 'ignore'
[1.801s] Level 1:colcon.colcon_core.package_identification:_identify(src) by extension 'ignore_ament_install'
[1.801s] Level 1:colcon.colcon_core.package_identification:_identify(src) by extensions ['colcon_pkg']
[1.802s] Level 1:colcon.colcon_core.package_identification:_identify(src) by extension 'colcon_pkg'
[1.802s] Level 1:colcon.colcon_core.package_identification:_identify(src) by extensions ['colcon_meta']
[1.802s] Level 1:colcon.colcon_core.package_identification:_identify(src) by extension 'colcon_meta'
[1.802s] Level 1:colcon.colcon_core.package_identification:_identify(src) by extensions ['ros']
[1.802s] Level 1:colcon.colcon_core.package_identification:_identify(src) by extension 'ros'
[1.802s] Level 1:colcon.colcon_core.package_identification:_identify(src) by extensions ['cmake', 'python']
[1.802s] Level 1:colcon.colcon_core.package_identification:_identify(src) by extension 'cmake'
[1.802s] Level 1:colcon.colcon_core.package_identification:_identify(src) by extension 'python'
[1.802s] Level 1:colcon.colcon_core.package_identification:_identify(src) by extensions ['python_setup_py']
[1.802s] Level 1:colcon.colcon_core.package_identification:_identify(src) by extension 'python_setup_py'
[1.803s] Level 1:colcon.colcon_core.package_identification:_identify(src/camera) by extensions ['ignore', 'ignore_ament_install']
[1.803s] Level 1:colcon.colcon_core.package_identification:_identify(src/camera) by extension 'ignore'
[1.803s] Level 1:colcon.colcon_core.package_identification:_identify(src/camera) by extension 'ignore_ament_install'
[1.804s] Level 1:colcon.colcon_core.package_identification:_identify(src/camera) by extensions ['colcon_pkg']
[1.804s] Level 1:colcon.colcon_core.package_identification:_identify(src/camera) by extension 'colcon_pkg'
[1.804s] Level 1:colcon.colcon_core.package_identification:_identify(src/camera) by extensions ['colcon_meta']
[1.804s] Level 1:colcon.colcon_core.package_identification:_identify(src/camera) by extension 'colcon_meta'
[1.804s] Level 1:colcon.colcon_core.package_identification:_identify(src/camera) by extensions ['ros']
[1.804s] Level 1:colcon.colcon_core.package_identification:_identify(src/camera) by extension 'ros'
[1.815s] DEBUG:colcon.colcon_core.package_identification:Package 'src/camera' with type 'ros.ament_python' and name 'camera'
[1.815s] Level 1:colcon.colcon_core.package_identification:_identify(src/gazebo_tutorial) by extensions ['ignore', 'ignore_ament_install']
[1.815s] Level 1:colcon.colcon_core.package_identification:_identify(src/gazebo_tutorial) by extension 'ignore'
[1.815s] Level 1:colcon.colcon_core.package_identification:_identify(src/gazebo_tutorial) by extension 'ignore_ament_install'
[1.816s] Level 1:colcon.colcon_core.package_identification:_identify(src/gazebo_tutorial) by extensions ['colcon_pkg']
[1.816s] Level 1:colcon.colcon_core.package_identification:_identify(src/gazebo_tutorial) by extension 'colcon_pkg'
[1.816s] Level 1:colcon.colcon_core.package_identification:_identify(src/gazebo_tutorial) by extensions ['colcon_meta']
[1.816s] Level 1:colcon.colcon_core.package_identification:_identify(src/gazebo_tutorial) by extension 'colcon_meta'
[1.816s] Level 1:colcon.colcon_core.package_identification:_identify(src/gazebo_tutorial) by extensions ['ros']
[1.816s] Level 1:colcon.colcon_core.package_identification:_identify(src/gazebo_tutorial) by extension 'ros'
[1.819s] DEBUG:colcon.colcon_core.package_identification:Package 'src/gazebo_tutorial' with type 'ros.ament_python' and name 'gazebo_tutorial'
[1.820s] Level 1:colcon.colcon_core.package_identification:_identify(src/lidar_car) by extensions ['ignore', 'ignore_ament_install']
[1.821s] Level 1:colcon.colcon_core.package_identification:_identify(src/lidar_car) by extension 'ignore'
[1.821s] Level 1:colcon.colcon_core.package_identification:_identify(src/lidar_car) by extension 'ignore_ament_install'
[1.821s] Level 1:colcon.colcon_core.package_identification:_identify(src/lidar_car) by extensions ['colcon_pkg']
[1.822s] Level 1:colcon.colcon_core.package_identification:_identify(src/lidar_car) by extension 'colcon_pkg'
[1.822s] Level 1:colcon.colcon_core.package_identification:_identify(src/lidar_car) by extensions ['colcon_meta']
[1.822s] Level 1:colcon.colcon_core.package_identification:_identify(src/lidar_car) by extension 'colcon_meta'
[1.822s] Level 1:colcon.colcon_core.package_identification:_identify(src/lidar_car) by extensions ['ros']
[1.822s] Level 1:colcon.colcon_core.package_identification:_identify(src/lidar_car) by extension 'ros'
[1.824s] DEBUG:colcon.colcon_core.package_identification:Package 'src/lidar_car' with type 'ros.ament_python' and name 'lidar_car'
[1.824s] Level 1:colcon.colcon_core.package_discovery:discover_packages(recursive) using defaults
[1.825s] Level 1:colcon.colcon_core.package_discovery:discover_packages(ignore) discover
[1.825s] Level 1:colcon.colcon_core.package_discovery:discover_packages(ignore) using defaults
[1.825s] Level 1:colcon.colcon_core.package_discovery:discover_packages(path) discover
[1.825s] Level 1:colcon.colcon_core.package_discovery:discover_packages(path) using defaults
[1.957s] INFO:colcon.colcon_core.package_selection:Skipping not selected package 'camera' in 'src/camera'
[1.958s] INFO:colcon.colcon_core.package_selection:Skipping not selected package 'lidar_car' in 'src/lidar_car'
[1.961s] Level 1:colcon.colcon_core.package_discovery:discover_packages(prefix_path) check parameters
[1.962s] Level 1:colcon.colcon_core.package_discovery:discover_packages(prefix_path) discover
[1.979s] DEBUG:colcon.colcon_installed_package_information.package_discovery:Found 4 installed packages in /home/kisangpark/ros2_ws/install
[1.983s] DEBUG:colcon.colcon_installed_package_information.package_discovery:Found 334 installed packages in /opt/ros/humble
[1.989s] Level 1:colcon.colcon_core.package_discovery:discover_packages(prefix_path) using defaults
[2.146s] Level 5:colcon.colcon_core.verb:set package 'gazebo_tutorial' build argument 'cmake_args' from command line to 'None'
[2.146s] Level 5:colcon.colcon_core.verb:set package 'gazebo_tutorial' build argument 'cmake_target' from command line to 'None'
[2.146s] Level 5:colcon.colcon_core.verb:set package 'gazebo_tutorial' build argument 'cmake_target_skip_unavailable' from command line to 'False'
[2.146s] Level 5:colcon.colcon_core.verb:set package 'gazebo_tutorial' build argument 'cmake_clean_cache' from command line to 'False'
[2.146s] Level 5:colcon.colcon_core.verb:set package 'gazebo_tutorial' build argument 'cmake_clean_first' from command line to 'False'
[2.146s] Level 5:colcon.colcon_core.verb:set package 'gazebo_tutorial' build argument 'cmake_force_configure' from command line to 'False'
[2.146s] Level 5:colcon.colcon_core.verb:set package 'gazebo_tutorial' build argument 'ament_cmake_args' from command line to 'None'
[2.146s] Level 5:colcon.colcon_core.verb:set package 'gazebo_tutorial' build argument 'catkin_cmake_args' from command line to 'None'
[2.146s] Level 5:colcon.colcon_core.verb:set package 'gazebo_tutorial' build argument 'catkin_skip_building_tests' from command line to 'False'
[2.147s] DEBUG:colcon.colcon_core.verb:Building package 'gazebo_tutorial' with the following arguments: {'ament_cmake_args': None, 'build_base': '/home/kisangpark/ros2_ws/build/gazebo_tutorial', 'catkin_cmake_args': None, 'catkin_skip_building_tests': False, 'cmake_args': None, 'cmake_clean_cache': False, 'cmake_clean_first': False, 'cmake_force_configure': False, 'cmake_target': None, 'cmake_target_skip_unavailable': False, 'install_base': '/home/kisangpark/ros2_ws/install/gazebo_tutorial', 'merge_install': False, 'path': '/home/kisangpark/ros2_ws/src/gazebo_tutorial', 'symlink_install': False, 'test_result_base': None}
[2.147s] INFO:colcon.colcon_core.executor:Executing jobs using 'parallel' executor
[2.150s] DEBUG:colcon.colcon_parallel_executor.executor.parallel:run_until_complete
[2.152s] INFO:colcon.colcon_ros.task.ament_python.build:Building ROS package in '/home/kisangpark/ros2_ws/src/gazebo_tutorial' with build type 'ament_python'
[2.153s] Level 1:colcon.colcon_core.shell:create_environment_hook('gazebo_tutorial', 'ament_prefix_path')
[2.174s] INFO:colcon.colcon_core.plugin_system:Skipping extension 'colcon_core.shell.bat': Not used on non-Windows systems
[2.174s] INFO:colcon.colcon_core.shell:Creating environment hook '/home/kisangpark/ros2_ws/install/gazebo_tutorial/share/gazebo_tutorial/hook/ament_prefix_path.ps1'
[2.179s] INFO:colcon.colcon_core.shell:Creating environment descriptor '/home/kisangpark/ros2_ws/install/gazebo_tutorial/share/gazebo_tutorial/hook/ament_prefix_path.dsv'
[2.185s] INFO:colcon.colcon_core.shell:Creating environment hook '/home/kisangpark/ros2_ws/install/gazebo_tutorial/share/gazebo_tutorial/hook/ament_prefix_path.sh'
[2.191s] INFO:colcon.colcon_core.shell:Skip shell extension 'powershell' for command environment: Not usable outside of PowerShell
[2.192s] DEBUG:colcon.colcon_core.shell:Skip shell extension 'dsv' for command environment
[3.149s] INFO:colcon.colcon_core.task.python.build:Building Python package in '/home/kisangpark/ros2_ws/src/gazebo_tutorial'
[3.149s] INFO:colcon.colcon_core.shell:Skip shell extension 'powershell' for command environment: Not usable outside of PowerShell
[3.149s] DEBUG:colcon.colcon_core.shell:Skip shell extension 'dsv' for command environment
[4.521s] DEBUG:colcon.colcon_core.event_handler.log_command:Invoking command in '/home/kisangpark/ros2_ws/src/gazebo_tutorial': PYTHONPATH=/home/kisangpark/ros2_ws/build/gazebo_tutorial/prefix_override:/usr/lib/python3/dist-packages/colcon_core/task/python/colcon_distutils_commands:/home/kisangpark/ros2_ws/install/gazebo_tutorial/lib/python3.10/site-packages:${PYTHONPATH} /usr/bin/python3 -W ignore:setup.py install is deprecated -W ignore:easy_install command is deprecated setup.py egg_info --egg-base ../../build/gazebo_tutorial build --build-base /home/kisangpark/ros2_ws/build/gazebo_tutorial/build install --record /home/kisangpark/ros2_ws/build/gazebo_tutorial/install.log --single-version-externally-managed install_data
[5.320s] DEBUG:colcon.colcon_core.event_handler.log_command:Invoked command in '/home/kisangpark/ros2_ws/src/gazebo_tutorial' returned '0': PYTHONPATH=/home/kisangpark/ros2_ws/build/gazebo_tutorial/prefix_override:/usr/lib/python3/dist-packages/colcon_core/task/python/colcon_distutils_commands:/home/kisangpark/ros2_ws/install/gazebo_tutorial/lib/python3.10/site-packages:${PYTHONPATH} /usr/bin/python3 -W ignore:setup.py install is deprecated -W ignore:easy_install command is deprecated setup.py egg_info --egg-base ../../build/gazebo_tutorial build --build-base /home/kisangpark/ros2_ws/build/gazebo_tutorial/build install --record /home/kisangpark/ros2_ws/build/gazebo_tutorial/install.log --single-version-externally-managed install_data
[5.345s] Level 1:colcon.colcon_core.environment:checking '/home/kisangpark/ros2_ws/install/gazebo_tutorial' for CMake module files
[5.349s] Level 1:colcon.colcon_core.environment:checking '/home/kisangpark/ros2_ws/install/gazebo_tutorial' for CMake config files
[5.361s] Level 1:colcon.colcon_core.environment:checking '/home/kisangpark/ros2_ws/install/gazebo_tutorial/lib'
[5.362s] Level 1:colcon.colcon_core.environment:checking '/home/kisangpark/ros2_ws/install/gazebo_tutorial/bin'
[5.362s] Level 1:colcon.colcon_core.environment:checking '/home/kisangpark/ros2_ws/install/gazebo_tutorial/lib/pkgconfig/gazebo_tutorial.pc'
[5.364s] Level 1:colcon.colcon_core.environment:checking '/home/kisangpark/ros2_ws/install/gazebo_tutorial/lib/python3.10/site-packages'
[5.364s] Level 1:colcon.colcon_core.shell:create_environment_hook('gazebo_tutorial', 'pythonpath')
[5.365s] INFO:colcon.colcon_core.shell:Creating environment hook '/home/kisangpark/ros2_ws/install/gazebo_tutorial/share/gazebo_tutorial/hook/pythonpath.ps1'
[5.367s] INFO:colcon.colcon_core.shell:Creating environment descriptor '/home/kisangpark/ros2_ws/install/gazebo_tutorial/share/gazebo_tutorial/hook/pythonpath.dsv'
[5.370s] INFO:colcon.colcon_core.shell:Creating environment hook '/home/kisangpark/ros2_ws/install/gazebo_tutorial/share/gazebo_tutorial/hook/pythonpath.sh'
[5.372s] Level 1:colcon.colcon_core.environment:checking '/home/kisangpark/ros2_ws/install/gazebo_tutorial/bin'
[5.372s] Level 1:colcon.colcon_core.environment:create_environment_scripts_only(gazebo_tutorial)
[5.373s] INFO:colcon.colcon_core.shell:Creating package script '/home/kisangpark/ros2_ws/install/gazebo_tutorial/share/gazebo_tutorial/package.ps1'
[5.379s] INFO:colcon.colcon_core.shell:Creating package descriptor '/home/kisangpark/ros2_ws/install/gazebo_tutorial/share/gazebo_tutorial/package.dsv'
[5.383s] INFO:colcon.colcon_core.shell:Creating package script '/home/kisangpark/ros2_ws/install/gazebo_tutorial/share/gazebo_tutorial/package.sh'
[5.389s] INFO:colcon.colcon_core.shell:Creating package script '/home/kisangpark/ros2_ws/install/gazebo_tutorial/share/gazebo_tutorial/package.bash'
[5.394s] INFO:colcon.colcon_core.shell:Creating package script '/home/kisangpark/ros2_ws/install/gazebo_tutorial/share/gazebo_tutorial/package.zsh'
[5.398s] Level 1:colcon.colcon_core.environment:create_file_with_runtime_dependencies(/home/kisangpark/ros2_ws/install/gazebo_tutorial/share/colcon-core/packages/gazebo_tutorial)
[5.399s] DEBUG:colcon.colcon_parallel_executor.executor.parallel:closing loop
[5.400s] DEBUG:colcon.colcon_parallel_executor.executor.parallel:loop closed
[5.401s] DEBUG:colcon.colcon_parallel_executor.executor.parallel:run_until_complete finished with '0'
[5.401s] DEBUG:colcon.colcon_core.event_reactor:joining thread
[5.464s] INFO:colcon.colcon_core.plugin_system:Skipping extension 'colcon_notification.desktop_notification.terminal_notifier': Not used on non-Darwin systems
[5.464s] INFO:colcon.colcon_core.plugin_system:Skipping extension 'colcon_notification.desktop_notification.win32': Not used on non-Windows systems
[5.464s] INFO:colcon.colcon_notification.desktop_notification:Sending desktop notification using 'notify2'
[5.582s] DEBUG:colcon.colcon_core.event_reactor:joined thread
[5.583s] INFO:colcon.colcon_core.shell:Creating prefix script '/home/kisangpark/ros2_ws/install/local_setup.ps1'
[5.591s] INFO:colcon.colcon_core.shell:Creating prefix util module '/home/kisangpark/ros2_ws/install/_local_setup_util_ps1.py'
[5.600s] INFO:colcon.colcon_core.shell:Creating prefix chain script '/home/kisangpark/ros2_ws/install/setup.ps1'
[5.607s] INFO:colcon.colcon_core.shell:Creating prefix script '/home/kisangpark/ros2_ws/install/local_setup.sh'
[5.611s] INFO:colcon.colcon_core.shell:Creating prefix util module '/home/kisangpark/ros2_ws/install/_local_setup_util_sh.py'
[5.615s] INFO:colcon.colcon_core.shell:Creating prefix chain script '/home/kisangpark/ros2_ws/install/setup.sh'
[5.621s] INFO:colcon.colcon_core.shell:Creating prefix script '/home/kisangpark/ros2_ws/install/local_setup.bash'
[5.626s] INFO:colcon.colcon_core.shell:Creating prefix chain script '/home/kisangpark/ros2_ws/install/setup.bash'
[5.633s] INFO:colcon.colcon_core.shell:Creating prefix script '/home/kisangpark/ros2_ws/install/local_setup.zsh'
[5.638s] INFO:colcon.colcon_core.shell:Creating prefix chain script '/home/kisangpark/ros2_ws/install/setup.zsh'
