running egg_info
writing ../../build/gazebo_tutorial/gazebo_tutorial.egg-info/PKG-INFO
writing dependency_links to ../../build/gazebo_tutorial/gazebo_tutorial.egg-info/dependency_links.txt
writing entry points to ../../build/gazebo_tutorial/gazebo_tutorial.egg-info/entry_points.txt
writing requirements to ../../build/gazebo_tutorial/gazebo_tutorial.egg-info/requires.txt
writing top-level names to ../../build/gazebo_tutorial/gazebo_tutorial.egg-info/top_level.txt
reading manifest file '../../build/gazebo_tutorial/gazebo_tutorial.egg-info/SOURCES.txt'
writing manifest file '../../build/gazebo_tutorial/gazebo_tutorial.egg-info/SOURCES.txt'
running build
running build_py
running install
running install_lib
creating /home/inhwan/ros2_ws1/install/gazebo_tutorial/lib/python3.8/site-packages/gazebo_tutorial
copying /home/inhwan/ros2_ws1/build/gazebo_tutorial/build/lib/gazebo_tutorial/__init__.py -> /home/inhwan/ros2_ws1/install/gazebo_tutorial/lib/python3.8/site-packages/gazebo_tutorial
copying /home/inhwan/ros2_ws1/build/gazebo_tutorial/build/lib/gazebo_tutorial/controller.py -> /home/inhwan/ros2_ws1/install/gazebo_tutorial/lib/python3.8/site-packages/gazebo_tutorial
copying /home/inhwan/ros2_ws1/build/gazebo_tutorial/build/lib/gazebo_tutorial/node_test.py -> /home/inhwan/ros2_ws1/install/gazebo_tutorial/lib/python3.8/site-packages/gazebo_tutorial
copying /home/inhwan/ros2_ws1/build/gazebo_tutorial/build/lib/gazebo_tutorial/perplexity_reference.py -> /home/inhwan/ros2_ws1/install/gazebo_tutorial/lib/python3.8/site-packages/gazebo_tutorial
copying /home/inhwan/ros2_ws1/build/gazebo_tutorial/build/lib/gazebo_tutorial/node_perplexity.py -> /home/inhwan/ros2_ws1/install/gazebo_tutorial/lib/python3.8/site-packages/gazebo_tutorial
byte-compiling /home/inhwan/ros2_ws1/install/gazebo_tutorial/lib/python3.8/site-packages/gazebo_tutorial/__init__.py to __init__.cpython-38.pyc
byte-compiling /home/inhwan/ros2_ws1/install/gazebo_tutorial/lib/python3.8/site-packages/gazebo_tutorial/controller.py to controller.cpython-38.pyc
byte-compiling /home/inhwan/ros2_ws1/install/gazebo_tutorial/lib/python3.8/site-packages/gazebo_tutorial/node_test.py to node_test.cpython-38.pyc
byte-compiling /home/inhwan/ros2_ws1/install/gazebo_tutorial/lib/python3.8/site-packages/gazebo_tutorial/perplexity_reference.py to perplexity_reference.cpython-38.pyc
byte-compiling /home/inhwan/ros2_ws1/install/gazebo_tutorial/lib/python3.8/site-packages/gazebo_tutorial/node_perplexity.py to node_perplexity.cpython-38.pyc
running install_data
running install_egg_info
Copying ../../build/gazebo_tutorial/gazebo_tutorial.egg-info to /home/inhwan/ros2_ws1/install/gazebo_tutorial/lib/python3.8/site-packages/gazebo_tutorial-0.0.0-py3.8.egg-info
running install_scripts
Installing controller script to /home/inhwan/ros2_ws1/install/gazebo_tutorial/lib/gazebo_tutorial
writing list of installed files to '/home/inhwan/ros2_ws1/build/gazebo_tutorial/install.log'
