[0.753s] Invoking command in '/home/inhwan/ros2_ws1/src/gazebo_tutorial': PYTHONPATH=/home/inhwan/ros2_ws1/build/gazebo_tutorial/prefix_override:/usr/lib/python3/dist-packages/colcon_core/task/python/colcon_distutils_commands:/home/inhwan/ros2_ws1/install/gazebo_tutorial/lib/python3.8/site-packages:${PYTHONPATH} /usr/bin/python3 -W ignore:setup.py install is deprecated -W ignore:easy_install command is deprecated setup.py egg_info --egg-base ../../build/gazebo_tutorial build --build-base /home/inhwan/ros2_ws1/build/gazebo_tutorial/build install --record /home/inhwan/ros2_ws1/build/gazebo_tutorial/install.log --single-version-externally-managed install_data
[0.901s] running egg_info
[0.901s] writing ../../build/gazebo_tutorial/gazebo_tutorial.egg-info/PKG-INFO
[0.901s] writing dependency_links to ../../build/gazebo_tutorial/gazebo_tutorial.egg-info/dependency_links.txt
[0.902s] writing entry points to ../../build/gazebo_tutorial/gazebo_tutorial.egg-info/entry_points.txt
[0.902s] writing requirements to ../../build/gazebo_tutorial/gazebo_tutorial.egg-info/requires.txt
[0.902s] writing top-level names to ../../build/gazebo_tutorial/gazebo_tutorial.egg-info/top_level.txt
[0.926s] reading manifest file '../../build/gazebo_tutorial/gazebo_tutorial.egg-info/SOURCES.txt'
[0.926s] writing manifest file '../../build/gazebo_tutorial/gazebo_tutorial.egg-info/SOURCES.txt'
[0.926s] running build
[0.926s] running build_py
[0.926s] running install
[0.927s] running install_lib
[0.928s] creating /home/inhwan/ros2_ws1/install/gazebo_tutorial/lib/python3.8/site-packages/gazebo_tutorial
[0.928s] copying /home/inhwan/ros2_ws1/build/gazebo_tutorial/build/lib/gazebo_tutorial/__init__.py -> /home/inhwan/ros2_ws1/install/gazebo_tutorial/lib/python3.8/site-packages/gazebo_tutorial
[0.928s] copying /home/inhwan/ros2_ws1/build/gazebo_tutorial/build/lib/gazebo_tutorial/controller.py -> /home/inhwan/ros2_ws1/install/gazebo_tutorial/lib/python3.8/site-packages/gazebo_tutorial
[0.928s] copying /home/inhwan/ros2_ws1/build/gazebo_tutorial/build/lib/gazebo_tutorial/node_test.py -> /home/inhwan/ros2_ws1/install/gazebo_tutorial/lib/python3.8/site-packages/gazebo_tutorial
[0.928s] copying /home/inhwan/ros2_ws1/build/gazebo_tutorial/build/lib/gazebo_tutorial/perplexity_reference.py -> /home/inhwan/ros2_ws1/install/gazebo_tutorial/lib/python3.8/site-packages/gazebo_tutorial
[0.928s] copying /home/inhwan/ros2_ws1/build/gazebo_tutorial/build/lib/gazebo_tutorial/node_perplexity.py -> /home/inhwan/ros2_ws1/install/gazebo_tutorial/lib/python3.8/site-packages/gazebo_tutorial
[0.928s] byte-compiling /home/inhwan/ros2_ws1/install/gazebo_tutorial/lib/python3.8/site-packages/gazebo_tutorial/__init__.py to __init__.cpython-38.pyc
[0.929s] byte-compiling /home/inhwan/ros2_ws1/install/gazebo_tutorial/lib/python3.8/site-packages/gazebo_tutorial/controller.py to controller.cpython-38.pyc
[0.929s] byte-compiling /home/inhwan/ros2_ws1/install/gazebo_tutorial/lib/python3.8/site-packages/gazebo_tutorial/node_test.py to node_test.cpython-38.pyc
[0.930s] byte-compiling /home/inhwan/ros2_ws1/install/gazebo_tutorial/lib/python3.8/site-packages/gazebo_tutorial/perplexity_reference.py to perplexity_reference.cpython-38.pyc
[0.930s] byte-compiling /home/inhwan/ros2_ws1/install/gazebo_tutorial/lib/python3.8/site-packages/gazebo_tutorial/node_perplexity.py to node_perplexity.cpython-38.pyc
[0.931s] running install_data
[0.931s] running install_egg_info
[0.932s] Copying ../../build/gazebo_tutorial/gazebo_tutorial.egg-info to /home/inhwan/ros2_ws1/install/gazebo_tutorial/lib/python3.8/site-packages/gazebo_tutorial-0.0.0-py3.8.egg-info
[0.933s] running install_scripts
[0.944s] Installing controller script to /home/inhwan/ros2_ws1/install/gazebo_tutorial/lib/gazebo_tutorial
[0.944s] writing list of installed files to '/home/inhwan/ros2_ws1/build/gazebo_tutorial/install.log'
[0.960s] Invoked command in '/home/inhwan/ros2_ws1/src/gazebo_tutorial' returned '0': PYTHONPATH=/home/inhwan/ros2_ws1/build/gazebo_tutorial/prefix_override:/usr/lib/python3/dist-packages/colcon_core/task/python/colcon_distutils_commands:/home/inhwan/ros2_ws1/install/gazebo_tutorial/lib/python3.8/site-packages:${PYTHONPATH} /usr/bin/python3 -W ignore:setup.py install is deprecated -W ignore:easy_install command is deprecated setup.py egg_info --egg-base ../../build/gazebo_tutorial build --build-base /home/inhwan/ros2_ws1/build/gazebo_tutorial/build install --record /home/inhwan/ros2_ws1/build/gazebo_tutorial/install.log --single-version-externally-managed install_data
