[0.217s] DEBUG:colcon:Command line arguments: ['/usr/bin/colcon', 'build', '--packages-select', 'gazebo_tutorial']
[0.218s] DEBUG:colcon:Parsed command line arguments: Namespace(log_base=None, log_level=None, verb_name='build', build_base='build', install_base='install', merge_install=False, symlink_install=False, test_result_base=None, continue_on_error=False, executor='parallel', parallel_workers=2, event_handlers=None, ignore_user_meta=False, metas=['./colcon.meta'], base_paths=['.'], packages_ignore=None, packages_ignore_regex=None, paths=None, packages_up_to=None, packages_up_to_regex=None, packages_above=None, packages_above_and_dependencies=None, packages_above_depth=None, packages_select_by_dep=None, packages_skip_by_dep=None, packages_skip_up_to=None, packages_select_build_failed=False, packages_skip_build_finished=False, packages_select_test_failures=False, packages_skip_test_passed=False, packages_select=['gazebo_tutorial'], packages_skip=None, packages_select_regex=None, packages_skip_regex=None, packages_start=None, packages_end=None, allow_overriding=[], cmake_args=None, cmake_target=None, cmake_target_skip_unavailable=False, cmake_clean_cache=False, cmake_clean_first=False, cmake_force_configure=False, ament_cmake_args=None, catkin_cmake_args=None, catkin_skip_building_tests=False, mixin_files=None, mixin=None, verb_parser=<colcon_mixin.mixin.mixin_argument.MixinArgumentDecorator object at 0x761fa3c2e680>, verb_extension=<colcon_core.verb.build.BuildVerb object at 0x761fa3da3df0>, main=<bound method BuildVerb.main of <colcon_core.verb.build.BuildVerb object at 0x761fa3da3df0>>, mixin_verb=('build',))
[0.610s] Level 1:colcon.colcon_core.package_discovery:discover_packages(colcon_meta) check parameters
[0.610s] Level 1:colcon.colcon_core.package_discovery:discover_packages(recursive) check parameters
[0.610s] Level 1:colcon.colcon_core.package_discovery:discover_packages(ignore) check parameters
[0.610s] Level 1:colcon.colcon_core.package_discovery:discover_packages(path) check parameters
[0.610s] Level 1:colcon.colcon_core.package_discovery:discover_packages(colcon_meta) discover
[0.610s] Level 1:colcon.colcon_core.package_discovery:discover_packages(recursive) discover
[0.610s] INFO:colcon.colcon_core.package_discovery:Crawling recursively for packages in '/home/kisangpark/ros2_ws'
[0.610s] Level 1:colcon.colcon_core.package_identification:_identify(.) by extensions ['ignore', 'ignore_ament_install']
[0.610s] Level 1:colcon.colcon_core.package_identification:_identify(.) by extension 'ignore'
[0.611s] Level 1:colcon.colcon_core.package_identification:_identify(.) by extension 'ignore_ament_install'
[0.611s] Level 1:colcon.colcon_core.package_identification:_identify(.) by extensions ['colcon_pkg']
[0.611s] Level 1:colcon.colcon_core.package_identification:_identify(.) by extension 'colcon_pkg'
[0.611s] Level 1:colcon.colcon_core.package_identification:_identify(.) by extensions ['colcon_meta']
[0.611s] Level 1:colcon.colcon_core.package_identification:_identify(.) by extension 'colcon_meta'
[0.611s] Level 1:colcon.colcon_core.package_identification:_identify(.) by extensions ['ros']
[0.611s] Level 1:colcon.colcon_core.package_identification:_identify(.) by extension 'ros'
[0.624s] Level 1:colcon.colcon_core.package_identification:_identify(.) by extensions ['cmake', 'python']
[0.624s] Level 1:colcon.colcon_core.package_identification:_identify(.) by extension 'cmake'
[0.625s] Level 1:colcon.colcon_core.package_identification:_identify(.) by extension 'python'
[0.625s] Level 1:colcon.colcon_core.package_identification:_identify(.) by extensions ['python_setup_py']
[0.625s] Level 1:colcon.colcon_core.package_identification:_identify(.) by extension 'python_setup_py'
[0.625s] Level 1:colcon.colcon_core.package_identification:_identify(build) by extensions ['ignore', 'ignore_ament_install']
[0.625s] Level 1:colcon.colcon_core.package_identification:_identify(build) by extension 'ignore'
[0.625s] Level 1:colcon.colcon_core.package_identification:_identify(build) ignored
[0.625s] Level 1:colcon.colcon_core.package_identification:_identify(install) by extensions ['ignore', 'ignore_ament_install']
[0.625s] Level 1:colcon.colcon_core.package_identification:_identify(install) by extension 'ignore'
[0.626s] Level 1:colcon.colcon_core.package_identification:_identify(install) ignored
[0.626s] Level 1:colcon.colcon_core.package_identification:_identify(log) by extensions ['ignore', 'ignore_ament_install']
[0.626s] Level 1:colcon.colcon_core.package_identification:_identify(log) by extension 'ignore'
[0.626s] Level 1:colcon.colcon_core.package_identification:_identify(log) ignored
[0.626s] Level 1:colcon.colcon_core.package_identification:_identify(src) by extensions ['ignore', 'ignore_ament_install']
[0.626s] Level 1:colcon.colcon_core.package_identification:_identify(src) by extension 'ignore'
[0.626s] Level 1:colcon.colcon_core.package_identification:_identify(src) by extension 'ignore_ament_install'
[0.626s] Level 1:colcon.colcon_core.package_identification:_identify(src) by extensions ['colcon_pkg']
[0.626s] Level 1:colcon.colcon_core.package_identification:_identify(src) by extension 'colcon_pkg'
[0.627s] Level 1:colcon.colcon_core.package_identification:_identify(src) by extensions ['colcon_meta']
[0.627s] Level 1:colcon.colcon_core.package_identification:_identify(src) by extension 'colcon_meta'
[0.627s] Level 1:colcon.colcon_core.package_identification:_identify(src) by extensions ['ros']
[0.627s] Level 1:colcon.colcon_core.package_identification:_identify(src) by extension 'ros'
[0.627s] Level 1:colcon.colcon_core.package_identification:_identify(src) by extensions ['cmake', 'python']
[0.627s] Level 1:colcon.colcon_core.package_identification:_identify(src) by extension 'cmake'
[0.627s] Level 1:colcon.colcon_core.package_identification:_identify(src) by extension 'python'
[0.627s] Level 1:colcon.colcon_core.package_identification:_identify(src) by extensions ['python_setup_py']
[0.627s] Level 1:colcon.colcon_core.package_identification:_identify(src) by extension 'python_setup_py'
[0.627s] Level 1:colcon.colcon_core.package_identification:_identify(src/camera) by extensions ['ignore', 'ignore_ament_install']
[0.627s] Level 1:colcon.colcon_core.package_identification:_identify(src/camera) by extension 'ignore'
[0.627s] Level 1:colcon.colcon_core.package_identification:_identify(src/camera) by extension 'ignore_ament_install'
[0.627s] Level 1:colcon.colcon_core.package_identification:_identify(src/camera) by extensions ['colcon_pkg']
[0.627s] Level 1:colcon.colcon_core.package_identification:_identify(src/camera) by extension 'colcon_pkg'
[0.627s] Level 1:colcon.colcon_core.package_identification:_identify(src/camera) by extensions ['colcon_meta']
[0.627s] Level 1:colcon.colcon_core.package_identification:_identify(src/camera) by extension 'colcon_meta'
[0.627s] Level 1:colcon.colcon_core.package_identification:_identify(src/camera) by extensions ['ros']
[0.627s] Level 1:colcon.colcon_core.package_identification:_identify(src/camera) by extension 'ros'
[0.630s] DEBUG:colcon.colcon_core.package_identification:Package 'src/camera' with type 'ros.ament_python' and name 'camera'
[0.631s] Level 1:colcon.colcon_core.package_identification:_identify(src/gazebo_tutorial) by extensions ['ignore', 'ignore_ament_install']
[0.631s] Level 1:colcon.colcon_core.package_identification:_identify(src/gazebo_tutorial) by extension 'ignore'
[0.631s] Level 1:colcon.colcon_core.package_identification:_identify(src/gazebo_tutorial) by extension 'ignore_ament_install'
[0.631s] Level 1:colcon.colcon_core.package_identification:_identify(src/gazebo_tutorial) by extensions ['colcon_pkg']
[0.631s] Level 1:colcon.colcon_core.package_identification:_identify(src/gazebo_tutorial) by extension 'colcon_pkg'
[0.631s] Level 1:colcon.colcon_core.package_identification:_identify(src/gazebo_tutorial) by extensions ['colcon_meta']
[0.631s] Level 1:colcon.colcon_core.package_identification:_identify(src/gazebo_tutorial) by extension 'colcon_meta'
[0.631s] Level 1:colcon.colcon_core.package_identification:_identify(src/gazebo_tutorial) by extensions ['ros']
[0.631s] Level 1:colcon.colcon_core.package_identification:_identify(src/gazebo_tutorial) by extension 'ros'
[0.632s] DEBUG:colcon.colcon_core.package_identification:Package 'src/gazebo_tutorial' with type 'ros.ament_python' and name 'gazebo_tutorial'
[0.632s] Level 1:colcon.colcon_core.package_identification:_identify(src/lidar_car) by extensions ['ignore', 'ignore_ament_install']
[0.632s] Level 1:colcon.colcon_core.package_identification:_identify(src/lidar_car) by extension 'ignore'
[0.632s] Level 1:colcon.colcon_core.package_identification:_identify(src/lidar_car) by extension 'ignore_ament_install'
[0.632s] Level 1:colcon.colcon_core.package_identification:_identify(src/lidar_car) by extensions ['colcon_pkg']
[0.632s] Level 1:colcon.colcon_core.package_identification:_identify(src/lidar_car) by extension 'colcon_pkg'
[0.632s] Level 1:colcon.colcon_core.package_identification:_identify(src/lidar_car) by extensions ['colcon_meta']
[0.632s] Level 1:colcon.colcon_core.package_identification:_identify(src/lidar_car) by extension 'colcon_meta'
[0.632s] Level 1:colcon.colcon_core.package_identification:_identify(src/lidar_car) by extensions ['ros']
[0.632s] Level 1:colcon.colcon_core.package_identification:_identify(src/lidar_car) by extension 'ros'
[0.633s] DEBUG:colcon.colcon_core.package_identification:Package 'src/lidar_car' with type 'ros.ament_python' and name 'lidar_car'
[0.633s] Level 1:colcon.colcon_core.package_discovery:discover_packages(recursive) using defaults
[0.633s] Level 1:colcon.colcon_core.package_discovery:discover_packages(ignore) discover
[0.633s] Level 1:colcon.colcon_core.package_discovery:discover_packages(ignore) using defaults
[0.633s] Level 1:colcon.colcon_core.package_discovery:discover_packages(path) discover
[0.633s] Level 1:colcon.colcon_core.package_discovery:discover_packages(path) using defaults
[0.671s] INFO:colcon.colcon_core.package_selection:Skipping not selected package 'camera' in 'src/camera'
[0.671s] INFO:colcon.colcon_core.package_selection:Skipping not selected package 'lidar_car' in 'src/lidar_car'
[0.672s] Level 1:colcon.colcon_core.package_discovery:discover_packages(prefix_path) check parameters
[0.672s] Level 1:colcon.colcon_core.package_discovery:discover_packages(prefix_path) discover
[0.674s] DEBUG:colcon.colcon_installed_package_information.package_discovery:Found 4 installed packages in /home/kisangpark/ros2_ws/install
[0.675s] DEBUG:colcon.colcon_installed_package_information.package_discovery:Found 334 installed packages in /opt/ros/humble
[0.677s] Level 1:colcon.colcon_core.package_discovery:discover_packages(prefix_path) using defaults
[0.752s] Level 5:colcon.colcon_core.verb:set package 'gazebo_tutorial' build argument 'cmake_args' from command line to 'None'
[0.752s] Level 5:colcon.colcon_core.verb:set package 'gazebo_tutorial' build argument 'cmake_target' from command line to 'None'
[0.752s] Level 5:colcon.colcon_core.verb:set package 'gazebo_tutorial' build argument 'cmake_target_skip_unavailable' from command line to 'False'
[0.752s] Level 5:colcon.colcon_core.verb:set package 'gazebo_tutorial' build argument 'cmake_clean_cache' from command line to 'False'
[0.752s] Level 5:colcon.colcon_core.verb:set package 'gazebo_tutorial' build argument 'cmake_clean_first' from command line to 'False'
[0.752s] Level 5:colcon.colcon_core.verb:set package 'gazebo_tutorial' build argument 'cmake_force_configure' from command line to 'False'
[0.752s] Level 5:colcon.colcon_core.verb:set package 'gazebo_tutorial' build argument 'ament_cmake_args' from command line to 'None'
[0.752s] Level 5:colcon.colcon_core.verb:set package 'gazebo_tutorial' build argument 'catkin_cmake_args' from command line to 'None'
[0.752s] Level 5:colcon.colcon_core.verb:set package 'gazebo_tutorial' build argument 'catkin_skip_building_tests' from command line to 'False'
[0.752s] DEBUG:colcon.colcon_core.verb:Building package 'gazebo_tutorial' with the following arguments: {'ament_cmake_args': None, 'build_base': '/home/kisangpark/ros2_ws/build/gazebo_tutorial', 'catkin_cmake_args': None, 'catkin_skip_building_tests': False, 'cmake_args': None, 'cmake_clean_cache': False, 'cmake_clean_first': False, 'cmake_force_configure': False, 'cmake_target': None, 'cmake_target_skip_unavailable': False, 'install_base': '/home/kisangpark/ros2_ws/install/gazebo_tutorial', 'merge_install': False, 'path': '/home/kisangpark/ros2_ws/src/gazebo_tutorial', 'symlink_install': False, 'test_result_base': None}
[0.753s] INFO:colcon.colcon_core.executor:Executing jobs using 'parallel' executor
[0.755s] DEBUG:colcon.colcon_parallel_executor.executor.parallel:run_until_complete
[0.756s] INFO:colcon.colcon_ros.task.ament_python.build:Building ROS package in '/home/kisangpark/ros2_ws/src/gazebo_tutorial' with build type 'ament_python'
[0.756s] Level 1:colcon.colcon_core.shell:create_environment_hook('gazebo_tutorial', 'ament_prefix_path')
[0.762s] INFO:colcon.colcon_core.plugin_system:Skipping extension 'colcon_core.shell.bat': Not used on non-Windows systems
[0.763s] INFO:colcon.colcon_core.shell:Creating environment hook '/home/kisangpark/ros2_ws/install/gazebo_tutorial/share/gazebo_tutorial/hook/ament_prefix_path.ps1'
[0.765s] INFO:colcon.colcon_core.shell:Creating environment descriptor '/home/kisangpark/ros2_ws/install/gazebo_tutorial/share/gazebo_tutorial/hook/ament_prefix_path.dsv'
[0.766s] INFO:colcon.colcon_core.shell:Creating environment hook '/home/kisangpark/ros2_ws/install/gazebo_tutorial/share/gazebo_tutorial/hook/ament_prefix_path.sh'
[0.768s] INFO:colcon.colcon_core.shell:Skip shell extension 'powershell' for command environment: Not usable outside of PowerShell
[0.768s] DEBUG:colcon.colcon_core.shell:Skip shell extension 'dsv' for command environment
[1.198s] INFO:colcon.colcon_core.task.python.build:Building Python package in '/home/kisangpark/ros2_ws/src/gazebo_tutorial'
[1.199s] INFO:colcon.colcon_core.shell:Skip shell extension 'powershell' for command environment: Not usable outside of PowerShell
[1.199s] DEBUG:colcon.colcon_core.shell:Skip shell extension 'dsv' for command environment
[1.823s] DEBUG:colcon.colcon_core.event_handler.log_command:Invoking command in '/home/kisangpark/ros2_ws/src/gazebo_tutorial': PYTHONPATH=/home/kisangpark/ros2_ws/build/gazebo_tutorial/prefix_override:/usr/lib/python3/dist-packages/colcon_core/task/python/colcon_distutils_commands:/home/kisangpark/ros2_ws/install/gazebo_tutorial/lib/python3.10/site-packages:${PYTHONPATH} /usr/bin/python3 -W ignore:setup.py install is deprecated -W ignore:easy_install command is deprecated setup.py egg_info --egg-base ../../build/gazebo_tutorial build --build-base /home/kisangpark/ros2_ws/build/gazebo_tutorial/build install --record /home/kisangpark/ros2_ws/build/gazebo_tutorial/install.log --single-version-externally-managed install_data
[2.669s] DEBUG:colcon.colcon_core.event_handler.log_command:Invoked command in '/home/kisangpark/ros2_ws/src/gazebo_tutorial' returned '0': PYTHONPATH=/home/kisangpark/ros2_ws/build/gazebo_tutorial/prefix_override:/usr/lib/python3/dist-packages/colcon_core/task/python/colcon_distutils_commands:/home/kisangpark/ros2_ws/install/gazebo_tutorial/lib/python3.10/site-packages:${PYTHONPATH} /usr/bin/python3 -W ignore:setup.py install is deprecated -W ignore:easy_install command is deprecated setup.py egg_info --egg-base ../../build/gazebo_tutorial build --build-base /home/kisangpark/ros2_ws/build/gazebo_tutorial/build install --record /home/kisangpark/ros2_ws/build/gazebo_tutorial/install.log --single-version-externally-managed install_data
[2.673s] Level 1:colcon.colcon_core.environment:checking '/home/kisangpark/ros2_ws/install/gazebo_tutorial' for CMake module files
[2.674s] Level 1:colcon.colcon_core.environment:checking '/home/kisangpark/ros2_ws/install/gazebo_tutorial' for CMake config files
[2.675s] Level 1:colcon.colcon_core.environment:checking '/home/kisangpark/ros2_ws/install/gazebo_tutorial/lib'
[2.676s] Level 1:colcon.colcon_core.environment:checking '/home/kisangpark/ros2_ws/install/gazebo_tutorial/bin'
[2.676s] Level 1:colcon.colcon_core.environment:checking '/home/kisangpark/ros2_ws/install/gazebo_tutorial/lib/pkgconfig/gazebo_tutorial.pc'
[2.676s] Level 1:colcon.colcon_core.environment:checking '/home/kisangpark/ros2_ws/install/gazebo_tutorial/lib/python3.10/site-packages'
[2.676s] Level 1:colcon.colcon_core.shell:create_environment_hook('gazebo_tutorial', 'pythonpath')
[2.677s] INFO:colcon.colcon_core.shell:Creating environment hook '/home/kisangpark/ros2_ws/install/gazebo_tutorial/share/gazebo_tutorial/hook/pythonpath.ps1'
[2.677s] INFO:colcon.colcon_core.shell:Creating environment descriptor '/home/kisangpark/ros2_ws/install/gazebo_tutorial/share/gazebo_tutorial/hook/pythonpath.dsv'
[2.678s] INFO:colcon.colcon_core.shell:Creating environment hook '/home/kisangpark/ros2_ws/install/gazebo_tutorial/share/gazebo_tutorial/hook/pythonpath.sh'
[2.679s] Level 1:colcon.colcon_core.environment:checking '/home/kisangpark/ros2_ws/install/gazebo_tutorial/bin'
[2.679s] Level 1:colcon.colcon_core.environment:create_environment_scripts_only(gazebo_tutorial)
[2.680s] INFO:colcon.colcon_core.shell:Creating package script '/home/kisangpark/ros2_ws/install/gazebo_tutorial/share/gazebo_tutorial/package.ps1'
[2.682s] INFO:colcon.colcon_core.shell:Creating package descriptor '/home/kisangpark/ros2_ws/install/gazebo_tutorial/share/gazebo_tutorial/package.dsv'
[2.683s] INFO:colcon.colcon_core.shell:Creating package script '/home/kisangpark/ros2_ws/install/gazebo_tutorial/share/gazebo_tutorial/package.sh'
[2.684s] INFO:colcon.colcon_core.shell:Creating package script '/home/kisangpark/ros2_ws/install/gazebo_tutorial/share/gazebo_tutorial/package.bash'
[2.685s] INFO:colcon.colcon_core.shell:Creating package script '/home/kisangpark/ros2_ws/install/gazebo_tutorial/share/gazebo_tutorial/package.zsh'
[2.686s] Level 1:colcon.colcon_core.environment:create_file_with_runtime_dependencies(/home/kisangpark/ros2_ws/install/gazebo_tutorial/share/colcon-core/packages/gazebo_tutorial)
[2.686s] DEBUG:colcon.colcon_parallel_executor.executor.parallel:closing loop
[2.687s] DEBUG:colcon.colcon_parallel_executor.executor.parallel:loop closed
[2.687s] DEBUG:colcon.colcon_parallel_executor.executor.parallel:run_until_complete finished with '0'
[2.687s] DEBUG:colcon.colcon_core.event_reactor:joining thread
[2.714s] INFO:colcon.colcon_core.plugin_system:Skipping extension 'colcon_notification.desktop_notification.terminal_notifier': Not used on non-Darwin systems
[2.714s] INFO:colcon.colcon_core.plugin_system:Skipping extension 'colcon_notification.desktop_notification.win32': Not used on non-Windows systems
[2.714s] INFO:colcon.colcon_notification.desktop_notification:Sending desktop notification using 'notify2'
[2.740s] DEBUG:colcon.colcon_core.event_reactor:joined thread
[2.740s] INFO:colcon.colcon_core.shell:Creating prefix script '/home/kisangpark/ros2_ws/install/local_setup.ps1'
[2.743s] INFO:colcon.colcon_core.shell:Creating prefix util module '/home/kisangpark/ros2_ws/install/_local_setup_util_ps1.py'
[2.749s] INFO:colcon.colcon_core.shell:Creating prefix chain script '/home/kisangpark/ros2_ws/install/setup.ps1'
[2.752s] INFO:colcon.colcon_core.shell:Creating prefix script '/home/kisangpark/ros2_ws/install/local_setup.sh'
[2.753s] INFO:colcon.colcon_core.shell:Creating prefix util module '/home/kisangpark/ros2_ws/install/_local_setup_util_sh.py'
[2.755s] INFO:colcon.colcon_core.shell:Creating prefix chain script '/home/kisangpark/ros2_ws/install/setup.sh'
[2.758s] INFO:colcon.colcon_core.shell:Creating prefix script '/home/kisangpark/ros2_ws/install/local_setup.bash'
[2.759s] INFO:colcon.colcon_core.shell:Creating prefix chain script '/home/kisangpark/ros2_ws/install/setup.bash'
[2.763s] INFO:colcon.colcon_core.shell:Creating prefix script '/home/kisangpark/ros2_ws/install/local_setup.zsh'
[2.764s] INFO:colcon.colcon_core.shell:Creating prefix chain script '/home/kisangpark/ros2_ws/install/setup.zsh'
