[5.151s] Invoking command in '/home/kisangpark/ros2_ws/src/my_robot': PYTHONPATH=/home/kisangpark/ros2_ws/build/my_robot/prefix_override:/usr/lib/python3/dist-packages/colcon_core/task/python/colcon_distutils_commands:/home/kisangpark/ros2_ws/install/my_robot/lib/python3.10/site-packages:${PYTHONPATH} /usr/bin/python3 -W ignore:setup.py install is deprecated -W ignore:easy_install command is deprecated setup.py egg_info --egg-base ../../build/my_robot build --build-base /home/kisangpark/ros2_ws/build/my_robot/build install --record /home/kisangpark/ros2_ws/build/my_robot/install.log --install-scripts $base/lib/my_robot --single-version-externally-managed install_data
[7.096s] /usr/lib/python3/dist-packages/setuptools/dist.py:723: UserWarning: Usage of dash-separated 'script-dir' will not be supported in future versions. Please use the underscore name 'script_dir' instead
[7.097s]   warnings.warn(
[7.151s] running egg_info
[7.158s] writing ../../build/my_robot/my_robot.egg-info/PKG-INFO
[7.174s] writing dependency_links to ../../build/my_robot/my_robot.egg-info/dependency_links.txt
[7.181s] writing entry points to ../../build/my_robot/my_robot.egg-info/entry_points.txt
[7.195s] writing requirements to ../../build/my_robot/my_robot.egg-info/requires.txt
[7.196s] writing top-level names to ../../build/my_robot/my_robot.egg-info/top_level.txt
[7.221s] reading manifest file '../../build/my_robot/my_robot.egg-info/SOURCES.txt'
[7.229s] writing manifest file '../../build/my_robot/my_robot.egg-info/SOURCES.txt'
[7.232s] running build
[7.233s] running build_py
[7.241s] running install
[7.246s] running install_lib
[7.257s] running install_data
[7.265s] running install_egg_info
[7.275s] removing '/home/kisangpark/ros2_ws/install/my_robot/lib/python3.10/site-packages/my_robot-0.0.0-py3.10.egg-info' (and everything under it)
[7.276s] Copying ../../build/my_robot/my_robot.egg-info to /home/kisangpark/ros2_ws/install/my_robot/lib/python3.10/site-packages/my_robot-0.0.0-py3.10.egg-info
[7.284s] running install_scripts
[7.376s] Installing image_processor script to /home/kisangpark/ros2_ws/install/my_robot/lib/my_robot
[7.379s] writing list of installed files to '/home/kisangpark/ros2_ws/build/my_robot/install.log'
[7.485s] Invoked command in '/home/kisangpark/ros2_ws/src/my_robot' returned '0': PYTHONPATH=/home/kisangpark/ros2_ws/build/my_robot/prefix_override:/usr/lib/python3/dist-packages/colcon_core/task/python/colcon_distutils_commands:/home/kisangpark/ros2_ws/install/my_robot/lib/python3.10/site-packages:${PYTHONPATH} /usr/bin/python3 -W ignore:setup.py install is deprecated -W ignore:easy_install command is deprecated setup.py egg_info --egg-base ../../build/my_robot build --build-base /home/kisangpark/ros2_ws/build/my_robot/build install --record /home/kisangpark/ros2_ws/build/my_robot/install.log --install-scripts $base/lib/my_robot --single-version-externally-managed install_data
