[1.364s] Invoking command in '/home/hwan/ros2_learn_2/src/ridar': PYTHONPATH=/home/hwan/ros2_learn_2/build/ridar/prefix_override:/usr/lib/python3/dist-packages/colcon_core/task/python/colcon_distutils_commands:/home/hwan/ros2_learn_2/install/ridar/lib/python3.8/site-packages:${PYTHONPATH} /usr/bin/python3 -W ignore:setup.py install is deprecated -W ignore:easy_install command is deprecated setup.py egg_info --egg-base ../../build/ridar build --build-base /home/hwan/ros2_learn_2/build/ridar/build install --record /home/hwan/ros2_learn_2/build/ridar/install.log --install-scripts $base/lib/ridar --single-version-externally-managed install_data
[1.707s] running egg_info
[1.708s] creating ../../build/ridar/ridar.egg-info
[1.709s] writing ../../build/ridar/ridar.egg-info/PKG-INFO
[1.710s] writing dependency_links to ../../build/ridar/ridar.egg-info/dependency_links.txt
[1.710s] writing entry points to ../../build/ridar/ridar.egg-info/entry_points.txt
[1.711s] writing requirements to ../../build/ridar/ridar.egg-info/requires.txt
[1.711s] writing top-level names to ../../build/ridar/ridar.egg-info/top_level.txt
[1.725s] writing manifest file '../../build/ridar/ridar.egg-info/SOURCES.txt'
[1.765s] reading manifest file '../../build/ridar/ridar.egg-info/SOURCES.txt'
[1.767s] writing manifest file '../../build/ridar/ridar.egg-info/SOURCES.txt'
[1.768s] running build
[1.768s] running build_py
[1.768s] creating /home/hwan/ros2_learn_2/build/ridar/build
[1.768s] creating /home/hwan/ros2_learn_2/build/ridar/build/lib
[1.769s] creating /home/hwan/ros2_learn_2/build/ridar/build/lib/ridar
[1.770s] copying ridar/__init__.py -> /home/hwan/ros2_learn_2/build/ridar/build/lib/ridar
[1.771s] running install
[1.772s] running install_lib
[1.774s] creating /home/hwan/ros2_learn_2/install/ridar/lib/python3.8/site-packages/ridar
[1.774s] copying /home/hwan/ros2_learn_2/build/ridar/build/lib/ridar/__init__.py -> /home/hwan/ros2_learn_2/install/ridar/lib/python3.8/site-packages/ridar
[1.776s] byte-compiling /home/hwan/ros2_learn_2/install/ridar/lib/python3.8/site-packages/ridar/__init__.py to __init__.cpython-38.pyc
[1.778s] running install_data
[1.779s] creating /home/hwan/ros2_learn_2/install/ridar/share/ament_index
[1.779s] creating /home/hwan/ros2_learn_2/install/ridar/share/ament_index/resource_index
[1.780s] creating /home/hwan/ros2_learn_2/install/ridar/share/ament_index/resource_index/packages
[1.780s] copying resource/ridar -> /home/hwan/ros2_learn_2/install/ridar/share/ament_index/resource_index/packages
[1.781s] copying package.xml -> /home/hwan/ros2_learn_2/install/ridar/share/ridar
[1.781s] creating /home/hwan/ros2_learn_2/install/ridar/share/ridar/launch
[1.781s] copying launch/robot_1.launch.py -> /home/hwan/ros2_learn_2/install/ridar/share/ridar/launch
[1.782s] creating /home/hwan/ros2_learn_2/install/ridar/share/ridar/urdf
[1.782s] copying urdf/my_robot.xacro -> /home/hwan/ros2_learn_2/install/ridar/share/ridar/urdf
[1.783s] running install_egg_info
[1.785s] Copying ../../build/ridar/ridar.egg-info to /home/hwan/ros2_learn_2/install/ridar/lib/python3.8/site-packages/ridar-0.0.0-py3.8.egg-info
[1.787s] running install_scripts
[1.812s] writing list of installed files to '/home/hwan/ros2_learn_2/build/ridar/install.log'
[1.841s] Invoked command in '/home/hwan/ros2_learn_2/src/ridar' returned '0': PYTHONPATH=/home/hwan/ros2_learn_2/build/ridar/prefix_override:/usr/lib/python3/dist-packages/colcon_core/task/python/colcon_distutils_commands:/home/hwan/ros2_learn_2/install/ridar/lib/python3.8/site-packages:${PYTHONPATH} /usr/bin/python3 -W ignore:setup.py install is deprecated -W ignore:easy_install command is deprecated setup.py egg_info --egg-base ../../build/ridar build --build-base /home/hwan/ros2_learn_2/build/ridar/build install --record /home/hwan/ros2_learn_2/build/ridar/install.log --install-scripts $base/lib/ridar --single-version-externally-managed install_data
