/home/kisangpark/ros2_ws/install/gazebo_tutorial/lib/python3.10/site-packages/gazebo_tutorial/controller.py
/home/kisangpark/ros2_ws/install/gazebo_tutorial/lib/python3.10/site-packages/gazebo_tutorial/node_perplexity.py
/home/kisangpark/ros2_ws/install/gazebo_tutorial/lib/python3.10/site-packages/gazebo_tutorial/__init__.py
/home/kisangpark/ros2_ws/install/gazebo_tutorial/lib/python3.10/site-packages/gazebo_tutorial/__pycache__/controller.cpython-310.pyc
/home/kisangpark/ros2_ws/install/gazebo_tutorial/lib/python3.10/site-packages/gazebo_tutorial/__pycache__/node_perplexity.cpython-310.pyc
/home/kisangpark/ros2_ws/install/gazebo_tutorial/lib/python3.10/site-packages/gazebo_tutorial/__pycache__/__init__.cpython-310.pyc
/home/kisangpark/ros2_ws/install/gazebo_tutorial/share/ament_index/resource_index/packages/gazebo_tutorial
/home/kisangpark/ros2_ws/install/gazebo_tutorial/share/gazebo_tutorial/package.xml
/home/kisangpark/ros2_ws/install/gazebo_tutorial/share/gazebo_tutorial/launch/robot.launch.py
/home/kisangpark/ros2_ws/install/gazebo_tutorial/share/gazebo_tutorial/launch/gazebo.launch.py
/home/kisangpark/ros2_ws/install/gazebo_tutorial/share/gazebo_tutorial/launch/gazebo_spawn.launch.py
/home/kisangpark/ros2_ws/install/gazebo_tutorial/share/gazebo_tutorial/vision60/chassis2.mtl
/home/kisangpark/ros2_ws/install/gazebo_tutorial/share/gazebo_tutorial/vision60/tmotor3.obj
/home/kisangpark/ros2_ws/install/gazebo_tutorial/share/gazebo_tutorial/vision60/tmotor.blend
/home/kisangpark/ros2_ws/install/gazebo_tutorial/share/gazebo_tutorial/vision60/t-motor.jpg
/home/kisangpark/ros2_ws/install/gazebo_tutorial/share/gazebo_tutorial/vision60/chassis.obj
/home/kisangpark/ros2_ws/install/gazebo_tutorial/share/gazebo_tutorial/vision60/vision60_single.urdf
/home/kisangpark/ros2_ws/install/gazebo_tutorial/share/gazebo_tutorial/vision60/chassis.mtl
/home/kisangpark/ros2_ws/install/gazebo_tutorial/share/gazebo_tutorial/vision60/chassis2.obj
/home/kisangpark/ros2_ws/install/gazebo_tutorial/share/gazebo_tutorial/vision60/vision.py
/home/kisangpark/ros2_ws/install/gazebo_tutorial/share/gazebo_tutorial/vision60/model.config
/home/kisangpark/ros2_ws/install/gazebo_tutorial/share/gazebo_tutorial/vision60/checker_blue.png
/home/kisangpark/ros2_ws/install/gazebo_tutorial/share/gazebo_tutorial/vision60/vision60.urdf
/home/kisangpark/ros2_ws/install/gazebo_tutorial/share/gazebo_tutorial/vision60/tmotor3.mtl
/home/kisangpark/ros2_ws/install/gazebo_tutorial/lib/python3.10/site-packages/gazebo_tutorial-0.0.0-py3.10.egg-info/entry_points.txt
/home/kisangpark/ros2_ws/install/gazebo_tutorial/lib/python3.10/site-packages/gazebo_tutorial-0.0.0-py3.10.egg-info/zip-safe
/home/kisangpark/ros2_ws/install/gazebo_tutorial/lib/python3.10/site-packages/gazebo_tutorial-0.0.0-py3.10.egg-info/SOURCES.txt
/home/kisangpark/ros2_ws/install/gazebo_tutorial/lib/python3.10/site-packages/gazebo_tutorial-0.0.0-py3.10.egg-info/top_level.txt
/home/kisangpark/ros2_ws/install/gazebo_tutorial/lib/python3.10/site-packages/gazebo_tutorial-0.0.0-py3.10.egg-info/PKG-INFO
/home/kisangpark/ros2_ws/install/gazebo_tutorial/lib/python3.10/site-packages/gazebo_tutorial-0.0.0-py3.10.egg-info/requires.txt
/home/kisangpark/ros2_ws/install/gazebo_tutorial/lib/python3.10/site-packages/gazebo_tutorial-0.0.0-py3.10.egg-info/dependency_links.txt
/home/kisangpark/ros2_ws/install/gazebo_tutorial/lib/gazebo_tutorial/controller
