[3.763s] Invoking command in '/home/kisangpark/ros2_ws/src/gazebo_tutorial': PYTHONPATH=/home/kisangpark/ros2_ws/build/gazebo_tutorial/prefix_override:/usr/lib/python3/dist-packages/colcon_core/task/python/colcon_distutils_commands:/home/kisangpark/ros2_ws/install/gazebo_tutorial/lib/python3.10/site-packages:${PYTHONPATH} /usr/bin/python3 -W ignore:setup.py install is deprecated -W ignore:easy_install command is deprecated setup.py egg_info --egg-base ../../build/gazebo_tutorial build --build-base /home/kisangpark/ros2_ws/build/gazebo_tutorial/build install --record /home/kisangpark/ros2_ws/build/gazebo_tutorial/install.log --single-version-externally-managed install_data
[4.942s] running egg_info
[4.943s] writing ../../build/gazebo_tutorial/gazebo_tutorial.egg-info/PKG-INFO
[4.943s] writing dependency_links to ../../build/gazebo_tutorial/gazebo_tutorial.egg-info/dependency_links.txt
[4.943s] writing entry points to ../../build/gazebo_tutorial/gazebo_tutorial.egg-info/entry_points.txt
[4.944s] writing requirements to ../../build/gazebo_tutorial/gazebo_tutorial.egg-info/requires.txt
[4.944s] writing top-level names to ../../build/gazebo_tutorial/gazebo_tutorial.egg-info/top_level.txt
[4.954s] reading manifest file '../../build/gazebo_tutorial/gazebo_tutorial.egg-info/SOURCES.txt'
[4.962s] writing manifest file '../../build/gazebo_tutorial/gazebo_tutorial.egg-info/SOURCES.txt'
[4.963s] running build
[4.963s] running build_py
[4.963s] running install
[4.964s] running install_lib
[4.970s] running install_data
[4.971s] copying launch/xacro_load.launch.py -> /home/kisangpark/ros2_ws/install/gazebo_tutorial/share/gazebo_tutorial/launch
[4.974s] running install_egg_info
[4.981s] removing '/home/kisangpark/ros2_ws/install/gazebo_tutorial/lib/python3.10/site-packages/gazebo_tutorial-0.0.0-py3.10.egg-info' (and everything under it)
[4.983s] Copying ../../build/gazebo_tutorial/gazebo_tutorial.egg-info to /home/kisangpark/ros2_ws/install/gazebo_tutorial/lib/python3.10/site-packages/gazebo_tutorial-0.0.0-py3.10.egg-info
[4.986s] running install_scripts
[5.075s] Installing controller script to /home/kisangpark/ros2_ws/install/gazebo_tutorial/lib/gazebo_tutorial
[5.078s] writing list of installed files to '/home/kisangpark/ros2_ws/build/gazebo_tutorial/install.log'
[5.181s] Invoked command in '/home/kisangpark/ros2_ws/src/gazebo_tutorial' returned '0': PYTHONPATH=/home/kisangpark/ros2_ws/build/gazebo_tutorial/prefix_override:/usr/lib/python3/dist-packages/colcon_core/task/python/colcon_distutils_commands:/home/kisangpark/ros2_ws/install/gazebo_tutorial/lib/python3.10/site-packages:${PYTHONPATH} /usr/bin/python3 -W ignore:setup.py install is deprecated -W ignore:easy_install command is deprecated setup.py egg_info --egg-base ../../build/gazebo_tutorial build --build-base /home/kisangpark/ros2_ws/build/gazebo_tutorial/build install --record /home/kisangpark/ros2_ws/build/gazebo_tutorial/install.log --single-version-externally-managed install_data
