running egg_info
writing ../../build/gazebo_tutorial/gazebo_tutorial.egg-info/PKG-INFO
writing dependency_links to ../../build/gazebo_tutorial/gazebo_tutorial.egg-info/dependency_links.txt
writing entry points to ../../build/gazebo_tutorial/gazebo_tutorial.egg-info/entry_points.txt
writing requirements to ../../build/gazebo_tutorial/gazebo_tutorial.egg-info/requires.txt
writing top-level names to ../../build/gazebo_tutorial/gazebo_tutorial.egg-info/top_level.txt
reading manifest file '../../build/gazebo_tutorial/gazebo_tutorial.egg-info/SOURCES.txt'
writing manifest file '../../build/gazebo_tutorial/gazebo_tutorial.egg-info/SOURCES.txt'
running build
running build_py
running install
running install_lib
running install_data
copying vision60/vision60_double.xacro -> /home/kisangpark/ros2_ws/install/gazebo_tutorial/share/gazebo_tutorial/vision60
running install_egg_info
removing '/home/kisangpark/ros2_ws/install/gazebo_tutorial/lib/python3.10/site-packages/gazebo_tutorial-0.0.0-py3.10.egg-info' (and everything under it)
Copying ../../build/gazebo_tutorial/gazebo_tutorial.egg-info to /home/kisangpark/ros2_ws/install/gazebo_tutorial/lib/python3.10/site-packages/gazebo_tutorial-0.0.0-py3.10.egg-info
running install_scripts
Installing controller script to /home/kisangpark/ros2_ws/install/gazebo_tutorial/lib/gazebo_tutorial
writing list of installed files to '/home/kisangpark/ros2_ws/build/gazebo_tutorial/install.log'
