[3.188s] Invoking command in '/home/kisangpark/ros2_ws/src/camera': PYTHONPATH=/home/kisangpark/ros2_ws/build/camera/prefix_override:/usr/lib/python3/dist-packages/colcon_core/task/python/colcon_distutils_commands:/home/kisangpark/ros2_ws/install/camera/lib/python3.10/site-packages:${PYTHONPATH} /usr/bin/python3 -W ignore:setup.py install is deprecated -W ignore:easy_install command is deprecated setup.py egg_info --egg-base ../../build/camera build --build-base /home/kisangpark/ros2_ws/build/camera/build install --record /home/kisangpark/ros2_ws/build/camera/install.log --single-version-externally-managed install_data
[4.212s] running egg_info
[4.215s] writing ../../build/camera/camera.egg-info/PKG-INFO
[4.216s] writing dependency_links to ../../build/camera/camera.egg-info/dependency_links.txt
[4.217s] writing entry points to ../../build/camera/camera.egg-info/entry_points.txt
[4.218s] writing requirements to ../../build/camera/camera.egg-info/requires.txt
[4.219s] writing top-level names to ../../build/camera/camera.egg-info/top_level.txt
[4.236s] reading manifest file '../../build/camera/camera.egg-info/SOURCES.txt'
[4.242s] writing manifest file '../../build/camera/camera.egg-info/SOURCES.txt'
[4.243s] running build
[4.245s] running build_py
[4.247s] running install
[4.248s] running install_lib
[4.254s] running install_data
[4.255s] running install_egg_info
[4.262s] removing '/home/kisangpark/ros2_ws/install/camera/lib/python3.10/site-packages/camera-0.0.0-py3.10.egg-info' (and everything under it)
[4.265s] Copying ../../build/camera/camera.egg-info to /home/kisangpark/ros2_ws/install/camera/lib/python3.10/site-packages/camera-0.0.0-py3.10.egg-info
[4.267s] running install_scripts
[4.354s] writing list of installed files to '/home/kisangpark/ros2_ws/build/camera/install.log'
[4.447s] Invoked command in '/home/kisangpark/ros2_ws/src/camera' returned '0': PYTHONPATH=/home/kisangpark/ros2_ws/build/camera/prefix_override:/usr/lib/python3/dist-packages/colcon_core/task/python/colcon_distutils_commands:/home/kisangpark/ros2_ws/install/camera/lib/python3.10/site-packages:${PYTHONPATH} /usr/bin/python3 -W ignore:setup.py install is deprecated -W ignore:easy_install command is deprecated setup.py egg_info --egg-base ../../build/camera build --build-base /home/kisangpark/ros2_ws/build/camera/build install --record /home/kisangpark/ros2_ws/build/camera/install.log --single-version-externally-managed install_data
