[0.786s] Invoking command in '/home/inhwan/ros2_ws1/src/gazebo_tutorial': PYTHONPATH=/home/inhwan/ros2_ws1/build/gazebo_tutorial/prefix_override:/usr/lib/python3/dist-packages/colcon_core/task/python/colcon_distutils_commands:/home/inhwan/ros2_ws1/install/gazebo_tutorial/lib/python3.8/site-packages:${PYTHONPATH} /usr/bin/python3 -W ignore:setup.py install is deprecated -W ignore:easy_install command is deprecated setup.py egg_info --egg-base ../../build/gazebo_tutorial build --build-base /home/inhwan/ros2_ws1/build/gazebo_tutorial/build install --record /home/inhwan/ros2_ws1/build/gazebo_tutorial/install.log --single-version-externally-managed install_data
[0.941s] running egg_info
[0.941s] writing ../../build/gazebo_tutorial/gazebo_tutorial.egg-info/PKG-INFO
[0.941s] writing dependency_links to ../../build/gazebo_tutorial/gazebo_tutorial.egg-info/dependency_links.txt
[0.941s] writing entry points to ../../build/gazebo_tutorial/gazebo_tutorial.egg-info/entry_points.txt
[0.941s] writing requirements to ../../build/gazebo_tutorial/gazebo_tutorial.egg-info/requires.txt
[0.941s] writing top-level names to ../../build/gazebo_tutorial/gazebo_tutorial.egg-info/top_level.txt
[0.965s] reading manifest file '../../build/gazebo_tutorial/gazebo_tutorial.egg-info/SOURCES.txt'
[0.966s] writing manifest file '../../build/gazebo_tutorial/gazebo_tutorial.egg-info/SOURCES.txt'
[0.966s] running build
[0.966s] running build_py
[0.966s] running install
[0.967s] running install_lib
[0.968s] running install_data
[0.968s] running install_egg_info
[0.969s] removing '/home/inhwan/ros2_ws1/install/gazebo_tutorial/lib/python3.8/site-packages/gazebo_tutorial-0.0.0-py3.8.egg-info' (and everything under it)
[0.969s] Copying ../../build/gazebo_tutorial/gazebo_tutorial.egg-info to /home/inhwan/ros2_ws1/install/gazebo_tutorial/lib/python3.8/site-packages/gazebo_tutorial-0.0.0-py3.8.egg-info
[0.970s] running install_scripts
[0.981s] Installing controller script to /home/inhwan/ros2_ws1/install/gazebo_tutorial/lib/gazebo_tutorial
[0.981s] writing list of installed files to '/home/inhwan/ros2_ws1/build/gazebo_tutorial/install.log'
[0.996s] Invoked command in '/home/inhwan/ros2_ws1/src/gazebo_tutorial' returned '0': PYTHONPATH=/home/inhwan/ros2_ws1/build/gazebo_tutorial/prefix_override:/usr/lib/python3/dist-packages/colcon_core/task/python/colcon_distutils_commands:/home/inhwan/ros2_ws1/install/gazebo_tutorial/lib/python3.8/site-packages:${PYTHONPATH} /usr/bin/python3 -W ignore:setup.py install is deprecated -W ignore:easy_install command is deprecated setup.py egg_info --egg-base ../../build/gazebo_tutorial build --build-base /home/inhwan/ros2_ws1/build/gazebo_tutorial/build install --record /home/inhwan/ros2_ws1/build/gazebo_tutorial/install.log --single-version-externally-managed install_data
