/home/kisangpark/ros2_ws/install/my_robot/lib/python3.10/site-packages/my_robot/camera_process.py
/home/kisangpark/ros2_ws/install/my_robot/lib/python3.10/site-packages/my_robot/__init__.py
/home/kisangpark/ros2_ws/install/my_robot/lib/python3.10/site-packages/my_robot/__pycache__/camera_process.cpython-310.pyc
/home/kisangpark/ros2_ws/install/my_robot/lib/python3.10/site-packages/my_robot/__pycache__/__init__.cpython-310.pyc
/home/kisangpark/ros2_ws/install/my_robot/share/ament_index/resource_index/packages/my_robot
/home/kisangpark/ros2_ws/install/my_robot/share/my_robot/package.xml
/home/kisangpark/ros2_ws/install/my_robot/share/my_robot/launch/robot_2.launch.py
/home/kisangpark/ros2_ws/install/my_robot/share/my_robot/launch/kisang_test.launch.py
/home/kisangpark/ros2_ws/install/my_robot/share/my_robot/launch/operating.launch.py
/home/kisangpark/ros2_ws/install/my_robot/share/my_robot/urdf/lidar.xacro
/home/kisangpark/ros2_ws/install/my_robot/share/my_robot/urdf/gazebo.xacro
/home/kisangpark/ros2_ws/install/my_robot/share/my_robot/urdf/my_robot_2.xacro
/home/kisangpark/ros2_ws/install/my_robot/share/my_robot/urdf/macros.xacro
/home/kisangpark/ros2_ws/install/my_robot/lib/python3.10/site-packages/my_robot-0.0.0-py3.10.egg-info/entry_points.txt
/home/kisangpark/ros2_ws/install/my_robot/lib/python3.10/site-packages/my_robot-0.0.0-py3.10.egg-info/zip-safe
/home/kisangpark/ros2_ws/install/my_robot/lib/python3.10/site-packages/my_robot-0.0.0-py3.10.egg-info/SOURCES.txt
/home/kisangpark/ros2_ws/install/my_robot/lib/python3.10/site-packages/my_robot-0.0.0-py3.10.egg-info/top_level.txt
/home/kisangpark/ros2_ws/install/my_robot/lib/python3.10/site-packages/my_robot-0.0.0-py3.10.egg-info/PKG-INFO
/home/kisangpark/ros2_ws/install/my_robot/lib/python3.10/site-packages/my_robot-0.0.0-py3.10.egg-info/requires.txt
/home/kisangpark/ros2_ws/install/my_robot/lib/python3.10/site-packages/my_robot-0.0.0-py3.10.egg-info/dependency_links.txt
/home/kisangpark/ros2_ws/install/my_robot/lib/my_robot/image_processor
