[0.890s] Invoking command in '/home/inhwan/ros2_ws1/src/my_robot': PYTHONPATH=/home/inhwan/ros2_ws1/build/my_robot/prefix_override:/usr/lib/python3/dist-packages/colcon_core/task/python/colcon_distutils_commands:/home/inhwan/ros2_ws1/install/my_robot/lib/python3.8/site-packages:${PYTHONPATH} /usr/bin/python3 -W ignore:setup.py install is deprecated -W ignore:easy_install command is deprecated setup.py egg_info --egg-base ../../build/my_robot build --build-base /home/inhwan/ros2_ws1/build/my_robot/build install --record /home/inhwan/ros2_ws1/build/my_robot/install.log --install-scripts $base/lib/my_robot --single-version-externally-managed install_data
[1.174s] running egg_info
[1.174s] writing ../../build/my_robot/my_robot.egg-info/PKG-INFO
[1.174s] writing dependency_links to ../../build/my_robot/my_robot.egg-info/dependency_links.txt
[1.175s] writing entry points to ../../build/my_robot/my_robot.egg-info/entry_points.txt
[1.175s] writing requirements to ../../build/my_robot/my_robot.egg-info/requires.txt
[1.175s] writing top-level names to ../../build/my_robot/my_robot.egg-info/top_level.txt
[1.220s] reading manifest file '../../build/my_robot/my_robot.egg-info/SOURCES.txt'
[1.220s] writing manifest file '../../build/my_robot/my_robot.egg-info/SOURCES.txt'
[1.221s] running build
[1.221s] running build_py
[1.221s] running install
[1.221s] running install_lib
[1.222s] running install_data
[1.222s] running install_egg_info
[1.226s] removing '/home/inhwan/ros2_ws1/install/my_robot/lib/python3.8/site-packages/my_robot-0.0.0-py3.8.egg-info' (and everything under it)
[1.226s] Copying ../../build/my_robot/my_robot.egg-info to /home/inhwan/ros2_ws1/install/my_robot/lib/python3.8/site-packages/my_robot-0.0.0-py3.8.egg-info
[1.227s] running install_scripts
[1.252s] writing list of installed files to '/home/inhwan/ros2_ws1/build/my_robot/install.log'
[1.291s] Invoked command in '/home/inhwan/ros2_ws1/src/my_robot' returned '0': PYTHONPATH=/home/inhwan/ros2_ws1/build/my_robot/prefix_override:/usr/lib/python3/dist-packages/colcon_core/task/python/colcon_distutils_commands:/home/inhwan/ros2_ws1/install/my_robot/lib/python3.8/site-packages:${PYTHONPATH} /usr/bin/python3 -W ignore:setup.py install is deprecated -W ignore:easy_install command is deprecated setup.py egg_info --egg-base ../../build/my_robot build --build-base /home/inhwan/ros2_ws1/build/my_robot/build install --record /home/inhwan/ros2_ws1/build/my_robot/install.log --install-scripts $base/lib/my_robot --single-version-externally-managed install_data
