running egg_info
creating ../../build/my_robot/my_robot.egg-info
writing ../../build/my_robot/my_robot.egg-info/PKG-INFO
writing dependency_links to ../../build/my_robot/my_robot.egg-info/dependency_links.txt
writing entry points to ../../build/my_robot/my_robot.egg-info/entry_points.txt
writing requirements to ../../build/my_robot/my_robot.egg-info/requires.txt
writing top-level names to ../../build/my_robot/my_robot.egg-info/top_level.txt
writing manifest file '../../build/my_robot/my_robot.egg-info/SOURCES.txt'
reading manifest file '../../build/my_robot/my_robot.egg-info/SOURCES.txt'
writing manifest file '../../build/my_robot/my_robot.egg-info/SOURCES.txt'
running build
running build_py
creating /home/inhwan/ros2_ws1/build/my_robot/build
creating /home/inhwan/ros2_ws1/build/my_robot/build/lib
creating /home/inhwan/ros2_ws1/build/my_robot/build/lib/my_robot
copying my_robot/__init__.py -> /home/inhwan/ros2_ws1/build/my_robot/build/lib/my_robot
running install
running install_lib
creating /home/inhwan/ros2_ws1/install/my_robot/lib/python3.8/site-packages/my_robot
copying /home/inhwan/ros2_ws1/build/my_robot/build/lib/my_robot/__init__.py -> /home/inhwan/ros2_ws1/install/my_robot/lib/python3.8/site-packages/my_robot
byte-compiling /home/inhwan/ros2_ws1/install/my_robot/lib/python3.8/site-packages/my_robot/__init__.py to __init__.cpython-38.pyc
running install_data
creating /home/inhwan/ros2_ws1/install/my_robot/share/ament_index
creating /home/inhwan/ros2_ws1/install/my_robot/share/ament_index/resource_index
creating /home/inhwan/ros2_ws1/install/my_robot/share/ament_index/resource_index/packages
copying resource/my_robot -> /home/inhwan/ros2_ws1/install/my_robot/share/ament_index/resource_index/packages
copying package.xml -> /home/inhwan/ros2_ws1/install/my_robot/share/my_robot
creating /home/inhwan/ros2_ws1/install/my_robot/share/my_robot/launch
copying launch/robot_2.launch.py -> /home/inhwan/ros2_ws1/install/my_robot/share/my_robot/launch
copying launch/operating.launch.py -> /home/inhwan/ros2_ws1/install/my_robot/share/my_robot/launch
creating /home/inhwan/ros2_ws1/install/my_robot/share/my_robot/urdf
copying urdf/lidar.xacro -> /home/inhwan/ros2_ws1/install/my_robot/share/my_robot/urdf
copying urdf/macros.xacro -> /home/inhwan/ros2_ws1/install/my_robot/share/my_robot/urdf
copying urdf/my_robot_2.xacro -> /home/inhwan/ros2_ws1/install/my_robot/share/my_robot/urdf
copying urdf/gazebo.xacro -> /home/inhwan/ros2_ws1/install/my_robot/share/my_robot/urdf
running install_egg_info
Copying ../../build/my_robot/my_robot.egg-info to /home/inhwan/ros2_ws1/install/my_robot/lib/python3.8/site-packages/my_robot-0.0.0-py3.8.egg-info
running install_scripts
writing list of installed files to '/home/inhwan/ros2_ws1/build/my_robot/install.log'
