[0.601s] Invoking command in '/home/inhwan/ros2_ws1/src/my_robot': PYTHONPATH=/home/inhwan/ros2_ws1/build/my_robot/prefix_override:/usr/lib/python3/dist-packages/colcon_core/task/python/colcon_distutils_commands:/home/inhwan/ros2_ws1/install/my_robot/lib/python3.8/site-packages:${PYTHONPATH} /usr/bin/python3 -W ignore:setup.py install is deprecated -W ignore:easy_install command is deprecated setup.py egg_info --egg-base ../../build/my_robot build --build-base /home/inhwan/ros2_ws1/build/my_robot/build install --record /home/inhwan/ros2_ws1/build/my_robot/install.log --install-scripts $base/lib/my_robot --single-version-externally-managed install_data
[0.749s] running egg_info
[0.749s] creating ../../build/my_robot/my_robot.egg-info
[0.749s] writing ../../build/my_robot/my_robot.egg-info/PKG-INFO
[0.749s] writing dependency_links to ../../build/my_robot/my_robot.egg-info/dependency_links.txt
[0.749s] writing entry points to ../../build/my_robot/my_robot.egg-info/entry_points.txt
[0.749s] writing requirements to ../../build/my_robot/my_robot.egg-info/requires.txt
[0.749s] writing top-level names to ../../build/my_robot/my_robot.egg-info/top_level.txt
[0.750s] writing manifest file '../../build/my_robot/my_robot.egg-info/SOURCES.txt'
[0.773s] reading manifest file '../../build/my_robot/my_robot.egg-info/SOURCES.txt'
[0.774s] writing manifest file '../../build/my_robot/my_robot.egg-info/SOURCES.txt'
[0.774s] running build
[0.774s] running build_py
[0.774s] creating /home/inhwan/ros2_ws1/build/my_robot/build
[0.774s] creating /home/inhwan/ros2_ws1/build/my_robot/build/lib
[0.774s] creating /home/inhwan/ros2_ws1/build/my_robot/build/lib/my_robot
[0.774s] copying my_robot/__init__.py -> /home/inhwan/ros2_ws1/build/my_robot/build/lib/my_robot
[0.774s] running install
[0.775s] running install_lib
[0.775s] creating /home/inhwan/ros2_ws1/install/my_robot/lib/python3.8/site-packages/my_robot
[0.775s] copying /home/inhwan/ros2_ws1/build/my_robot/build/lib/my_robot/__init__.py -> /home/inhwan/ros2_ws1/install/my_robot/lib/python3.8/site-packages/my_robot
[0.776s] byte-compiling /home/inhwan/ros2_ws1/install/my_robot/lib/python3.8/site-packages/my_robot/__init__.py to __init__.cpython-38.pyc
[0.776s] running install_data
[0.776s] creating /home/inhwan/ros2_ws1/install/my_robot/share/ament_index
[0.776s] creating /home/inhwan/ros2_ws1/install/my_robot/share/ament_index/resource_index
[0.776s] creating /home/inhwan/ros2_ws1/install/my_robot/share/ament_index/resource_index/packages
[0.777s] copying resource/my_robot -> /home/inhwan/ros2_ws1/install/my_robot/share/ament_index/resource_index/packages
[0.777s] copying package.xml -> /home/inhwan/ros2_ws1/install/my_robot/share/my_robot
[0.777s] creating /home/inhwan/ros2_ws1/install/my_robot/share/my_robot/launch
[0.777s] copying launch/robot_2.launch.py -> /home/inhwan/ros2_ws1/install/my_robot/share/my_robot/launch
[0.777s] copying launch/operating.launch.py -> /home/inhwan/ros2_ws1/install/my_robot/share/my_robot/launch
[0.777s] creating /home/inhwan/ros2_ws1/install/my_robot/share/my_robot/urdf
[0.777s] copying urdf/lidar.xacro -> /home/inhwan/ros2_ws1/install/my_robot/share/my_robot/urdf
[0.777s] copying urdf/macros.xacro -> /home/inhwan/ros2_ws1/install/my_robot/share/my_robot/urdf
[0.777s] copying urdf/my_robot_2.xacro -> /home/inhwan/ros2_ws1/install/my_robot/share/my_robot/urdf
[0.777s] copying urdf/gazebo.xacro -> /home/inhwan/ros2_ws1/install/my_robot/share/my_robot/urdf
[0.777s] running install_egg_info
[0.778s] Copying ../../build/my_robot/my_robot.egg-info to /home/inhwan/ros2_ws1/install/my_robot/lib/python3.8/site-packages/my_robot-0.0.0-py3.8.egg-info
[0.778s] running install_scripts
[0.790s] writing list of installed files to '/home/inhwan/ros2_ws1/build/my_robot/install.log'
[0.805s] Invoked command in '/home/inhwan/ros2_ws1/src/my_robot' returned '0': PYTHONPATH=/home/inhwan/ros2_ws1/build/my_robot/prefix_override:/usr/lib/python3/dist-packages/colcon_core/task/python/colcon_distutils_commands:/home/inhwan/ros2_ws1/install/my_robot/lib/python3.8/site-packages:${PYTHONPATH} /usr/bin/python3 -W ignore:setup.py install is deprecated -W ignore:easy_install command is deprecated setup.py egg_info --egg-base ../../build/my_robot build --build-base /home/inhwan/ros2_ws1/build/my_robot/build install --record /home/inhwan/ros2_ws1/build/my_robot/install.log --install-scripts $base/lib/my_robot --single-version-externally-managed install_data
