/home/kisangpark/ros2_ws/install/camera/lib/python3.10/site-packages/camera/cam_process.py
/home/kisangpark/ros2_ws/install/camera/lib/python3.10/site-packages/camera/__init__.py
/home/kisangpark/ros2_ws/install/camera/lib/python3.10/site-packages/camera/__pycache__/cam_process.cpython-310.pyc
/home/kisangpark/ros2_ws/install/camera/lib/python3.10/site-packages/camera/__pycache__/__init__.cpython-310.pyc
/home/kisangpark/ros2_ws/install/camera/share/ament_index/resource_index/packages/camera
/home/kisangpark/ros2_ws/install/camera/share/camera/package.xml
/home/kisangpark/ros2_ws/install/camera/share/camera/launch/robot.launch.py
/home/kisangpark/ros2_ws/install/camera/share/camera/launch/base.launch.py
/home/kisangpark/ros2_ws/install/camera/share/camera/xacro/camera.xacro
/home/kisangpark/ros2_ws/install/camera/share/camera/xacro/gazebo.xacro
/home/kisangpark/ros2_ws/install/camera/share/camera/xacro/macros.xacro
/home/kisangpark/ros2_ws/install/camera/share/camera/xacro/simul.xacro
/home/kisangpark/ros2_ws/install/camera/share/camera/xacro/lidar_reference.xacro
/home/kisangpark/ros2_ws/install/camera/lib/python3.10/site-packages/camera-0.0.0-py3.10.egg-info/entry_points.txt
/home/kisangpark/ros2_ws/install/camera/lib/python3.10/site-packages/camera-0.0.0-py3.10.egg-info/zip-safe
/home/kisangpark/ros2_ws/install/camera/lib/python3.10/site-packages/camera-0.0.0-py3.10.egg-info/SOURCES.txt
/home/kisangpark/ros2_ws/install/camera/lib/python3.10/site-packages/camera-0.0.0-py3.10.egg-info/top_level.txt
/home/kisangpark/ros2_ws/install/camera/lib/python3.10/site-packages/camera-0.0.0-py3.10.egg-info/PKG-INFO
/home/kisangpark/ros2_ws/install/camera/lib/python3.10/site-packages/camera-0.0.0-py3.10.egg-info/requires.txt
/home/kisangpark/ros2_ws/install/camera/lib/python3.10/site-packages/camera-0.0.0-py3.10.egg-info/dependency_links.txt
/home/kisangpark/ros2_ws/install/camera/lib/camera/image_processor
