[1.066s] Invoking command in '/home/kisangpark/ros2_ws/src/camera': PYTHONPATH=/home/kisangpark/ros2_ws/build/camera/prefix_override:/usr/lib/python3/dist-packages/colcon_core/task/python/colcon_distutils_commands:/home/kisangpark/ros2_ws/install/camera/lib/python3.10/site-packages:${PYTHONPATH} /usr/bin/python3 -W ignore:setup.py install is deprecated -W ignore:easy_install command is deprecated setup.py egg_info --egg-base ../../build/camera build --build-base /home/kisangpark/ros2_ws/build/camera/build install --record /home/kisangpark/ros2_ws/build/camera/install.log --single-version-externally-managed install_data
[1.531s] running egg_info
[1.532s] writing ../../build/camera/camera.egg-info/PKG-INFO
[1.533s] writing dependency_links to ../../build/camera/camera.egg-info/dependency_links.txt
[1.535s] writing entry points to ../../build/camera/camera.egg-info/entry_points.txt
[1.536s] writing requirements to ../../build/camera/camera.egg-info/requires.txt
[1.536s] writing top-level names to ../../build/camera/camera.egg-info/top_level.txt
[1.542s] reading manifest file '../../build/camera/camera.egg-info/SOURCES.txt'
[1.546s] writing manifest file '../../build/camera/camera.egg-info/SOURCES.txt'
[1.546s] running build
[1.546s] running build_py
[1.549s] running install
[1.550s] running install_lib
[1.552s] running install_data
[1.553s] copying xacro/simul.xacro -> /home/kisangpark/ros2_ws/install/camera/share/camera/xacro
[1.554s] running install_egg_info
[1.564s] removing '/home/kisangpark/ros2_ws/install/camera/lib/python3.10/site-packages/camera-0.0.0-py3.10.egg-info' (and everything under it)
[1.564s] Copying ../../build/camera/camera.egg-info to /home/kisangpark/ros2_ws/install/camera/lib/python3.10/site-packages/camera-0.0.0-py3.10.egg-info
[1.569s] running install_scripts
[1.628s] writing list of installed files to '/home/kisangpark/ros2_ws/build/camera/install.log'
[1.668s] Invoked command in '/home/kisangpark/ros2_ws/src/camera' returned '0': PYTHONPATH=/home/kisangpark/ros2_ws/build/camera/prefix_override:/usr/lib/python3/dist-packages/colcon_core/task/python/colcon_distutils_commands:/home/kisangpark/ros2_ws/install/camera/lib/python3.10/site-packages:${PYTHONPATH} /usr/bin/python3 -W ignore:setup.py install is deprecated -W ignore:easy_install command is deprecated setup.py egg_info --egg-base ../../build/camera build --build-base /home/kisangpark/ros2_ws/build/camera/build install --record /home/kisangpark/ros2_ws/build/camera/install.log --single-version-externally-managed install_data
