[1.399s] Invoking command in '/home/kisangpark/ros2_ws/src/camera': PYTHONPATH=/home/kisangpark/ros2_ws/build/camera/prefix_override:/usr/lib/python3/dist-packages/colcon_core/task/python/colcon_distutils_commands:/home/kisangpark/ros2_ws/install/camera/lib/python3.10/site-packages:${PYTHONPATH} /usr/bin/python3 -W ignore:setup.py install is deprecated -W ignore:easy_install command is deprecated setup.py egg_info --egg-base ../../build/camera build --build-base /home/kisangpark/ros2_ws/build/camera/build install --record /home/kisangpark/ros2_ws/build/camera/install.log --single-version-externally-managed install_data
[1.733s] running egg_info
[1.734s] writing ../../build/camera/camera.egg-info/PKG-INFO
[1.734s] writing dependency_links to ../../build/camera/camera.egg-info/dependency_links.txt
[1.734s] writing entry points to ../../build/camera/camera.egg-info/entry_points.txt
[1.734s] writing requirements to ../../build/camera/camera.egg-info/requires.txt
[1.735s] writing top-level names to ../../build/camera/camera.egg-info/top_level.txt
[1.738s] reading manifest file '../../build/camera/camera.egg-info/SOURCES.txt'
[1.747s] writing manifest file '../../build/camera/camera.egg-info/SOURCES.txt'
[1.748s] running build
[1.749s] running build_py
[1.749s] running install
[1.750s] running install_lib
[1.753s] running install_data
[1.753s] copying xacro/simul.xacro -> /home/kisangpark/ros2_ws/install/camera/share/camera/xacro
[1.753s] running install_egg_info
[1.756s] removing '/home/kisangpark/ros2_ws/install/camera/lib/python3.10/site-packages/camera-0.0.0-py3.10.egg-info' (and everything under it)
[1.757s] Copying ../../build/camera/camera.egg-info to /home/kisangpark/ros2_ws/install/camera/lib/python3.10/site-packages/camera-0.0.0-py3.10.egg-info
[1.757s] running install_scripts
[1.790s] writing list of installed files to '/home/kisangpark/ros2_ws/build/camera/install.log'
[1.823s] Invoked command in '/home/kisangpark/ros2_ws/src/camera' returned '0': PYTHONPATH=/home/kisangpark/ros2_ws/build/camera/prefix_override:/usr/lib/python3/dist-packages/colcon_core/task/python/colcon_distutils_commands:/home/kisangpark/ros2_ws/install/camera/lib/python3.10/site-packages:${PYTHONPATH} /usr/bin/python3 -W ignore:setup.py install is deprecated -W ignore:easy_install command is deprecated setup.py egg_info --egg-base ../../build/camera build --build-base /home/kisangpark/ros2_ws/build/camera/build install --record /home/kisangpark/ros2_ws/build/camera/install.log --single-version-externally-managed install_data
