[3.358s] Invoking command in '/home/kisangpark/ros2_ws/src/ridar': PYTHONPATH=/home/kisangpark/ros2_ws/build/ridar/prefix_override:/usr/lib/python3/dist-packages/colcon_core/task/python/colcon_distutils_commands:/home/kisangpark/ros2_ws/install/ridar/lib/python3.10/site-packages:${PYTHONPATH} /usr/bin/python3 -W ignore:setup.py install is deprecated -W ignore:easy_install command is deprecated setup.py egg_info --egg-base ../../build/ridar build --build-base /home/kisangpark/ros2_ws/build/ridar/build install --record /home/kisangpark/ros2_ws/build/ridar/install.log --install-scripts $base/lib/ridar --single-version-externally-managed install_data
[4.360s] /usr/lib/python3/dist-packages/setuptools/dist.py:723: UserWarning: Usage of dash-separated 'script-dir' will not be supported in future versions. Please use the underscore name 'script_dir' instead
[4.360s]   warnings.warn(
[4.394s] running egg_info
[4.405s] writing ../../build/ridar/ridar.egg-info/PKG-INFO
[4.408s] writing dependency_links to ../../build/ridar/ridar.egg-info/dependency_links.txt
[4.408s] writing entry points to ../../build/ridar/ridar.egg-info/entry_points.txt
[4.411s] writing requirements to ../../build/ridar/ridar.egg-info/requires.txt
[4.412s] writing top-level names to ../../build/ridar/ridar.egg-info/top_level.txt
[4.421s] reading manifest file '../../build/ridar/ridar.egg-info/SOURCES.txt'
[4.426s] writing manifest file '../../build/ridar/ridar.egg-info/SOURCES.txt'
[4.426s] running build
[4.426s] running build_py
[4.427s] running install
[4.428s] running install_lib
[4.431s] creating /home/kisangpark/ros2_ws/install/ridar/lib/python3.10/site-packages/ridar
[4.431s] copying /home/kisangpark/ros2_ws/build/ridar/build/lib/ridar/__init__.py -> /home/kisangpark/ros2_ws/install/ridar/lib/python3.10/site-packages/ridar
[4.433s] byte-compiling /home/kisangpark/ros2_ws/install/ridar/lib/python3.10/site-packages/ridar/__init__.py to __init__.cpython-310.pyc
[4.433s] running install_data
[4.434s] running install_egg_info
[4.441s] Copying ../../build/ridar/ridar.egg-info to /home/kisangpark/ros2_ws/install/ridar/lib/python3.10/site-packages/ridar-0.0.0-py3.10.egg-info
[4.445s] running install_scripts
[4.523s] writing list of installed files to '/home/kisangpark/ros2_ws/build/ridar/install.log'
[4.615s] Invoked command in '/home/kisangpark/ros2_ws/src/ridar' returned '0': PYTHONPATH=/home/kisangpark/ros2_ws/build/ridar/prefix_override:/usr/lib/python3/dist-packages/colcon_core/task/python/colcon_distutils_commands:/home/kisangpark/ros2_ws/install/ridar/lib/python3.10/site-packages:${PYTHONPATH} /usr/bin/python3 -W ignore:setup.py install is deprecated -W ignore:easy_install command is deprecated setup.py egg_info --egg-base ../../build/ridar build --build-base /home/kisangpark/ros2_ws/build/ridar/build install --record /home/kisangpark/ros2_ws/build/ridar/install.log --install-scripts $base/lib/ridar --single-version-externally-managed install_data
